#
# There is insufficient memory for the Java Runtime Environment to continue.
# Native memory allocation (malloc) failed to allocate 1872656 bytes for Chunk::new
# Possible reasons:
#   The system is out of physical RAM or swap space
#   The process is running with CompressedOops enabled, and the Java Heap may be blocking the growth of the native heap
# Possible solutions:
#   Reduce memory load on the system
#   Increase physical memory or swap space
#   Check if swap backing store is full
#   Decrease Java heap size (-Xmx/-Xms)
#   Decrease number of Java threads
#   Decrease Java thread stack sizes (-Xss)
#   Set larger code cache with -XX:ReservedCodeCacheSize=
#   JVM is running with Unscaled Compressed Oops mode in which the Java heap is
#     placed in the first 4GB address space. The Java Heap base address is the
#     maximum limit for the native heap growth. Please use -XX:HeapBaseMinAddress
#     to set the Java Heap base and to place the Java Heap above 4GB virtual address.
# This output file may be truncated or incomplete.
#
#  Out of Memory Error (allocation.cpp:389), pid=8200, tid=0x0000000000001b40
#
# JRE version: OpenJDK Runtime Environment (8.0_202-b03) (build 1.8.0_202-release-1483-b03)
# Java VM: OpenJDK 64-Bit Server VM (25.202-b03 mixed mode windows-amd64 compressed oops)
# Failed to write core dump. Minidumps are not enabled by default on client versions of Windows
#

---------------  T H R E A D  ---------------

Current thread (0x0000000018881800):  JavaThread "C2 CompilerThread1" daemon [_thread_in_native, id=6976, stack(0x0000000019240000,0x0000000019340000)]

Stack: [0x0000000019240000,0x0000000019340000]
[error occurred during error reporting (printing stack bounds), id 0xc0000005]

Native frames: (J=compiled Java code, j=interpreted, Vv=VM code, C=native code)


Current CompileTask:
C2:   1554 1362       4       java.net.URLClassLoader$1::run (5 bytes)


---------------  P R O C E S S  ---------------

Java Threads: ( => current thread )
  0x0000000019a3b000 JavaThread "Cache worker for file hash cache (C:\Users\ROHIT\AndroidStudioProjects\Grocery\.gradle\5.4.1\fileHashes)" [_thread_blocked, id=8104, stack(0x000000001fac0000,0x000000001fbc0000)]
  0x0000000019a39000 JavaThread "Cache worker for journal cache (C:\Users\ROHIT\.gradle\caches\journal-1)" [_thread_blocked, id=1080, stack(0x000000001c650000,0x000000001c750000)]
  0x0000000019a3d000 JavaThread "File lock request listener" [_thread_in_native, id=8196, stack(0x000000001c550000,0x000000001c650000)]
  0x000000001a26a800 JavaThread "Cache worker for file hash cache (C:\Users\ROHIT\.gradle\caches\5.4.1\fileHashes)" [_thread_blocked, id=7624, stack(0x000000001c450000,0x000000001c550000)]
  0x000000001abc6000 JavaThread "Thread-9" [_thread_blocked, id=1252, stack(0x000000001c350000,0x000000001c450000)]
  0x000000001aba7000 JavaThread "Stdin handler" [_thread_blocked, id=9184, stack(0x000000001c250000,0x000000001c350000)]
  0x000000001a9ba000 JavaThread "Asynchronous log dispatcher for DefaultDaemonConnection: socket connection from /127.0.0.1:51815 to /127.0.0.1:51816" [_thread_blocked, id=2724, stack(0x000000001c150000,0x000000001c250000)]
  0x000000001a9b9000 JavaThread "Daemon worker" [_thread_in_vm, id=6216, stack(0x000000001c050000,0x000000001c150000)]
  0x000000001a9b8000 JavaThread "Cancel handler" [_thread_blocked, id=2248, stack(0x000000001bf50000,0x000000001c050000)]
  0x0000000018984000 JavaThread "Handler for socket connection from /127.0.0.1:51815 to /127.0.0.1:51816" [_thread_in_native, id=8960, stack(0x000000001bc50000,0x000000001bd50000)]
  0x0000000018b93000 JavaThread "Daemon" [_thread_blocked, id=5268, stack(0x000000001bb50000,0x000000001bc50000)]
  0x0000000019895000 JavaThread "Daemon periodic checks" [_thread_blocked, id=7632, stack(0x000000001ba50000,0x000000001bb50000)]
  0x000000001991e800 JavaThread "Incoming local TCP Connector on port 51815" [_thread_in_native, id=6104, stack(0x000000001b550000,0x000000001b650000)]
  0x000000001a937800 JavaThread "Daemon health stats" [_thread_blocked, id=6096, stack(0x000000001af10000,0x000000001b010000)]
  0x0000000016a9e800 JavaThread "Service Thread" daemon [_thread_blocked, id=9304, stack(0x0000000019540000,0x0000000019640000)]
  0x0000000016a9b000 JavaThread "C1 CompilerThread3" daemon [_thread_in_vm, id=8684, stack(0x0000000019440000,0x0000000019540000)]
  0x0000000018882800 JavaThread "C2 CompilerThread2" daemon [_thread_in_native, id=9368, stack(0x0000000019340000,0x0000000019440000)]
=>0x0000000018881800 JavaThread "C2 CompilerThread1" daemon [_thread_in_native, id=6976, stack(0x0000000019240000,0x0000000019340000)]
  0x000000001887e000 JavaThread "C2 CompilerThread0" daemon [_thread_blocked, id=5996, stack(0x0000000019140000,0x0000000019240000)]
  0x000000001887d000 JavaThread "Attach Listener" daemon [_thread_blocked, id=688, stack(0x0000000019040000,0x0000000019140000)]
  0x000000001887b800 JavaThread "Signal Dispatcher" daemon [_thread_blocked, id=7924, stack(0x0000000018f40000,0x0000000019040000)]
  0x0000000002bcd800 JavaThread "Finalizer" daemon [_thread_blocked, id=9416, stack(0x0000000018d50000,0x0000000018e50000)]
  0x0000000016a8c000 JavaThread "Reference Handler" daemon [_thread_blocked, id=6340, stack(0x0000000018c50000,0x0000000018d50000)]
  0x0000000002c4d800 JavaThread "main" [_thread_blocked, id=6720, stack(0x0000000001290000,0x0000000001390000)]

Other Threads:
  0x0000000016a87800 VMThread [stack: 0x0000000018750000,0x0000000018850000] [id=2732]
  0x000000001889d000 WatcherThread [stack: 0x0000000019640000,0x0000000019740000] [id=4188]

VM state:not at safepoint (normal execution)

VM Mutex/Monitor currently owned by a thread: None

heap address: 0x00000000a0000000, size: 1536 MB, Compressed Oops mode: 32-bit
Narrow klass base: 0x0000000000000000, Narrow klass shift: 3
Compressed class space size: 1073741824 Address: 0x0000000100000000

Heap:
 PSYoungGen      total 38400K, used 30608K [0x00000000e0000000, 0x00000000e2a80000, 0x0000000100000000)
  eden space 33280K, 76% used [0x00000000e0000000,0x00000000e18e82a8,0x00000000e2080000)
  from space 5120K, 99% used [0x00000000e2580000,0x00000000e2a7c010,0x00000000e2a80000)
  to   space 5120K, 0% used [0x00000000e2080000,0x00000000e2080000,0x00000000e2580000)
 ParOldGen       total 87552K, used 5071K [0x00000000a0000000, 0x00000000a5580000, 0x00000000e0000000)
  object space 87552K, 5% used [0x00000000a0000000,0x00000000a04f3d90,0x00000000a5580000)
 Metaspace       used 18336K, capacity 18730K, committed 18944K, reserved 1064960K
  class space    used 2664K, capacity 2805K, committed 2816K, reserved 1048576K

Card table byte_map: [0x0000000012090000,0x00000000123a0000] byte_map_base: 0x0000000011b90000

Marking Bits: (ParMarkBitMap*) 0x0000000059459f30
 Begin Bits: [0x0000000012da0000, 0x00000000145a0000)
 End Bits:   [0x00000000145a0000, 0x0000000015da0000)

Polling page: 0x0000000000d60000

CodeCache: size=245760Kb used=5390Kb max_used=5393Kb free=240369Kb
 bounds [0x0000000002cd0000, 0x0000000003220000, 0x0000000011cd0000]
 total_blobs=2000 nmethods=1592 adapters=321
 compilation: enabled

Compilation events (10 events):
Event: 1.546 Thread 0x0000000016a9b000 1590       3       sun.reflect.generics.visitor.Reifier::<init> (10 bytes)
Event: 1.547 Thread 0x0000000016a9b000 nmethod 1590 0x0000000003213b90 code [0x0000000003213ce0, 0x0000000003213eb0]
Event: 1.547 Thread 0x0000000016a9b000 1591       3       sun.reflect.generics.visitor.Reifier::getResult (26 bytes)
Event: 1.547 Thread 0x0000000016a9b000 nmethod 1591 0x0000000003213850 code [0x00000000032139a0, 0x0000000003213b10]
Event: 1.552 Thread 0x0000000016a9b000 1592       3       org.gradle.internal.instantiation.AbstractClassGenerator$ClassGenerationHandler::visitInstanceMethod (1 bytes)
Event: 1.552 Thread 0x000000001887e000 1593       4       java.lang.Object::equals (11 bytes)
Event: 1.553 Thread 0x0000000016a9b000 nmethod 1592 0x0000000003213510 code [0x0000000003213660, 0x00000000032137b0]
Event: 1.553 Thread 0x0000000016a9b000 1594       3       java.lang.reflect.Modifier::isAbstract (14 bytes)
Event: 1.553 Thread 0x0000000016a9b000 nmethod 1594 0x00000000032131d0 code [0x0000000003213320, 0x00000000032134b0]
Event: 1.553 Thread 0x000000001887e000 nmethod 1593 0x0000000003216950 code [0x0000000003216a80, 0x0000000003216af8]

GC Heap History (8 events):
Event: 0.433 GC heap before
{Heap before GC invocations=1 (full 0):
 PSYoungGen      total 38400K, used 33280K [0x00000000e0000000, 0x00000000e2a80000, 0x0000000100000000)
  eden space 33280K, 100% used [0x00000000e0000000,0x00000000e2080000,0x00000000e2080000)
  from space 5120K, 0% used [0x00000000e2580000,0x00000000e2580000,0x00000000e2a80000)
  to   space 5120K, 0% used [0x00000000e2080000,0x00000000e2080000,0x00000000e2580000)
 ParOldGen       total 87552K, used 0K [0x00000000a0000000, 0x00000000a5580000, 0x00000000e0000000)
  object space 87552K, 0% used [0x00000000a0000000,0x00000000a0000000,0x00000000a5580000)
 Metaspace       used 6639K, capacity 6784K, committed 7040K, reserved 1056768K
  class space    used 811K, capacity 844K, committed 896K, reserved 1048576K
Event: 0.436 GC heap after
Heap after GC invocations=1 (full 0):
 PSYoungGen      total 38400K, used 4187K [0x00000000e0000000, 0x00000000e2a80000, 0x0000000100000000)
  eden space 33280K, 0% used [0x00000000e0000000,0x00000000e0000000,0x00000000e2080000)
  from space 5120K, 81% used [0x00000000e2080000,0x00000000e2496e80,0x00000000e2580000)
  to   space 5120K, 0% used [0x00000000e2580000,0x00000000e2580000,0x00000000e2a80000)
 ParOldGen       total 87552K, used 8K [0x00000000a0000000, 0x00000000a5580000, 0x00000000e0000000)
  object space 87552K, 0% used [0x00000000a0000000,0x00000000a0002000,0x00000000a5580000)
 Metaspace       used 6639K, capacity 6784K, committed 7040K, reserved 1056768K
  class space    used 811K, capacity 844K, committed 896K, reserved 1048576K
}
Event: 0.668 GC heap before
{Heap before GC invocations=2 (full 0):
 PSYoungGen      total 38400K, used 37467K [0x00000000e0000000, 0x00000000e2a80000, 0x0000000100000000)
  eden space 33280K, 100% used [0x00000000e0000000,0x00000000e2080000,0x00000000e2080000)
  from space 5120K, 81% used [0x00000000e2080000,0x00000000e2496e80,0x00000000e2580000)
  to   space 5120K, 0% used [0x00000000e2580000,0x00000000e2580000,0x00000000e2a80000)
 ParOldGen       total 87552K, used 8K [0x00000000a0000000, 0x00000000a5580000, 0x00000000e0000000)
  object space 87552K, 0% used [0x00000000a0000000,0x00000000a0002000,0x00000000a5580000)
 Metaspace       used 8937K, capacity 9188K, committed 9216K, reserved 1056768K
  class space    used 1171K, capacity 1258K, committed 1280K, reserved 1048576K
Event: 0.671 GC heap after
Heap after GC invocations=2 (full 0):
 PSYoungGen      total 38400K, used 4580K [0x00000000e0000000, 0x00000000e2a80000, 0x0000000100000000)
  eden space 33280K, 0% used [0x00000000e0000000,0x00000000e0000000,0x00000000e2080000)
  from space 5120K, 89% used [0x00000000e2580000,0x00000000e29f93b8,0x00000000e2a80000)
  to   space 5120K, 0% used [0x00000000e2080000,0x00000000e2080000,0x00000000e2580000)
 ParOldGen       total 87552K, used 16K [0x00000000a0000000, 0x00000000a5580000, 0x00000000e0000000)
  object space 87552K, 0% used [0x00000000a0000000,0x00000000a0004000,0x00000000a5580000)
 Metaspace       used 8937K, capacity 9188K, committed 9216K, reserved 1056768K
  class space    used 1171K, capacity 1258K, committed 1280K, reserved 1048576K
}
Event: 1.148 GC heap before
{Heap before GC invocations=3 (full 0):
 PSYoungGen      total 38400K, used 37860K [0x00000000e0000000, 0x00000000e2a80000, 0x0000000100000000)
  eden space 33280K, 100% used [0x00000000e0000000,0x00000000e2080000,0x00000000e2080000)
  from space 5120K, 89% used [0x00000000e2580000,0x00000000e29f93b8,0x00000000e2a80000)
  to   space 5120K, 0% used [0x00000000e2080000,0x00000000e2080000,0x00000000e2580000)
 ParOldGen       total 87552K, used 16K [0x00000000a0000000, 0x00000000a5580000, 0x00000000e0000000)
  object space 87552K, 0% used [0x00000000a0000000,0x00000000a0004000,0x00000000a5580000)
 Metaspace       used 13273K, capacity 13652K, committed 13824K, reserved 1060864K
  class space    used 1839K, capacity 1988K, committed 2048K, reserved 1048576K
Event: 1.153 GC heap after
Heap after GC invocations=3 (full 0):
 PSYoungGen      total 38400K, used 5088K [0x00000000e0000000, 0x00000000e2a80000, 0x0000000100000000)
  eden space 33280K, 0% used [0x00000000e0000000,0x00000000e0000000,0x00000000e2080000)
  from space 5120K, 99% used [0x00000000e2080000,0x00000000e2578020,0x00000000e2580000)
  to   space 5120K, 0% used [0x00000000e2580000,0x00000000e2580000,0x00000000e2a80000)
 ParOldGen       total 87552K, used 1907K [0x00000000a0000000, 0x00000000a5580000, 0x00000000e0000000)
  object space 87552K, 2% used [0x00000000a0000000,0x00000000a01dcd50,0x00000000a5580000)
 Metaspace       used 13273K, capacity 13652K, committed 13824K, reserved 1060864K
  class space    used 1839K, capacity 1988K, committed 2048K, reserved 1048576K
}
Event: 1.368 GC heap before
{Heap before GC invocations=4 (full 0):
 PSYoungGen      total 38400K, used 38368K [0x00000000e0000000, 0x00000000e2a80000, 0x0000000100000000)
  eden space 33280K, 100% used [0x00000000e0000000,0x00000000e2080000,0x00000000e2080000)
  from space 5120K, 99% used [0x00000000e2080000,0x00000000e2578020,0x00000000e2580000)
  to   space 5120K, 0% used [0x00000000e2580000,0x00000000e2580000,0x00000000e2a80000)
 ParOldGen       total 87552K, used 1907K [0x00000000a0000000, 0x00000000a5580000, 0x00000000e0000000)
  object space 87552K, 2% used [0x00000000a0000000,0x00000000a01dcd50,0x00000000a5580000)
 Metaspace       used 16172K, capacity 16612K, committed 16896K, reserved 1062912K
  class space    used 2302K, capacity 2446K, committed 2560K, reserved 1048576K
Event: 1.374 GC heap after
Heap after GC invocations=4 (full 0):
 PSYoungGen      total 38400K, used 5104K [0x00000000e0000000, 0x00000000e2a80000, 0x0000000100000000)
  eden space 33280K, 0% used [0x00000000e0000000,0x00000000e0000000,0x00000000e2080000)
  from space 5120K, 99% used [0x00000000e2580000,0x00000000e2a7c010,0x00000000e2a80000)
  to   space 5120K, 0% used [0x00000000e2080000,0x00000000e2080000,0x00000000e2580000)
 ParOldGen       total 87552K, used 5071K [0x00000000a0000000, 0x00000000a5580000, 0x00000000e0000000)
  object space 87552K, 5% used [0x00000000a0000000,0x00000000a04f3d90,0x00000000a5580000)
 Metaspace       used 16172K, capacity 16612K, committed 16896K, reserved 1062912K
  class space    used 2302K, capacity 2446K, committed 2560K, reserved 1048576K
}

Deoptimization events (10 events):
Event: 1.040 Thread 0x000000001a9b9000 Uncommon trap: reason=bimorphic action=maybe_recompile pc=0x0000000002f58f0c method=java.util.HashMap.putVal(ILjava/lang/Object;Ljava/lang/Object;ZZ)Ljava/lang/Object; @ 253
Event: 1.146 Thread 0x000000001a9b9000 Uncommon trap: reason=class_check action=maybe_recompile pc=0x0000000002f9d358 method=java.util.regex.Matcher.match(II)Z @ 86
Event: 1.158 Thread 0x000000001a9b9000 Uncommon trap: reason=class_check action=maybe_recompile pc=0x0000000002f9d358 method=java.util.regex.Matcher.match(II)Z @ 86
Event: 1.158 Thread 0x000000001a9b9000 Uncommon trap: reason=class_check action=maybe_recompile pc=0x0000000002f9d358 method=java.util.regex.Matcher.match(II)Z @ 86
Event: 1.158 Thread 0x000000001a9b9000 Uncommon trap: reason=class_check action=maybe_recompile pc=0x0000000002f5471c method=java.util.regex.Matcher.match(II)Z @ 86
Event: 1.277 Thread 0x000000001a9b9000 Uncommon trap: reason=unstable_if action=reinterpret pc=0x00000000030646f4 method=java.lang.String.lastIndexOf([CII[CIII)I @ 66
Event: 1.466 Thread 0x000000001a9b9000 Uncommon trap: reason=unstable_if action=reinterpret pc=0x0000000002e321c8 method=java.net.URI.match(CJJ)Z @ 19
Event: 1.466 Thread 0x000000001a9b9000 Uncommon trap: reason=unstable_if action=reinterpret pc=0x0000000002f1cb40 method=java.net.URI.match(CJJ)Z @ 19
Event: 1.466 Thread 0x000000001a9b9000 Uncommon trap: reason=unstable_if action=reinterpret pc=0x0000000002e30d08 method=java.net.URI.match(CJJ)Z @ 19
Event: 1.492 Thread 0x000000001a9b9000 Uncommon trap: reason=unstable_if action=reinterpret pc=0x0000000002f95418 method=java.io.File.getName()Ljava/lang/String; @ 16

Classes redefined (0 events):
No events

Internal exceptions (10 events):
Event: 1.010 Thread 0x0000000018984000 Exception <a 'java/lang/NoSuchMethodError': <clinit>> (0x00000000e0a576f0) thrown at [D:\src\AOSP-openjdk-cygwin\jdk8u\hotspot\src\share\vm\prims\jni.cpp, line 1614]
Event: 1.011 Thread 0x0000000018984000 Exception <a 'java/lang/NoSuchMethodError': <clinit>> (0x00000000e0a6b8a0) thrown at [D:\src\AOSP-openjdk-cygwin\jdk8u\hotspot\src\share\vm\prims\jni.cpp, line 1614]
Event: 1.015 Thread 0x0000000018984000 Exception <a 'java/lang/NoSuchMethodError': <clinit>> (0x00000000e0ac6838) thrown at [D:\src\AOSP-openjdk-cygwin\jdk8u\hotspot\src\share\vm\prims\jni.cpp, line 1614]
Event: 1.020 Thread 0x0000000018984000 Exception <a 'java/lang/NoSuchMethodError': <clinit>> (0x00000000e0afe4a8) thrown at [D:\src\AOSP-openjdk-cygwin\jdk8u\hotspot\src\share\vm\prims\jni.cpp, line 1614]
Event: 1.023 Thread 0x0000000018984000 Exception <a 'java/lang/NoSuchMethodError': <clinit>> (0x00000000e0b343e8) thrown at [D:\src\AOSP-openjdk-cygwin\jdk8u\hotspot\src\share\vm\prims\jni.cpp, line 1614]
Event: 1.023 Thread 0x0000000018984000 Exception <a 'java/lang/NoSuchMethodError': <clinit>> (0x00000000e0b3fe50) thrown at [D:\src\AOSP-openjdk-cygwin\jdk8u\hotspot\src\share\vm\prims\jni.cpp, line 1614]
Event: 1.502 Thread 0x000000001abc6000 Exception <a 'java/lang/NoSuchMethodError': <clinit>> (0x00000000e12bf4d8) thrown at [D:\src\AOSP-openjdk-cygwin\jdk8u\hotspot\src\share\vm\prims\jni.cpp, line 1614]
Event: 1.502 Thread 0x000000001abc6000 Exception <a 'java/lang/NoSuchMethodError': <clinit>> (0x00000000e12c18c0) thrown at [D:\src\AOSP-openjdk-cygwin\jdk8u\hotspot\src\share\vm\prims\jni.cpp, line 1614]
Event: 1.503 Thread 0x000000001abc6000 Exception <a 'java/lang/NoSuchMethodError': <clinit>> (0x00000000e12cb568) thrown at [D:\src\AOSP-openjdk-cygwin\jdk8u\hotspot\src\share\vm\prims\jni.cpp, line 1614]
Event: 1.505 Thread 0x000000001abc6000 Exception <a 'java/lang/NoSuchMethodError': <clinit>> (0x00000000e12da728) thrown at [D:\src\AOSP-openjdk-cygwin\jdk8u\hotspot\src\share\vm\prims\jni.cpp, line 1614]

Events (10 events):
Event: 1.551 loading class org/gradle/api/attributes/Attribute
Event: 1.551 loading class org/gradle/api/attributes/Attribute done
Event: 1.552 loading class org/gradle/api/attributes/AttributeMatchingStrategy
Event: 1.552 loading class org/gradle/api/attributes/AttributeMatchingStrategy done
Event: 1.552 loading class org/gradle/api/internal/attributes/CompatibilityRule
Event: 1.552 loading class org/gradle/api/internal/attributes/CompatibilityRule done
Event: 1.552 loading class org/gradle/api/internal/attributes/DisambiguationRule
Event: 1.552 loading class org/gradle/api/internal/attributes/DisambiguationRule done
Event: 1.553 loading class org/gradle/api/internal/attributes/DefaultAttributesSchema$DefaultAttributeMatcher
Event: 1.553 loading class org/gradle/api/internal/attributes/DefaultAttributesSchema$DefaultAttributeMatcher done


Dynamic libraries:
0x00007ff7c0170000 - 0x00007ff7c01a1000 	C:\Program Files\Android\Android Studio\jre\bin\java.exe
0x00007ff8f8290000 - 0x00007ff8f8461000 	C:\Windows\SYSTEM32\ntdll.dll
0x00007ff8f7a80000 - 0x00007ff8f7b2b000 	C:\Windows\System32\KERNEL32.DLL
0x00007ff8f47f0000 - 0x00007ff8f4a0d000 	C:\Windows\System32\KERNELBASE.dll
0x00007ff8f5a70000 - 0x00007ff8f5b12000 	C:\Windows\System32\ADVAPI32.dll
0x00007ff8f74c0000 - 0x00007ff8f755e000 	C:\Windows\System32\msvcrt.dll
0x00007ff8f5820000 - 0x00007ff8f5879000 	C:\Windows\System32\sechost.dll
0x00007ff8f5b20000 - 0x00007ff8f5c41000 	C:\Windows\System32\RPCRT4.dll
0x00007ff8f7700000 - 0x00007ff8f7865000 	C:\Windows\System32\USER32.dll
0x00007ff8f5600000 - 0x00007ff8f561e000 	C:\Windows\System32\win32u.dll
0x00007ff8f5890000 - 0x00007ff8f58c4000 	C:\Windows\System32\GDI32.dll
0x00007ff8f4c30000 - 0x00007ff8f4db2000 	C:\Windows\System32\gdi32full.dll
0x00007ff8e54d0000 - 0x00007ff8e5749000 	C:\Windows\WinSxS\amd64_microsoft.windows.common-controls_6595b64144ccf1df_6.0.14393.447_none_42191651c6827bb3\COMCTL32.dll
0x00007ff8f5c50000 - 0x00007ff8f5f17000 	C:\Windows\System32\combase.dll
0x00007ff8f5620000 - 0x00007ff8f5715000 	C:\Windows\System32\ucrtbase.dll
0x00007ff8f4780000 - 0x00007ff8f47ea000 	C:\Windows\System32\bcryptPrimitives.dll
0x00007ff8f5a40000 - 0x00007ff8f5a6e000 	C:\Windows\System32\IMM32.DLL
0x0000000058bb0000 - 0x0000000058c82000 	C:\Program Files\Android\Android Studio\jre\jre\bin\msvcr100.dll
0x0000000058c90000 - 0x00000000594d6000 	C:\Program Files\Android\Android Studio\jre\jre\bin\server\jvm.dll
0x00007ff8f59d0000 - 0x00007ff8f59d8000 	C:\Windows\System32\PSAPI.DLL
0x00007ff8f25d0000 - 0x00007ff8f25f3000 	C:\Windows\SYSTEM32\WINMM.dll
0x00007ff8f0510000 - 0x00007ff8f0519000 	C:\Windows\SYSTEM32\WSOCK32.dll
0x00007ff8efbc0000 - 0x00007ff8efbca000 	C:\Windows\SYSTEM32\VERSION.dll
0x00007ff8f5f20000 - 0x00007ff8f5f8a000 	C:\Windows\System32\WS2_32.dll
0x00007ff8f25a0000 - 0x00007ff8f25cb000 	C:\Windows\SYSTEM32\WINMMBASE.dll
0x00007ff8f4be0000 - 0x00007ff8f4c22000 	C:\Windows\System32\cfgmgr32.dll
0x00007ff8f0500000 - 0x00007ff8f050f000 	C:\Program Files\Android\Android Studio\jre\jre\bin\verify.dll
0x00007ff8ea770000 - 0x00007ff8ea799000 	C:\Program Files\Android\Android Studio\jre\jre\bin\java.dll
0x00007ff8ef740000 - 0x00007ff8ef756000 	C:\Program Files\Android\Android Studio\jre\jre\bin\zip.dll
0x00007ff8f5f90000 - 0x00007ff8f7499000 	C:\Windows\System32\SHELL32.dll
0x00007ff8f4dc0000 - 0x00007ff8f549a000 	C:\Windows\System32\windows.storage.dll
0x00007ff8f46f0000 - 0x00007ff8f473c000 	C:\Windows\System32\powrprof.dll
0x00007ff8f76a0000 - 0x00007ff8f76f2000 	C:\Windows\System32\shlwapi.dll
0x00007ff8f4770000 - 0x00007ff8f477f000 	C:\Windows\System32\kernel.appcore.dll
0x00007ff8f54a0000 - 0x00007ff8f5549000 	C:\Windows\System32\shcore.dll
0x00007ff8f4740000 - 0x00007ff8f4754000 	C:\Windows\System32\profapi.dll
0x00007ff8ebe00000 - 0x00007ff8ebe1a000 	C:\Program Files\Android\Android Studio\jre\jre\bin\net.dll
0x00007ff8f3f50000 - 0x00007ff8f3fac000 	C:\Windows\system32\mswsock.dll
0x00007ff8ea3e0000 - 0x00007ff8ea3f1000 	C:\Program Files\Android\Android Studio\jre\jre\bin\nio.dll
0x00007ff8e6900000 - 0x00007ff8e6926000 	C:\Users\ROHIT\.gradle\native\29\windows-amd64\native-platform.dll
0x00007ff8f04f0000 - 0x00007ff8f04fd000 	C:\Program Files\Android\Android Studio\jre\jre\bin\management.dll
0x00007ff8f41c0000 - 0x00007ff8f41d7000 	C:\Windows\SYSTEM32\CRYPTSP.dll
0x00007ff8f40d0000 - 0x00007ff8f4103000 	C:\Windows\system32\rsaenh.dll
0x00007ff8f42d0000 - 0x00007ff8f42fb000 	C:\Windows\SYSTEM32\bcrypt.dll
0x00007ff8f3dd0000 - 0x00007ff8f3def000 	C:\Windows\SYSTEM32\USERENV.dll
0x00007ff8f41e0000 - 0x00007ff8f41eb000 	C:\Windows\SYSTEM32\CRYPTBASE.dll
0x00007ff8f3ce0000 - 0x00007ff8f3d18000 	C:\Windows\SYSTEM32\IPHLPAPI.DLL
0x00007ff8f8180000 - 0x00007ff8f8188000 	C:\Windows\System32\NSI.dll
0x00007ff8ef6d0000 - 0x00007ff8ef6e6000 	C:\Windows\SYSTEM32\dhcpcsvc6.DLL
0x00007ff8efba0000 - 0x00007ff8efbba000 	C:\Windows\SYSTEM32\dhcpcsvc.DLL

VM Arguments:
jvm_args: -Xmx1536m -Dfile.encoding=windows-1252 -Duser.country=US -Duser.language=en -Duser.variant 
java_command: org.gradle.launcher.daemon.bootstrap.GradleDaemon 5.4.1
java_class_path (initial): C:\Users\ROHIT\.gradle\wrapper\dists\gradle-5.4.1-all\3221gyojl5jsh0helicew7rwx\gradle-5.4.1\lib\gradle-launcher-5.4.1.jar
Launcher Type: SUN_STANDARD

Environment Variables:
PATH=C:\Windows\system32;C:\Windows;C:\Windows\System32\Wbem;C:\Windows\System32\WindowsPowerShell\v1.0\;C:\Program Files\Git\cmd;C:\Program Files\nodejs\;C:\Users\ROHIT\AppData\Local\Microsoft\WindowsApps;C:\Users\ROHIT\AppData\Local\atom\bin;C:\Users\ROHIT\AppData\Local\hyper\app-3.0.2\resources\bin;C:\Users\ROHIT\AppData\Roaming\npm
USERNAME=ROHIT
OS=Windows_NT
PROCESSOR_IDENTIFIER=Intel64 Family 6 Model 142 Stepping 10, GenuineIntel



---------------  S Y S T E M  ---------------

OS: Windows 10.0 , 64 bit Build 14393 (10.0.14393.0)

CPU:total 8 (initial active 8) (4 cores per cpu, 2 threads per core) family 6 model 142 stepping 10, cmov, cx8, fxsr, mmx, sse, sse2, sse3, ssse3, sse4.1, sse4.2, popcnt, avx, avx2, aes, clmul, erms, 3dnowpref, lzcnt, ht, tsc, tscinvbit, bmi1, bmi2, adx

Memory: 4k page, physical 8295652k(2777792k free), swap 20878564k(6744k free)

vm_info: OpenJDK 64-Bit Server VM (25.202-b03) for windows-amd64 JRE (1.8.0_202-release-1483-b03), built by "builder" with MS VC++ 10.0 (VS2010)

time: Sun May 17 07:15:11 2020
timezone: Pacific Daylight Time
elapsed time: 1 seconds (0d 0h 0m 1s)

