#
# There is insufficient memory for the Java Runtime Environment to continue.
# Native memory allocation (malloc) failed to allocate 1610128 bytes for Chunk::new
# Possible reasons:
#   The system is out of physical RAM or swap space
#   The process is running with CompressedOops enabled, and the Java Heap may be blocking the growth of the native heap
# Possible solutions:
#   Reduce memory load on the system
#   Increase physical memory or swap space
#   Check if swap backing store is full
#   Decrease Java heap size (-Xmx/-Xms)
#   Decrease number of Java threads
#   Decrease Java thread stack sizes (-Xss)
#   Set larger code cache with -XX:ReservedCodeCacheSize=
#   JVM is running with Unscaled Compressed Oops mode in which the Java heap is
#     placed in the first 4GB address space. The Java Heap base address is the
#     maximum limit for the native heap growth. Please use -XX:HeapBaseMinAddress
#     to set the Java Heap base and to place the Java Heap above 4GB virtual address.
# This output file may be truncated or incomplete.
#
#  Out of Memory Error (allocation.cpp:389), pid=5560, tid=0x0000000000000b54
#
# JRE version: OpenJDK Runtime Environment (8.0_202-b03) (build 1.8.0_202-release-1483-b03)
# Java VM: OpenJDK 64-Bit Server VM (25.202-b03 mixed mode windows-amd64 compressed oops)
# Failed to write core dump. Minidumps are not enabled by default on client versions of Windows
#

---------------  T H R E A D  ---------------

Current thread (0x00000000185d2800):  JavaThread "C2 CompilerThread1" daemon [_thread_in_native, id=2900, stack(0x0000000018fa0000,0x00000000190a0000)]

Stack: [0x0000000018fa0000,0x00000000190a0000]
[error occurred during error reporting (printing stack bounds), id 0xc0000005]

Native frames: (J=compiled Java code, j=interpreted, Vv=VM code, C=native code)


Current CompileTask:
C2:   1558 1365       4       java.net.URLClassLoader$1::run (5 bytes)


---------------  P R O C E S S  ---------------

Java Threads: ( => current thread )
  0x000000001a428000 JavaThread "Cache worker for file hash cache (C:\Users\ROHIT\AndroidStudioProjects\Grocery\.gradle\5.4.1\fileHashes)" [_thread_blocked, id=6380, stack(0x000000001f820000,0x000000001f920000)]
  0x000000001a425000 JavaThread "Cache worker for journal cache (C:\Users\ROHIT\.gradle\caches\journal-1)" [_thread_blocked, id=1648, stack(0x000000001c3b0000,0x000000001c4b0000)]
  0x000000001a423800 JavaThread "File lock request listener" [_thread_in_native, id=8728, stack(0x000000001c2b0000,0x000000001c3b0000)]
  0x000000001ac55800 JavaThread "Cache worker for file hash cache (C:\Users\ROHIT\.gradle\caches\5.4.1\fileHashes)" [_thread_blocked, id=7912, stack(0x000000001c1b0000,0x000000001c2b0000)]
  0x000000001ab42000 JavaThread "Thread-9" [_thread_blocked, id=4032, stack(0x000000001c0b0000,0x000000001c1b0000)]
  0x000000001a84e000 JavaThread "Stdin handler" [_thread_blocked, id=7404, stack(0x000000001bfb0000,0x000000001c0b0000)]
  0x0000000018918000 JavaThread "Asynchronous log dispatcher for DefaultDaemonConnection: socket connection from /127.0.0.1:51833 to /127.0.0.1:51834" [_thread_blocked, id=7420, stack(0x000000001beb0000,0x000000001bfb0000)]
  0x00000000188f6800 JavaThread "Daemon worker" [_thread_in_vm, id=10216, stack(0x000000001bdb0000,0x000000001beb0000)]
  0x0000000018915800 JavaThread "Cancel handler" [_thread_blocked, id=2532, stack(0x000000001bcb0000,0x000000001bdb0000)]
  0x0000000019518000 JavaThread "Handler for socket connection from /127.0.0.1:51833 to /127.0.0.1:51834" [_thread_in_native, id=5252, stack(0x000000001b9b0000,0x000000001bab0000)]
  0x000000001951d800 JavaThread "Daemon" [_thread_blocked, id=6152, stack(0x000000001b8b0000,0x000000001b9b0000)]
  0x000000001972d800 JavaThread "Daemon periodic checks" [_thread_blocked, id=6896, stack(0x000000001b7b0000,0x000000001b8b0000)]
  0x0000000019715800 JavaThread "Incoming local TCP Connector on port 51833" [_thread_in_native, id=9084, stack(0x000000001b2b0000,0x000000001b3b0000)]
  0x000000001a5fe000 JavaThread "Daemon health stats" [_thread_blocked, id=5868, stack(0x000000001ac70000,0x000000001ad70000)]
  0x0000000018664800 JavaThread "Service Thread" daemon [_thread_blocked, id=9480, stack(0x00000000192a0000,0x00000000193a0000)]
  0x000000001679d000 JavaThread "C1 CompilerThread3" daemon [_thread_blocked, id=1844, stack(0x00000000191a0000,0x00000000192a0000)]
  0x00000000185d3800 JavaThread "C2 CompilerThread2" daemon [_thread_blocked, id=6752, stack(0x00000000190a0000,0x00000000191a0000)]
=>0x00000000185d2800 JavaThread "C2 CompilerThread1" daemon [_thread_in_native, id=2900, stack(0x0000000018fa0000,0x00000000190a0000)]
  0x00000000185cf000 JavaThread "C2 CompilerThread0" daemon [_thread_in_native, id=5824, stack(0x0000000018ea0000,0x0000000018fa0000)]
  0x00000000185ce000 JavaThread "Attach Listener" daemon [_thread_blocked, id=7816, stack(0x0000000018da0000,0x0000000018ea0000)]
  0x00000000185cd000 JavaThread "Signal Dispatcher" daemon [_thread_blocked, id=6168, stack(0x0000000018ca0000,0x0000000018da0000)]
  0x00000000029cb800 JavaThread "Finalizer" daemon [_thread_blocked, id=9224, stack(0x0000000018aa0000,0x0000000018ba0000)]
  0x00000000185c0800 JavaThread "Reference Handler" daemon [_thread_blocked, id=5848, stack(0x00000000189a0000,0x0000000018aa0000)]
  0x000000000100d800 JavaThread "main" [_thread_blocked, id=9436, stack(0x00000000027d0000,0x00000000028d0000)]

Other Threads:
  0x0000000016786800 VMThread [stack: 0x00000000184a0000,0x00000000185a0000] [id=1204]
  0x0000000018665800 WatcherThread [stack: 0x00000000193a0000,0x00000000194a0000] [id=8368]

VM state:not at safepoint (normal execution)

VM Mutex/Monitor currently owned by a thread: None

heap address: 0x00000000a0000000, size: 1536 MB, Compressed Oops mode: 32-bit
Narrow klass base: 0x0000000000000000, Narrow klass shift: 3
Compressed class space size: 1073741824 Address: 0x0000000100000000

Heap:
 PSYoungGen      total 38400K, used 18007K [0x00000000e0000000, 0x00000000e4b00000, 0x0000000100000000)
  eden space 33280K, 38% used [0x00000000e0000000,0x00000000e0c99eb0,0x00000000e2080000)
  from space 5120K, 99% used [0x00000000e2580000,0x00000000e2a7c030,0x00000000e2a80000)
  to   space 5120K, 0% used [0x00000000e2080000,0x00000000e2080000,0x00000000e2580000)
 ParOldGen       total 87552K, used 5046K [0x00000000a0000000, 0x00000000a5580000, 0x00000000e0000000)
  object space 87552K, 5% used [0x00000000a0000000,0x00000000a04edbd8,0x00000000a5580000)
 Metaspace       used 17125K, capacity 17556K, committed 17792K, reserved 1064960K
  class space    used 2475K, capacity 2606K, committed 2688K, reserved 1048576K

Card table byte_map: [0x0000000011d90000,0x00000000120a0000] byte_map_base: 0x0000000011890000

Marking Bits: (ParMarkBitMap*) 0x0000000059459f30
 Begin Bits: [0x0000000012aa0000, 0x00000000142a0000)
 End Bits:   [0x00000000142a0000, 0x0000000015aa0000)

Polling page: 0x0000000000fd0000

CodeCache: size=245760Kb used=5167Kb max_used=5171Kb free=240592Kb
 bounds [0x00000000029d0000, 0x0000000002ee0000, 0x00000000119d0000]
 total_blobs=1899 nmethods=1502 adapters=310
 compilation: enabled

Compilation events (10 events):
Event: 1.524 Thread 0x000000001679d000 1498       3       org.gradle.internal.service.DefaultServiceRegistry$ManagedObjectServiceProvider::fromSameRegistry (27 bytes)
Event: 1.524 Thread 0x000000001679d000 nmethod 1498 0x0000000002ed5910 code [0x0000000002ed5a80, 0x0000000002ed5e50]
Event: 1.525 Thread 0x00000000185d3800 1499       4       java.lang.ReflectiveOperationException::<init> (7 bytes)
Event: 1.526 Thread 0x00000000185d3800 nmethod 1499 0x0000000002edec90 code [0x0000000002edede0, 0x0000000002edf148]
Event: 1.532 Thread 0x000000001679d000 1500       3       java.lang.reflect.Method::setMethodAccessor (21 bytes)
Event: 1.532 Thread 0x000000001679d000 nmethod 1500 0x0000000002edbd10 code [0x0000000002edbe80, 0x0000000002edc228]
Event: 1.533 Thread 0x000000001679d000 1501       3       org.gradle.internal.service.DefaultServiceRegistry$SingletonService::get (5 bytes)
Event: 1.533 Thread 0x000000001679d000 nmethod 1501 0x0000000002edb910 code [0x0000000002edba80, 0x0000000002edbc88]
Event: 1.533 Thread 0x000000001679d000 1502   !   3       org.gradle.internal.service.DefaultServiceRegistry$ManagedObjectServiceProvider::getInstance (81 bytes)
Event: 1.534 Thread 0x000000001679d000 nmethod 1502 0x0000000002edb250 code [0x0000000002edb3c0, 0x0000000002edb828]

GC Heap History (8 events):
Event: 0.562 GC heap before
{Heap before GC invocations=1 (full 0):
 PSYoungGen      total 38400K, used 33280K [0x00000000e0000000, 0x00000000e2a80000, 0x0000000100000000)
  eden space 33280K, 100% used [0x00000000e0000000,0x00000000e2080000,0x00000000e2080000)
  from space 5120K, 0% used [0x00000000e2580000,0x00000000e2580000,0x00000000e2a80000)
  to   space 5120K, 0% used [0x00000000e2080000,0x00000000e2080000,0x00000000e2580000)
 ParOldGen       total 87552K, used 0K [0x00000000a0000000, 0x00000000a5580000, 0x00000000e0000000)
  object space 87552K, 0% used [0x00000000a0000000,0x00000000a0000000,0x00000000a5580000)
 Metaspace       used 6626K, capacity 6800K, committed 7040K, reserved 1056768K
  class space    used 811K, capacity 844K, committed 896K, reserved 1048576K
Event: 0.565 GC heap after
Heap after GC invocations=1 (full 0):
 PSYoungGen      total 38400K, used 4152K [0x00000000e0000000, 0x00000000e2a80000, 0x0000000100000000)
  eden space 33280K, 0% used [0x00000000e0000000,0x00000000e0000000,0x00000000e2080000)
  from space 5120K, 81% used [0x00000000e2080000,0x00000000e248e060,0x00000000e2580000)
  to   space 5120K, 0% used [0x00000000e2580000,0x00000000e2580000,0x00000000e2a80000)
 ParOldGen       total 87552K, used 8K [0x00000000a0000000, 0x00000000a5580000, 0x00000000e0000000)
  object space 87552K, 0% used [0x00000000a0000000,0x00000000a0002000,0x00000000a5580000)
 Metaspace       used 6626K, capacity 6800K, committed 7040K, reserved 1056768K
  class space    used 811K, capacity 844K, committed 896K, reserved 1048576K
}
Event: 0.899 GC heap before
{Heap before GC invocations=2 (full 0):
 PSYoungGen      total 38400K, used 37432K [0x00000000e0000000, 0x00000000e2a80000, 0x0000000100000000)
  eden space 33280K, 100% used [0x00000000e0000000,0x00000000e2080000,0x00000000e2080000)
  from space 5120K, 81% used [0x00000000e2080000,0x00000000e248e060,0x00000000e2580000)
  to   space 5120K, 0% used [0x00000000e2580000,0x00000000e2580000,0x00000000e2a80000)
 ParOldGen       total 87552K, used 8K [0x00000000a0000000, 0x00000000a5580000, 0x00000000e0000000)
  object space 87552K, 0% used [0x00000000a0000000,0x00000000a0002000,0x00000000a5580000)
 Metaspace       used 8946K, capacity 9204K, committed 9472K, reserved 1056768K
  class space    used 1171K, capacity 1258K, committed 1280K, reserved 1048576K
Event: 0.902 GC heap after
Heap after GC invocations=2 (full 0):
 PSYoungGen      total 38400K, used 4545K [0x00000000e0000000, 0x00000000e2a80000, 0x0000000100000000)
  eden space 33280K, 0% used [0x00000000e0000000,0x00000000e0000000,0x00000000e2080000)
  from space 5120K, 88% used [0x00000000e2580000,0x00000000e29f05e0,0x00000000e2a80000)
  to   space 5120K, 0% used [0x00000000e2080000,0x00000000e2080000,0x00000000e2580000)
 ParOldGen       total 87552K, used 16K [0x00000000a0000000, 0x00000000a5580000, 0x00000000e0000000)
  object space 87552K, 0% used [0x00000000a0000000,0x00000000a0004000,0x00000000a5580000)
 Metaspace       used 8946K, capacity 9204K, committed 9472K, reserved 1056768K
  class space    used 1171K, capacity 1258K, committed 1280K, reserved 1048576K
}
Event: 1.270 GC heap before
{Heap before GC invocations=3 (full 0):
 PSYoungGen      total 38400K, used 37825K [0x00000000e0000000, 0x00000000e2a80000, 0x0000000100000000)
  eden space 33280K, 100% used [0x00000000e0000000,0x00000000e2080000,0x00000000e2080000)
  from space 5120K, 88% used [0x00000000e2580000,0x00000000e29f05e0,0x00000000e2a80000)
  to   space 5120K, 0% used [0x00000000e2080000,0x00000000e2080000,0x00000000e2580000)
 ParOldGen       total 87552K, used 16K [0x00000000a0000000, 0x00000000a5580000, 0x00000000e0000000)
  object space 87552K, 0% used [0x00000000a0000000,0x00000000a0004000,0x00000000a5580000)
 Metaspace       used 13294K, capacity 13668K, committed 13824K, reserved 1060864K
  class space    used 1839K, capacity 1988K, committed 2048K, reserved 1048576K
Event: 1.274 GC heap after
Heap after GC invocations=3 (full 0):
 PSYoungGen      total 38400K, used 5088K [0x00000000e0000000, 0x00000000e2a80000, 0x0000000100000000)
  eden space 33280K, 0% used [0x00000000e0000000,0x00000000e0000000,0x00000000e2080000)
  from space 5120K, 99% used [0x00000000e2080000,0x00000000e2578020,0x00000000e2580000)
  to   space 5120K, 0% used [0x00000000e2580000,0x00000000e2580000,0x00000000e2a80000)
 ParOldGen       total 87552K, used 1922K [0x00000000a0000000, 0x00000000a5580000, 0x00000000e0000000)
  object space 87552K, 2% used [0x00000000a0000000,0x00000000a01e0ac0,0x00000000a5580000)
 Metaspace       used 13294K, capacity 13668K, committed 13824K, reserved 1060864K
  class space    used 1839K, capacity 1988K, committed 2048K, reserved 1048576K
}
Event: 1.486 GC heap before
{Heap before GC invocations=4 (full 0):
 PSYoungGen      total 38400K, used 38368K [0x00000000e0000000, 0x00000000e2a80000, 0x0000000100000000)
  eden space 33280K, 100% used [0x00000000e0000000,0x00000000e2080000,0x00000000e2080000)
  from space 5120K, 99% used [0x00000000e2080000,0x00000000e2578020,0x00000000e2580000)
  to   space 5120K, 0% used [0x00000000e2580000,0x00000000e2580000,0x00000000e2a80000)
 ParOldGen       total 87552K, used 1922K [0x00000000a0000000, 0x00000000a5580000, 0x00000000e0000000)
  object space 87552K, 2% used [0x00000000a0000000,0x00000000a01e0ac0,0x00000000a5580000)
 Metaspace       used 16190K, capacity 16628K, committed 16896K, reserved 1062912K
  class space    used 2302K, capacity 2446K, committed 2560K, reserved 1048576K
Event: 1.491 GC heap after
Heap after GC invocations=4 (full 0):
 PSYoungGen      total 38400K, used 5104K [0x00000000e0000000, 0x00000000e4b00000, 0x0000000100000000)
  eden space 33280K, 0% used [0x00000000e0000000,0x00000000e0000000,0x00000000e2080000)
  from space 5120K, 99% used [0x00000000e2580000,0x00000000e2a7c030,0x00000000e2a80000)
  to   space 5120K, 0% used [0x00000000e2080000,0x00000000e2080000,0x00000000e2580000)
 ParOldGen       total 87552K, used 5046K [0x00000000a0000000, 0x00000000a5580000, 0x00000000e0000000)
  object space 87552K, 5% used [0x00000000a0000000,0x00000000a04edbd8,0x00000000a5580000)
 Metaspace       used 16190K, capacity 16628K, committed 16896K, reserved 1062912K
  class space    used 2302K, capacity 2446K, committed 2560K, reserved 1048576K
}

Deoptimization events (10 events):
Event: 1.003 Thread 0x000000000100d800 Uncommon trap: reason=unstable_if action=reinterpret pc=0x0000000002d09e70 method=java.io.WinNTFileSystem.normalize(Ljava/lang/String;II)Ljava/lang/String; @ 90
Event: 1.140 Thread 0x0000000019518000 Uncommon trap: reason=unstable_if action=reinterpret pc=0x0000000002d70930 method=java.util.concurrent.ConcurrentHashMap.putVal(Ljava/lang/Object;Ljava/lang/Object;Z)Ljava/lang/Object; @ 206
Event: 1.167 Thread 0x00000000188f6800 Uncommon trap: reason=bimorphic action=maybe_recompile pc=0x0000000002c59220 method=java.util.HashMap.putVal(ILjava/lang/Object;Ljava/lang/Object;ZZ)Ljava/lang/Object; @ 253
Event: 1.168 Thread 0x00000000188f6800 Uncommon trap: reason=bimorphic action=maybe_recompile pc=0x0000000002c59220 method=java.util.HashMap.putVal(ILjava/lang/Object;Ljava/lang/Object;ZZ)Ljava/lang/Object; @ 253
Event: 1.168 Thread 0x00000000188f6800 Uncommon trap: reason=bimorphic action=maybe_recompile pc=0x0000000002c59220 method=java.util.HashMap.putVal(ILjava/lang/Object;Ljava/lang/Object;ZZ)Ljava/lang/Object; @ 253
Event: 1.268 Thread 0x00000000188f6800 Uncommon trap: reason=class_check action=maybe_recompile pc=0x0000000002c8ee98 method=java.util.regex.Matcher.match(II)Z @ 86
Event: 1.280 Thread 0x00000000188f6800 Uncommon trap: reason=class_check action=maybe_recompile pc=0x0000000002c8ee98 method=java.util.regex.Matcher.match(II)Z @ 86
Event: 1.280 Thread 0x00000000188f6800 Uncommon trap: reason=class_check action=maybe_recompile pc=0x0000000002c8ee98 method=java.util.regex.Matcher.match(II)Z @ 86
Event: 1.280 Thread 0x00000000188f6800 Uncommon trap: reason=class_check action=maybe_recompile pc=0x0000000002c4d91c method=java.util.regex.Matcher.match(II)Z @ 86
Event: 1.398 Thread 0x00000000188f6800 Uncommon trap: reason=unstable_if action=reinterpret pc=0x0000000002d63b34 method=java.lang.String.lastIndexOf([CII[CIII)I @ 66

Classes redefined (0 events):
No events

Internal exceptions (10 events):
Event: 0.892 Thread 0x000000000100d800 Exception <a 'java/lang/NoSuchFieldError': method resolution failed> (0x00000000e201b558) thrown at [D:\src\AOSP-openjdk-cygwin\jdk8u\hotspot\src\share\vm\prims\methodHandles.cpp, line 1167]
Event: 0.893 Thread 0x000000000100d800 Exception <a 'java/lang/NoSuchFieldError': method resolution failed> (0x00000000e2029298) thrown at [D:\src\AOSP-openjdk-cygwin\jdk8u\hotspot\src\share\vm\prims\methodHandles.cpp, line 1167]
Event: 1.115 Thread 0x000000000100d800 Exception <a 'java/io/IOException'> (0x00000000e081ac08) thrown at [D:\src\AOSP-openjdk-cygwin\jdk8u\hotspot\src\share\vm\prims\jni.cpp, line 710]
Event: 1.141 Thread 0x0000000019518000 Exception <a 'java/lang/NoSuchMethodError': <clinit>> (0x00000000e0a4d8e0) thrown at [D:\src\AOSP-openjdk-cygwin\jdk8u\hotspot\src\share\vm\prims\jni.cpp, line 1614]
Event: 1.141 Thread 0x0000000019518000 Exception <a 'java/lang/NoSuchMethodError': <clinit>> (0x00000000e0a57690) thrown at [D:\src\AOSP-openjdk-cygwin\jdk8u\hotspot\src\share\vm\prims\jni.cpp, line 1614]
Event: 1.142 Thread 0x0000000019518000 Exception <a 'java/lang/NoSuchMethodError': <clinit>> (0x00000000e0a6b840) thrown at [D:\src\AOSP-openjdk-cygwin\jdk8u\hotspot\src\share\vm\prims\jni.cpp, line 1614]
Event: 1.147 Thread 0x0000000019518000 Exception <a 'java/lang/NoSuchMethodError': <clinit>> (0x00000000e0ac67d8) thrown at [D:\src\AOSP-openjdk-cygwin\jdk8u\hotspot\src\share\vm\prims\jni.cpp, line 1614]
Event: 1.150 Thread 0x0000000019518000 Exception <a 'java/lang/NoSuchMethodError': <clinit>> (0x00000000e0afe488) thrown at [D:\src\AOSP-openjdk-cygwin\jdk8u\hotspot\src\share\vm\prims\jni.cpp, line 1614]
Event: 1.152 Thread 0x0000000019518000 Exception <a 'java/lang/NoSuchMethodError': <clinit>> (0x00000000e0b343c8) thrown at [D:\src\AOSP-openjdk-cygwin\jdk8u\hotspot\src\share\vm\prims\jni.cpp, line 1614]
Event: 1.153 Thread 0x0000000019518000 Exception <a 'java/lang/NoSuchMethodError': <clinit>> (0x00000000e0b3fe30) thrown at [D:\src\AOSP-openjdk-cygwin\jdk8u\hotspot\src\share\vm\prims\jni.cpp, line 1614]

Events (10 events):
Event: 1.550 loading class kotlin/reflect/jvm/internal/ReflectProperties$LazySoftVal
Event: 1.550 loading class kotlin/reflect/jvm/internal/ReflectProperties$LazySoftVal done
Event: 1.550 loading class kotlin/reflect/jvm/internal/KCallableImpl$_parameters$1
Event: 1.550 loading class kotlin/reflect/jvm/internal/KCallableImpl$_parameters$1 done
Event: 1.550 loading class kotlin/reflect/jvm/internal/KCallableImpl$_returnType$1
Event: 1.550 loading class kotlin/reflect/jvm/internal/KCallableImpl$_returnType$1 done
Event: 1.550 loading class kotlin/reflect/jvm/internal/KCallableImpl$_typeParameters$1
Event: 1.550 loading class kotlin/reflect/jvm/internal/KCallableImpl$_typeParameters$1 done
Event: 1.550 loading class kotlin/reflect/jvm/internal/KPropertyImpl$_javaField$1
Event: 1.550 loading class kotlin/reflect/jvm/internal/KPropertyImpl$_javaField$1 done


Dynamic libraries:
0x00007ff7c0170000 - 0x00007ff7c01a1000 	C:\Program Files\Android\Android Studio\jre\bin\java.exe
0x00007ff8f8290000 - 0x00007ff8f8461000 	C:\Windows\SYSTEM32\ntdll.dll
0x00007ff8f7a80000 - 0x00007ff8f7b2b000 	C:\Windows\System32\KERNEL32.DLL
0x00007ff8f47f0000 - 0x00007ff8f4a0d000 	C:\Windows\System32\KERNELBASE.dll
0x00007ff8f5a70000 - 0x00007ff8f5b12000 	C:\Windows\System32\ADVAPI32.dll
0x00007ff8f74c0000 - 0x00007ff8f755e000 	C:\Windows\System32\msvcrt.dll
0x00007ff8f5820000 - 0x00007ff8f5879000 	C:\Windows\System32\sechost.dll
0x00007ff8f5b20000 - 0x00007ff8f5c41000 	C:\Windows\System32\RPCRT4.dll
0x00007ff8f7700000 - 0x00007ff8f7865000 	C:\Windows\System32\USER32.dll
0x00007ff8f5600000 - 0x00007ff8f561e000 	C:\Windows\System32\win32u.dll
0x00007ff8f5890000 - 0x00007ff8f58c4000 	C:\Windows\System32\GDI32.dll
0x00007ff8f4c30000 - 0x00007ff8f4db2000 	C:\Windows\System32\gdi32full.dll
0x00007ff8e54d0000 - 0x00007ff8e5749000 	C:\Windows\WinSxS\amd64_microsoft.windows.common-controls_6595b64144ccf1df_6.0.14393.447_none_42191651c6827bb3\COMCTL32.dll
0x00007ff8f5c50000 - 0x00007ff8f5f17000 	C:\Windows\System32\combase.dll
0x00007ff8f5620000 - 0x00007ff8f5715000 	C:\Windows\System32\ucrtbase.dll
0x00007ff8f4780000 - 0x00007ff8f47ea000 	C:\Windows\System32\bcryptPrimitives.dll
0x00007ff8f5a40000 - 0x00007ff8f5a6e000 	C:\Windows\System32\IMM32.DLL
0x0000000058bb0000 - 0x0000000058c82000 	C:\Program Files\Android\Android Studio\jre\jre\bin\msvcr100.dll
0x0000000058c90000 - 0x00000000594d6000 	C:\Program Files\Android\Android Studio\jre\jre\bin\server\jvm.dll
0x00007ff8f59d0000 - 0x00007ff8f59d8000 	C:\Windows\System32\PSAPI.DLL
0x00007ff8f25d0000 - 0x00007ff8f25f3000 	C:\Windows\SYSTEM32\WINMM.dll
0x00007ff8f0510000 - 0x00007ff8f0519000 	C:\Windows\SYSTEM32\WSOCK32.dll
0x00007ff8efbc0000 - 0x00007ff8efbca000 	C:\Windows\SYSTEM32\VERSION.dll
0x00007ff8f5f20000 - 0x00007ff8f5f8a000 	C:\Windows\System32\WS2_32.dll
0x0000000001010000 - 0x000000000103b000 	C:\Windows\SYSTEM32\WINMMBASE.dll
0x00007ff8f4be0000 - 0x00007ff8f4c22000 	C:\Windows\System32\cfgmgr32.dll
0x00007ff8f0500000 - 0x00007ff8f050f000 	C:\Program Files\Android\Android Studio\jre\jre\bin\verify.dll
0x00007ff8ea770000 - 0x00007ff8ea799000 	C:\Program Files\Android\Android Studio\jre\jre\bin\java.dll
0x00007ff8ef740000 - 0x00007ff8ef756000 	C:\Program Files\Android\Android Studio\jre\jre\bin\zip.dll
0x00007ff8f5f90000 - 0x00007ff8f7499000 	C:\Windows\System32\SHELL32.dll
0x00007ff8f4dc0000 - 0x00007ff8f549a000 	C:\Windows\System32\windows.storage.dll
0x00007ff8f46f0000 - 0x00007ff8f473c000 	C:\Windows\System32\powrprof.dll
0x00007ff8f76a0000 - 0x00007ff8f76f2000 	C:\Windows\System32\shlwapi.dll
0x00007ff8f4770000 - 0x00007ff8f477f000 	C:\Windows\System32\kernel.appcore.dll
0x00007ff8f54a0000 - 0x00007ff8f5549000 	C:\Windows\System32\shcore.dll
0x00007ff8f4740000 - 0x00007ff8f4754000 	C:\Windows\System32\profapi.dll
0x00007ff8ebe00000 - 0x00007ff8ebe1a000 	C:\Program Files\Android\Android Studio\jre\jre\bin\net.dll
0x00007ff8f3f50000 - 0x00007ff8f3fac000 	C:\Windows\system32\mswsock.dll
0x00007ff8ea3e0000 - 0x00007ff8ea3f1000 	C:\Program Files\Android\Android Studio\jre\jre\bin\nio.dll
0x00007ff8e6900000 - 0x00007ff8e6926000 	C:\Users\ROHIT\.gradle\native\29\windows-amd64\native-platform.dll
0x00007ff8f04f0000 - 0x00007ff8f04fd000 	C:\Program Files\Android\Android Studio\jre\jre\bin\management.dll
0x00007ff8f41c0000 - 0x00007ff8f41d7000 	C:\Windows\SYSTEM32\CRYPTSP.dll
0x00007ff8f40d0000 - 0x00007ff8f4103000 	C:\Windows\system32\rsaenh.dll
0x00007ff8f42d0000 - 0x00007ff8f42fb000 	C:\Windows\SYSTEM32\bcrypt.dll
0x00007ff8f3dd0000 - 0x00007ff8f3def000 	C:\Windows\SYSTEM32\USERENV.dll
0x00007ff8f41e0000 - 0x00007ff8f41eb000 	C:\Windows\SYSTEM32\CRYPTBASE.dll
0x00007ff8f3ce0000 - 0x00007ff8f3d18000 	C:\Windows\SYSTEM32\IPHLPAPI.DLL
0x00007ff8f8180000 - 0x00007ff8f8188000 	C:\Windows\System32\NSI.dll
0x00007ff8ef6d0000 - 0x00007ff8ef6e6000 	C:\Windows\SYSTEM32\dhcpcsvc6.DLL
0x00007ff8efba0000 - 0x00007ff8efbba000 	C:\Windows\SYSTEM32\dhcpcsvc.DLL

VM Arguments:
jvm_args: -Xmx1536m -Dfile.encoding=windows-1252 -Duser.country=US -Duser.language=en -Duser.variant 
java_command: org.gradle.launcher.daemon.bootstrap.GradleDaemon 5.4.1
java_class_path (initial): C:\Users\ROHIT\.gradle\wrapper\dists\gradle-5.4.1-all\3221gyojl5jsh0helicew7rwx\gradle-5.4.1\lib\gradle-launcher-5.4.1.jar
Launcher Type: SUN_STANDARD

Environment Variables:
PATH=C:\Windows\system32;C:\Windows;C:\Windows\System32\Wbem;C:\Windows\System32\WindowsPowerShell\v1.0\;C:\Program Files\Git\cmd;C:\Program Files\nodejs\;C:\Users\ROHIT\AppData\Local\Microsoft\WindowsApps;C:\Users\ROHIT\AppData\Local\atom\bin;C:\Users\ROHIT\AppData\Local\hyper\app-3.0.2\resources\bin;C:\Users\ROHIT\AppData\Roaming\npm
USERNAME=ROHIT
OS=Windows_NT
PROCESSOR_IDENTIFIER=Intel64 Family 6 Model 142 Stepping 10, GenuineIntel



---------------  S Y S T E M  ---------------

OS: Windows 10.0 , 64 bit Build 14393 (10.0.14393.0)

CPU:total 8 (initial active 8) (4 cores per cpu, 2 threads per core) family 6 model 142 stepping 10, cmov, cx8, fxsr, mmx, sse, sse2, sse3, ssse3, sse4.1, sse4.2, popcnt, avx, avx2, aes, clmul, erms, 3dnowpref, lzcnt, ht, tsc, tscinvbit, bmi1, bmi2, adx

Memory: 4k page, physical 8295652k(2835200k free), swap 20878564k(5344k free)

vm_info: OpenJDK 64-Bit Server VM (25.202-b03) for windows-amd64 JRE (1.8.0_202-release-1483-b03), built by "builder" with MS VC++ 10.0 (VS2010)

time: Sun May 17 07:15:34 2020
timezone: Pacific Daylight Time
elapsed time: 1 seconds (0d 0h 0m 1s)

