#
# There is insufficient memory for the Java Runtime Environment to continue.
# Native memory allocation (malloc) failed to allocate 2252816 bytes for Chunk::new
# Possible reasons:
#   The system is out of physical RAM or swap space
#   The process is running with CompressedOops enabled, and the Java Heap may be blocking the growth of the native heap
# Possible solutions:
#   Reduce memory load on the system
#   Increase physical memory or swap space
#   Check if swap backing store is full
#   Decrease Java heap size (-Xmx/-Xms)
#   Decrease number of Java threads
#   Decrease Java thread stack sizes (-Xss)
#   Set larger code cache with -XX:ReservedCodeCacheSize=
#   JVM is running with Unscaled Compressed Oops mode in which the Java heap is
#     placed in the first 4GB address space. The Java Heap base address is the
#     maximum limit for the native heap growth. Please use -XX:HeapBaseMinAddress
#     to set the Java Heap base and to place the Java Heap above 4GB virtual address.
# This output file may be truncated or incomplete.
#
#  Out of Memory Error (allocation.cpp:389), pid=9948, tid=0x0000000000001fac
#
# JRE version: OpenJDK Runtime Environment (8.0_202-b03) (build 1.8.0_202-release-1483-b03)
# Java VM: OpenJDK 64-Bit Server VM (25.202-b03 mixed mode windows-amd64 compressed oops)
# Failed to write core dump. Minidumps are not enabled by default on client versions of Windows
#

---------------  T H R E A D  ---------------

Current thread (0x0000000018d48800):  JavaThread "C2 CompilerThread0" daemon [_thread_in_native, id=8108, stack(0x0000000019610000,0x0000000019710000)]

Stack: [0x0000000019610000,0x0000000019710000]
[error occurred during error reporting (printing stack bounds), id 0xc0000005]

Native frames: (J=compiled Java code, j=interpreted, Vv=VM code, C=native code)


Current CompileTask:
C2:   1372 1407   !   4       java.net.URLClassLoader$1::run (63 bytes)


---------------  P R O C E S S  ---------------

Java Threads: ( => current thread )
  0x000000001abae800 JavaThread "Cache worker for file hash cache (C:\Users\ROHIT\AndroidStudioProjects\Grocery\.gradle\5.4.1\fileHashes)" [_thread_blocked, id=720, stack(0x000000001efc0000,0x000000001f0c0000)]
  0x000000001abad000 JavaThread "Cache worker for journal cache (C:\Users\ROHIT\.gradle\caches\journal-1)" [_thread_blocked, id=9000, stack(0x000000001cb20000,0x000000001cc20000)]
  0x000000001abab000 JavaThread "File lock request listener" [_thread_in_native, id=7416, stack(0x000000001ca20000,0x000000001cb20000)]
  0x0000000019c7b000 JavaThread "Cache worker for file hash cache (C:\Users\ROHIT\.gradle\caches\5.4.1\fileHashes)" [_thread_blocked, id=6392, stack(0x000000001c920000,0x000000001ca20000)]
  0x000000001aed4800 JavaThread "Thread-9" [_thread_blocked, id=1156, stack(0x000000001c820000,0x000000001c920000)]
  0x000000001aecf800 JavaThread "Stdin handler" [_thread_blocked, id=9188, stack(0x000000001c720000,0x000000001c820000)]
  0x000000001afd5800 JavaThread "Asynchronous log dispatcher for DefaultDaemonConnection: socket connection from /127.0.0.1:51827 to /127.0.0.1:51828" [_thread_blocked, id=7672, stack(0x000000001c620000,0x000000001c720000)]
  0x000000001aece800 JavaThread "Daemon worker" [_thread_in_native, id=7216, stack(0x000000001c520000,0x000000001c620000)]
  0x000000001aeda800 JavaThread "Cancel handler" [_thread_blocked, id=8840, stack(0x000000001c420000,0x000000001c520000)]
  0x0000000019040800 JavaThread "Handler for socket connection from /127.0.0.1:51827 to /127.0.0.1:51828" [_thread_in_native, id=8640, stack(0x000000001c120000,0x000000001c220000)]
  0x000000001905e800 JavaThread "Daemon" [_thread_blocked, id=8076, stack(0x000000001c020000,0x000000001c120000)]
  0x000000001905c800 JavaThread "Daemon periodic checks" [_thread_blocked, id=2824, stack(0x000000001bf20000,0x000000001c020000)]
  0x0000000019057800 JavaThread "Incoming local TCP Connector on port 51827" [_thread_in_native, id=8460, stack(0x000000001ba20000,0x000000001bb20000)]
  0x000000001af3a800 JavaThread "Daemon health stats" [_thread_blocked, id=8080, stack(0x000000001b3e0000,0x000000001b4e0000)]
  0x0000000018ddd000 JavaThread "Service Thread" daemon [_thread_blocked, id=1448, stack(0x0000000019a10000,0x0000000019b10000)]
  0x0000000018d56000 JavaThread "C1 CompilerThread3" daemon [_thread_blocked, id=3196, stack(0x0000000019910000,0x0000000019a10000)]
  0x0000000018d4d800 JavaThread "C2 CompilerThread2" daemon [_thread_in_native, id=872, stack(0x0000000019810000,0x0000000019910000)]
  0x0000000018d4b000 JavaThread "C2 CompilerThread1" daemon [_thread_in_native, id=2728, stack(0x0000000019710000,0x0000000019810000)]
=>0x0000000018d48800 JavaThread "C2 CompilerThread0" daemon [_thread_in_native, id=8108, stack(0x0000000019610000,0x0000000019710000)]
  0x0000000018d47000 JavaThread "Attach Listener" daemon [_thread_blocked, id=6516, stack(0x0000000019510000,0x0000000019610000)]
  0x0000000018d46000 JavaThread "Signal Dispatcher" daemon [_thread_blocked, id=3156, stack(0x0000000019410000,0x0000000019510000)]
  0x0000000003159800 JavaThread "Finalizer" daemon [_thread_blocked, id=2100, stack(0x0000000019220000,0x0000000019320000)]
  0x0000000003156800 JavaThread "Reference Handler" daemon [_thread_blocked, id=3756, stack(0x0000000019120000,0x0000000019220000)]
  0x0000000002f5d800 JavaThread "main" [_thread_blocked, id=9136, stack(0x0000000002f60000,0x0000000003060000)]

Other Threads:
  0x0000000016f17800 VMThread [stack: 0x0000000018c20000,0x0000000018d20000] [id=596]
  0x0000000018dde000 WatcherThread [stack: 0x0000000019b10000,0x0000000019c10000] [id=1180]

VM state:not at safepoint (normal execution)

VM Mutex/Monitor currently owned by a thread: None

heap address: 0x00000000a0000000, size: 1536 MB, Compressed Oops mode: 32-bit
Narrow klass base: 0x0000000000000000, Narrow klass shift: 3
Compressed class space size: 1073741824 Address: 0x0000000100000000

Heap:
 PSYoungGen      total 71680K, used 26004K [0x00000000e0000000, 0x00000000e4b00000, 0x0000000100000000)
  eden space 66560K, 31% used [0x00000000e0000000,0x00000000e14692e0,0x00000000e4100000)
  from space 5120K, 99% used [0x00000000e4600000,0x00000000e4afc030,0x00000000e4b00000)
  to   space 5120K, 0% used [0x00000000e4100000,0x00000000e4100000,0x00000000e4600000)
 ParOldGen       total 87552K, used 5056K [0x00000000a0000000, 0x00000000a5580000, 0x00000000e0000000)
  object space 87552K, 5% used [0x00000000a0000000,0x00000000a04f0148,0x00000000a5580000)
 Metaspace       used 17874K, capacity 18330K, committed 18688K, reserved 1064960K
  class space    used 2596K, capacity 2773K, committed 2816K, reserved 1048576K

Card table byte_map: [0x0000000012520000,0x0000000012830000] byte_map_base: 0x0000000012020000

Marking Bits: (ParMarkBitMap*) 0x0000000059459f30
 Begin Bits: [0x0000000013230000, 0x0000000014a30000)
 End Bits:   [0x0000000014a30000, 0x0000000016230000)

Polling page: 0x0000000002e90000

CodeCache: size=245760Kb used=5336Kb max_used=5336Kb free=240423Kb
 bounds [0x0000000003160000, 0x00000000036a0000, 0x0000000012160000]
 total_blobs=1975 nmethods=1569 adapters=319
 compilation: enabled

Compilation events (10 events):
Event: 1.369 Thread 0x0000000018d56000 1571       3       sun.reflect.ReflectionFactory::copyConstructor (10 bytes)
Event: 1.369 Thread 0x0000000018d56000 nmethod 1571 0x0000000003695d10 code [0x0000000003695ea0, 0x0000000003696288]
Event: 1.369 Thread 0x0000000018d56000 1572       3       java.lang.reflect.ReflectAccess::copyConstructor (5 bytes)
Event: 1.369 Thread 0x0000000018d56000 nmethod 1572 0x0000000003696450 code [0x00000000036965c0, 0x00000000036967c8]
Event: 1.369 Thread 0x0000000018d56000 1573       3       java.lang.reflect.Constructor::setConstructorAccessor (21 bytes)
Event: 1.369 Thread 0x0000000018d56000 nmethod 1573 0x0000000003696890 code [0x0000000003696a00, 0x0000000003696da8]
Event: 1.369 Thread 0x0000000018d56000 1574       3       java.lang.reflect.Constructor::getParameterTypes (11 bytes)
Event: 1.370 Thread 0x0000000018d56000 nmethod 1574 0x0000000003696ed0 code [0x0000000003697040, 0x0000000003697348]
Event: 1.370 Thread 0x0000000018d56000 1575       3       java.io.ObjectStreamClass::requireInitialized (18 bytes)
Event: 1.370 Thread 0x0000000018d56000 nmethod 1575 0x0000000003697410 code [0x0000000003697580, 0x00000000036977e8]

GC Heap History (8 events):
Event: 0.426 GC heap before
{Heap before GC invocations=1 (full 0):
 PSYoungGen      total 38400K, used 33280K [0x00000000e0000000, 0x00000000e2a80000, 0x0000000100000000)
  eden space 33280K, 100% used [0x00000000e0000000,0x00000000e2080000,0x00000000e2080000)
  from space 5120K, 0% used [0x00000000e2580000,0x00000000e2580000,0x00000000e2a80000)
  to   space 5120K, 0% used [0x00000000e2080000,0x00000000e2080000,0x00000000e2580000)
 ParOldGen       total 87552K, used 0K [0x00000000a0000000, 0x00000000a5580000, 0x00000000e0000000)
  object space 87552K, 0% used [0x00000000a0000000,0x00000000a0000000,0x00000000a5580000)
 Metaspace       used 6634K, capacity 6800K, committed 7040K, reserved 1056768K
  class space    used 811K, capacity 844K, committed 896K, reserved 1048576K
Event: 0.429 GC heap after
Heap after GC invocations=1 (full 0):
 PSYoungGen      total 38400K, used 4151K [0x00000000e0000000, 0x00000000e2a80000, 0x0000000100000000)
  eden space 33280K, 0% used [0x00000000e0000000,0x00000000e0000000,0x00000000e2080000)
  from space 5120K, 81% used [0x00000000e2080000,0x00000000e248dd20,0x00000000e2580000)
  to   space 5120K, 0% used [0x00000000e2580000,0x00000000e2580000,0x00000000e2a80000)
 ParOldGen       total 87552K, used 8K [0x00000000a0000000, 0x00000000a5580000, 0x00000000e0000000)
  object space 87552K, 0% used [0x00000000a0000000,0x00000000a0002000,0x00000000a5580000)
 Metaspace       used 6634K, capacity 6800K, committed 7040K, reserved 1056768K
  class space    used 811K, capacity 844K, committed 896K, reserved 1048576K
}
Event: 0.643 GC heap before
{Heap before GC invocations=2 (full 0):
 PSYoungGen      total 38400K, used 37431K [0x00000000e0000000, 0x00000000e2a80000, 0x0000000100000000)
  eden space 33280K, 100% used [0x00000000e0000000,0x00000000e2080000,0x00000000e2080000)
  from space 5120K, 81% used [0x00000000e2080000,0x00000000e248dd20,0x00000000e2580000)
  to   space 5120K, 0% used [0x00000000e2580000,0x00000000e2580000,0x00000000e2a80000)
 ParOldGen       total 87552K, used 8K [0x00000000a0000000, 0x00000000a5580000, 0x00000000e0000000)
  object space 87552K, 0% used [0x00000000a0000000,0x00000000a0002000,0x00000000a5580000)
 Metaspace       used 8939K, capacity 9204K, committed 9472K, reserved 1056768K
  class space    used 1171K, capacity 1258K, committed 1280K, reserved 1048576K
Event: 0.646 GC heap after
Heap after GC invocations=2 (full 0):
 PSYoungGen      total 38400K, used 4545K [0x00000000e0000000, 0x00000000e4b00000, 0x0000000100000000)
  eden space 33280K, 0% used [0x00000000e0000000,0x00000000e0000000,0x00000000e2080000)
  from space 5120K, 88% used [0x00000000e2580000,0x00000000e29f05a8,0x00000000e2a80000)
  to   space 5120K, 0% used [0x00000000e2080000,0x00000000e2080000,0x00000000e2580000)
 ParOldGen       total 87552K, used 16K [0x00000000a0000000, 0x00000000a5580000, 0x00000000e0000000)
  object space 87552K, 0% used [0x00000000a0000000,0x00000000a0004000,0x00000000a5580000)
 Metaspace       used 8939K, capacity 9204K, committed 9472K, reserved 1056768K
  class space    used 1171K, capacity 1258K, committed 1280K, reserved 1048576K
}
Event: 0.990 GC heap before
{Heap before GC invocations=3 (full 0):
 PSYoungGen      total 38400K, used 37825K [0x00000000e0000000, 0x00000000e4b00000, 0x0000000100000000)
  eden space 33280K, 100% used [0x00000000e0000000,0x00000000e2080000,0x00000000e2080000)
  from space 5120K, 88% used [0x00000000e2580000,0x00000000e29f05a8,0x00000000e2a80000)
  to   space 5120K, 0% used [0x00000000e2080000,0x00000000e2080000,0x00000000e2580000)
 ParOldGen       total 87552K, used 16K [0x00000000a0000000, 0x00000000a5580000, 0x00000000e0000000)
  object space 87552K, 0% used [0x00000000a0000000,0x00000000a0004000,0x00000000a5580000)
 Metaspace       used 13286K, capacity 13636K, committed 13824K, reserved 1060864K
  class space    used 1837K, capacity 1956K, committed 2048K, reserved 1048576K
Event: 0.994 GC heap after
Heap after GC invocations=3 (full 0):
 PSYoungGen      total 38400K, used 5111K [0x00000000e0000000, 0x00000000e4b00000, 0x0000000100000000)
  eden space 33280K, 0% used [0x00000000e0000000,0x00000000e0000000,0x00000000e2080000)
  from space 5120K, 99% used [0x00000000e2080000,0x00000000e257dd48,0x00000000e2580000)
  to   space 5120K, 0% used [0x00000000e4600000,0x00000000e4600000,0x00000000e4b00000)
 ParOldGen       total 87552K, used 1921K [0x00000000a0000000, 0x00000000a5580000, 0x00000000e0000000)
  object space 87552K, 2% used [0x00000000a0000000,0x00000000a01e07e0,0x00000000a5580000)
 Metaspace       used 13286K, capacity 13636K, committed 13824K, reserved 1060864K
  class space    used 1837K, capacity 1956K, committed 2048K, reserved 1048576K
}
Event: 1.219 GC heap before
{Heap before GC invocations=4 (full 0):
 PSYoungGen      total 38400K, used 38391K [0x00000000e0000000, 0x00000000e4b00000, 0x0000000100000000)
  eden space 33280K, 100% used [0x00000000e0000000,0x00000000e2080000,0x00000000e2080000)
  from space 5120K, 99% used [0x00000000e2080000,0x00000000e257dd48,0x00000000e2580000)
  to   space 5120K, 0% used [0x00000000e4600000,0x00000000e4600000,0x00000000e4b00000)
 ParOldGen       total 87552K, used 1921K [0x00000000a0000000, 0x00000000a5580000, 0x00000000e0000000)
  object space 87552K, 2% used [0x00000000a0000000,0x00000000a01e07e0,0x00000000a5580000)
 Metaspace       used 16187K, capacity 16628K, committed 16896K, reserved 1062912K
  class space    used 2302K, capacity 2446K, committed 2560K, reserved 1048576K
Event: 1.226 GC heap after
Heap after GC invocations=4 (full 0):
 PSYoungGen      total 71680K, used 5104K [0x00000000e0000000, 0x00000000e4b00000, 0x0000000100000000)
  eden space 66560K, 0% used [0x00000000e0000000,0x00000000e0000000,0x00000000e4100000)
  from space 5120K, 99% used [0x00000000e4600000,0x00000000e4afc030,0x00000000e4b00000)
  to   space 5120K, 0% used [0x00000000e4100000,0x00000000e4100000,0x00000000e4600000)
 ParOldGen       total 87552K, used 5056K [0x00000000a0000000, 0x00000000a5580000, 0x00000000e0000000)
  object space 87552K, 5% used [0x00000000a0000000,0x00000000a04f0148,0x00000000a5580000)
 Metaspace       used 16187K, capacity 16628K, committed 16896K, reserved 1062912K
  class space    used 2302K, capacity 2446K, committed 2560K, reserved 1048576K
}

Deoptimization events (10 events):
Event: 0.888 Thread 0x000000001aece800 Uncommon trap: reason=bimorphic action=maybe_recompile pc=0x00000000033ec68c method=java.util.HashMap.putVal(ILjava/lang/Object;Ljava/lang/Object;ZZ)Ljava/lang/Object; @ 253
Event: 0.987 Thread 0x000000001aece800 Uncommon trap: reason=class_check action=maybe_recompile pc=0x0000000003421f58 method=java.util.regex.Matcher.match(II)Z @ 86
Event: 0.999 Thread 0x000000001aece800 Uncommon trap: reason=class_check action=maybe_recompile pc=0x0000000003421f58 method=java.util.regex.Matcher.match(II)Z @ 86
Event: 0.999 Thread 0x000000001aece800 Uncommon trap: reason=class_check action=maybe_recompile pc=0x0000000003421f58 method=java.util.regex.Matcher.match(II)Z @ 86
Event: 0.999 Thread 0x000000001aece800 Uncommon trap: reason=class_check action=maybe_recompile pc=0x00000000033e0d5c method=java.util.regex.Matcher.match(II)Z @ 86
Event: 1.121 Thread 0x000000001aece800 Uncommon trap: reason=unstable_if action=reinterpret pc=0x00000000034f38f4 method=java.lang.String.lastIndexOf([CII[CIII)I @ 66
Event: 1.331 Thread 0x000000001aece800 Uncommon trap: reason=unstable_if action=reinterpret pc=0x00000000032c60c8 method=java.net.URI.match(CJJ)Z @ 19
Event: 1.331 Thread 0x000000001aece800 Uncommon trap: reason=unstable_if action=reinterpret pc=0x00000000033ad4c0 method=java.net.URI.match(CJJ)Z @ 19
Event: 1.331 Thread 0x000000001aece800 Uncommon trap: reason=unstable_if action=reinterpret pc=0x00000000032c5048 method=java.net.URI.match(CJJ)Z @ 19
Event: 1.361 Thread 0x000000001aece800 Uncommon trap: reason=unstable_if action=reinterpret pc=0x000000000341b358 method=java.io.File.getName()Ljava/lang/String; @ 16

Classes redefined (0 events):
No events

Internal exceptions (10 events):
Event: 0.860 Thread 0x0000000019040800 Exception <a 'java/lang/NoSuchMethodError': <clinit>> (0x00000000e0a48710) thrown at [D:\src\AOSP-openjdk-cygwin\jdk8u\hotspot\src\share\vm\prims\jni.cpp, line 1614]
Event: 0.861 Thread 0x0000000019040800 Exception <a 'java/lang/NoSuchMethodError': <clinit>> (0x00000000e0a5c8c0) thrown at [D:\src\AOSP-openjdk-cygwin\jdk8u\hotspot\src\share\vm\prims\jni.cpp, line 1614]
Event: 0.866 Thread 0x0000000019040800 Exception <a 'java/lang/NoSuchMethodError': <clinit>> (0x00000000e0ab7858) thrown at [D:\src\AOSP-openjdk-cygwin\jdk8u\hotspot\src\share\vm\prims\jni.cpp, line 1614]
Event: 0.869 Thread 0x0000000019040800 Exception <a 'java/lang/NoSuchMethodError': <clinit>> (0x00000000e0aef4e8) thrown at [D:\src\AOSP-openjdk-cygwin\jdk8u\hotspot\src\share\vm\prims\jni.cpp, line 1614]
Event: 0.872 Thread 0x0000000019040800 Exception <a 'java/lang/NoSuchMethodError': <clinit>> (0x00000000e0b25408) thrown at [D:\src\AOSP-openjdk-cygwin\jdk8u\hotspot\src\share\vm\prims\jni.cpp, line 1614]
Event: 0.872 Thread 0x0000000019040800 Exception <a 'java/lang/NoSuchMethodError': <clinit>> (0x00000000e0b30e70) thrown at [D:\src\AOSP-openjdk-cygwin\jdk8u\hotspot\src\share\vm\prims\jni.cpp, line 1614]
Event: 1.367 Thread 0x000000001aed4800 Exception <a 'java/lang/NoSuchMethodError': <clinit>> (0x00000000e13d0320) thrown at [D:\src\AOSP-openjdk-cygwin\jdk8u\hotspot\src\share\vm\prims\jni.cpp, line 1614]
Event: 1.367 Thread 0x000000001aed4800 Exception <a 'java/lang/NoSuchMethodError': <clinit>> (0x00000000e13d2708) thrown at [D:\src\AOSP-openjdk-cygwin\jdk8u\hotspot\src\share\vm\prims\jni.cpp, line 1614]
Event: 1.368 Thread 0x000000001aed4800 Exception <a 'java/lang/NoSuchMethodError': <clinit>> (0x00000000e13dc3b0) thrown at [D:\src\AOSP-openjdk-cygwin\jdk8u\hotspot\src\share\vm\prims\jni.cpp, line 1614]
Event: 1.369 Thread 0x000000001aed4800 Exception <a 'java/lang/NoSuchMethodError': <clinit>> (0x00000000e13eb570) thrown at [D:\src\AOSP-openjdk-cygwin\jdk8u\hotspot\src\share\vm\prims\jni.cpp, line 1614]

Events (10 events):
Event: 1.369 loading class org/gradle/internal/buildevents/BuildLogger
Event: 1.369 loading class org/gradle/internal/buildevents/BuildLogger done
Event: 1.369 loading class org/gradle/internal/logging/format/DurationFormatter
Event: 1.369 loading class org/gradle/internal/logging/format/DurationFormatter done
Event: 1.369 loading class org/gradle/internal/buildevents/BuildExceptionReporter
Event: 1.369 loading class org/gradle/internal/buildevents/BuildExceptionReporter done
Event: 1.370 loading class org/gradle/util/TreeVisitor
Event: 1.370 loading class org/gradle/util/TreeVisitor done
Event: 1.370 loading class org/gradle/internal/buildevents/BuildExceptionReporter$1
Event: 1.370 loading class org/gradle/internal/buildevents/BuildExceptionReporter$1 done


Dynamic libraries:
0x00007ff7c0170000 - 0x00007ff7c01a1000 	C:\Program Files\Android\Android Studio\jre\bin\java.exe
0x00007ff8f8290000 - 0x00007ff8f8461000 	C:\Windows\SYSTEM32\ntdll.dll
0x00007ff8f7a80000 - 0x00007ff8f7b2b000 	C:\Windows\System32\KERNEL32.DLL
0x00007ff8f47f0000 - 0x00007ff8f4a0d000 	C:\Windows\System32\KERNELBASE.dll
0x00007ff8f5a70000 - 0x00007ff8f5b12000 	C:\Windows\System32\ADVAPI32.dll
0x00007ff8f74c0000 - 0x00007ff8f755e000 	C:\Windows\System32\msvcrt.dll
0x00007ff8f5820000 - 0x00007ff8f5879000 	C:\Windows\System32\sechost.dll
0x00007ff8f5b20000 - 0x00007ff8f5c41000 	C:\Windows\System32\RPCRT4.dll
0x00007ff8f7700000 - 0x00007ff8f7865000 	C:\Windows\System32\USER32.dll
0x00007ff8f5600000 - 0x00007ff8f561e000 	C:\Windows\System32\win32u.dll
0x00007ff8f5890000 - 0x00007ff8f58c4000 	C:\Windows\System32\GDI32.dll
0x00007ff8f4c30000 - 0x00007ff8f4db2000 	C:\Windows\System32\gdi32full.dll
0x00007ff8e54d0000 - 0x00007ff8e5749000 	C:\Windows\WinSxS\amd64_microsoft.windows.common-controls_6595b64144ccf1df_6.0.14393.447_none_42191651c6827bb3\COMCTL32.dll
0x00007ff8f5c50000 - 0x00007ff8f5f17000 	C:\Windows\System32\combase.dll
0x00007ff8f5620000 - 0x00007ff8f5715000 	C:\Windows\System32\ucrtbase.dll
0x00007ff8f4780000 - 0x00007ff8f47ea000 	C:\Windows\System32\bcryptPrimitives.dll
0x00007ff8f5a40000 - 0x00007ff8f5a6e000 	C:\Windows\System32\IMM32.DLL
0x0000000058bb0000 - 0x0000000058c82000 	C:\Program Files\Android\Android Studio\jre\jre\bin\msvcr100.dll
0x0000000058c90000 - 0x00000000594d6000 	C:\Program Files\Android\Android Studio\jre\jre\bin\server\jvm.dll
0x00007ff8f59d0000 - 0x00007ff8f59d8000 	C:\Windows\System32\PSAPI.DLL
0x00007ff8f25d0000 - 0x00007ff8f25f3000 	C:\Windows\SYSTEM32\WINMM.dll
0x00007ff8f0510000 - 0x00007ff8f0519000 	C:\Windows\SYSTEM32\WSOCK32.dll
0x00007ff8efbc0000 - 0x00007ff8efbca000 	C:\Windows\SYSTEM32\VERSION.dll
0x00007ff8f5f20000 - 0x00007ff8f5f8a000 	C:\Windows\System32\WS2_32.dll
0x0000000002e20000 - 0x0000000002e4b000 	C:\Windows\SYSTEM32\WINMMBASE.dll
0x00007ff8f4be0000 - 0x00007ff8f4c22000 	C:\Windows\System32\cfgmgr32.dll
0x00007ff8f0500000 - 0x00007ff8f050f000 	C:\Program Files\Android\Android Studio\jre\jre\bin\verify.dll
0x00007ff8ea770000 - 0x00007ff8ea799000 	C:\Program Files\Android\Android Studio\jre\jre\bin\java.dll
0x00007ff8ef740000 - 0x00007ff8ef756000 	C:\Program Files\Android\Android Studio\jre\jre\bin\zip.dll
0x00007ff8f5f90000 - 0x00007ff8f7499000 	C:\Windows\System32\SHELL32.dll
0x00007ff8f4dc0000 - 0x00007ff8f549a000 	C:\Windows\System32\windows.storage.dll
0x00007ff8f46f0000 - 0x00007ff8f473c000 	C:\Windows\System32\powrprof.dll
0x00007ff8f76a0000 - 0x00007ff8f76f2000 	C:\Windows\System32\shlwapi.dll
0x00007ff8f4770000 - 0x00007ff8f477f000 	C:\Windows\System32\kernel.appcore.dll
0x00007ff8f54a0000 - 0x00007ff8f5549000 	C:\Windows\System32\shcore.dll
0x00007ff8f4740000 - 0x00007ff8f4754000 	C:\Windows\System32\profapi.dll
0x00007ff8ebe00000 - 0x00007ff8ebe1a000 	C:\Program Files\Android\Android Studio\jre\jre\bin\net.dll
0x00007ff8f3f50000 - 0x00007ff8f3fac000 	C:\Windows\system32\mswsock.dll
0x00007ff8ea3e0000 - 0x00007ff8ea3f1000 	C:\Program Files\Android\Android Studio\jre\jre\bin\nio.dll
0x00007ff8e6900000 - 0x00007ff8e6926000 	C:\Users\ROHIT\.gradle\native\29\windows-amd64\native-platform.dll
0x00007ff8f04f0000 - 0x00007ff8f04fd000 	C:\Program Files\Android\Android Studio\jre\jre\bin\management.dll
0x00007ff8f41c0000 - 0x00007ff8f41d7000 	C:\Windows\SYSTEM32\CRYPTSP.dll
0x00007ff8f40d0000 - 0x00007ff8f4103000 	C:\Windows\system32\rsaenh.dll
0x00007ff8f42d0000 - 0x00007ff8f42fb000 	C:\Windows\SYSTEM32\bcrypt.dll
0x00007ff8f3dd0000 - 0x00007ff8f3def000 	C:\Windows\SYSTEM32\USERENV.dll
0x00007ff8f41e0000 - 0x00007ff8f41eb000 	C:\Windows\SYSTEM32\CRYPTBASE.dll
0x00007ff8f3ce0000 - 0x00007ff8f3d18000 	C:\Windows\SYSTEM32\IPHLPAPI.DLL
0x00007ff8f8180000 - 0x00007ff8f8188000 	C:\Windows\System32\NSI.dll
0x00007ff8ef6d0000 - 0x00007ff8ef6e6000 	C:\Windows\SYSTEM32\dhcpcsvc6.DLL
0x00007ff8efba0000 - 0x00007ff8efbba000 	C:\Windows\SYSTEM32\dhcpcsvc.DLL

VM Arguments:
jvm_args: -Xmx1536m -Dfile.encoding=windows-1252 -Duser.country=US -Duser.language=en -Duser.variant 
java_command: org.gradle.launcher.daemon.bootstrap.GradleDaemon 5.4.1
java_class_path (initial): C:\Users\ROHIT\.gradle\wrapper\dists\gradle-5.4.1-all\3221gyojl5jsh0helicew7rwx\gradle-5.4.1\lib\gradle-launcher-5.4.1.jar
Launcher Type: SUN_STANDARD

Environment Variables:
PATH=C:\Windows\system32;C:\Windows;C:\Windows\System32\Wbem;C:\Windows\System32\WindowsPowerShell\v1.0\;C:\Program Files\Git\cmd;C:\Program Files\nodejs\;C:\Users\ROHIT\AppData\Local\Microsoft\WindowsApps;C:\Users\ROHIT\AppData\Local\atom\bin;C:\Users\ROHIT\AppData\Local\hyper\app-3.0.2\resources\bin;C:\Users\ROHIT\AppData\Roaming\npm
USERNAME=ROHIT
OS=Windows_NT
PROCESSOR_IDENTIFIER=Intel64 Family 6 Model 142 Stepping 10, GenuineIntel



---------------  S Y S T E M  ---------------

OS: Windows 10.0 , 64 bit Build 14393 (10.0.14393.0)

CPU:total 8 (initial active 8) (4 cores per cpu, 2 threads per core) family 6 model 142 stepping 10, cmov, cx8, fxsr, mmx, sse, sse2, sse3, ssse3, sse4.1, sse4.2, popcnt, avx, avx2, aes, clmul, erms, 3dnowpref, lzcnt, ht, tsc, tscinvbit, bmi1, bmi2, adx

Memory: 4k page, physical 8295652k(2805024k free), swap 20878564k(5580k free)

vm_info: OpenJDK 64-Bit Server VM (25.202-b03) for windows-amd64 JRE (1.8.0_202-release-1483-b03), built by "builder" with MS VC++ 10.0 (VS2010)

time: Sun May 17 07:15:27 2020
timezone: Pacific Daylight Time
elapsed time: 1 seconds (0d 0h 0m 1s)

