#
# There is insufficient memory for the Java Runtime Environment to continue.
# Native memory allocation (malloc) failed to allocate 32744 bytes for ChunkPool::allocate
# Possible reasons:
#   The system is out of physical RAM or swap space
#   The process is running with CompressedOops enabled, and the Java Heap may be blocking the growth of the native heap
# Possible solutions:
#   Reduce memory load on the system
#   Increase physical memory or swap space
#   Check if swap backing store is full
#   Decrease Java heap size (-Xmx/-Xms)
#   Decrease number of Java threads
#   Decrease Java thread stack sizes (-Xss)
#   Set larger code cache with -XX:ReservedCodeCacheSize=
#   JVM is running with Unscaled Compressed Oops mode in which the Java heap is
#     placed in the first 4GB address space. The Java Heap base address is the
#     maximum limit for the native heap growth. Please use -XX:HeapBaseMinAddress
#     to set the Java Heap base and to place the Java Heap above 4GB virtual address.
# This output file may be truncated or incomplete.
#
#  Out of Memory Error (allocation.cpp:272), pid=7980, tid=0x0000000000001f88
#
# JRE version: OpenJDK Runtime Environment (8.0_202-b03) (build 1.8.0_202-release-1483-b03)
# Java VM: OpenJDK 64-Bit Server VM (25.202-b03 mixed mode windows-amd64 compressed oops)
# Failed to write core dump. Minidumps are not enabled by default on client versions of Windows
#

---------------  T H R E A D  ---------------

Current thread (0x0000000016fe4800):  JavaThread "C2 CompilerThread1" daemon [_thread_in_native, id=8072, stack(0x00000000179a0000,0x0000000017aa0000)]

Stack: [0x00000000179a0000,0x0000000017aa0000]
[error occurred during error reporting (printing stack bounds), id 0xc0000005]

Native frames: (J=compiled Java code, j=interpreted, Vv=VM code, C=native code)


Current CompileTask:
C2:   3623 1436   !   4       java.net.URLClassLoader$1::run (63 bytes)


---------------  P R O C E S S  ---------------

Java Threads: ( => current thread )
  0x00000000181a0800 JavaThread "Cache worker for journal cache (C:\Users\ROHIT\.gradle\caches\journal-1)" [_thread_blocked, id=2884, stack(0x000000001adb0000,0x000000001aeb0000)]
  0x000000001819f000 JavaThread "File lock request listener" [_thread_in_native, id=5108, stack(0x000000001acb0000,0x000000001adb0000)]
  0x0000000018d4a000 JavaThread "Cache worker for file hash cache (C:\Users\ROHIT\.gradle\caches\5.4.1\fileHashes)" [_thread_blocked, id=8812, stack(0x000000001abb0000,0x000000001acb0000)]
  0x00000000191e7800 JavaThread "Thread-9" [_thread_blocked, id=6684, stack(0x000000001aab0000,0x000000001abb0000)]
  0x00000000193c4000 JavaThread "Stdin handler" [_thread_blocked, id=3600, stack(0x000000001a9b0000,0x000000001aab0000)]
  0x000000001942e800 JavaThread "Asynchronous log dispatcher for DefaultDaemonConnection: socket connection from /127.0.0.1:51702 to /127.0.0.1:51703" [_thread_blocked, id=9912, stack(0x000000001a8b0000,0x000000001a9b0000)]
  0x00000000193c0800 JavaThread "Daemon worker" [_thread_in_native, id=8856, stack(0x000000001a7b0000,0x000000001a8b0000)]
  0x00000000191eb800 JavaThread "Cancel handler" [_thread_blocked, id=5828, stack(0x000000001a6b0000,0x000000001a7b0000)]
  0x000000001933c800 JavaThread "Handler for socket connection from /127.0.0.1:51702 to /127.0.0.1:51703" [_thread_in_native, id=8132, stack(0x000000001a3b0000,0x000000001a4b0000)]
  0x0000000018771000 JavaThread "Daemon" [_thread_blocked, id=1632, stack(0x000000001a2b0000,0x000000001a3b0000)]
  0x000000001876a000 JavaThread "Daemon periodic checks" [_thread_blocked, id=6148, stack(0x000000001a1b0000,0x000000001a2b0000)]
  0x0000000018079800 JavaThread "Incoming local TCP Connector on port 51702" [_thread_in_native, id=216, stack(0x0000000019cb0000,0x0000000019db0000)]
  0x0000000019085800 JavaThread "Daemon health stats" [_thread_blocked, id=1776, stack(0x0000000019670000,0x0000000019770000)]
  0x0000000017077800 JavaThread "Service Thread" daemon [_thread_blocked, id=3304, stack(0x0000000017ca0000,0x0000000017da0000)]
  0x0000000016fea000 JavaThread "C1 CompilerThread3" daemon [_thread_blocked, id=5868, stack(0x0000000017ba0000,0x0000000017ca0000)]
  0x0000000016fe5800 JavaThread "C2 CompilerThread2" daemon [_thread_blocked, id=2812, stack(0x0000000017aa0000,0x0000000017ba0000)]
=>0x0000000016fe4800 JavaThread "C2 CompilerThread1" daemon [_thread_in_native, id=8072, stack(0x00000000179a0000,0x0000000017aa0000)]
  0x0000000016fde000 JavaThread "C2 CompilerThread0" daemon [_thread_in_native, id=6116, stack(0x00000000178a0000,0x00000000179a0000)]
  0x0000000016fdd000 JavaThread "Attach Listener" daemon [_thread_blocked, id=9368, stack(0x00000000177a0000,0x00000000178a0000)]
  0x0000000016fdb800 JavaThread "Signal Dispatcher" daemon [_thread_blocked, id=788, stack(0x00000000176a0000,0x00000000177a0000)]
  0x00000000026bd800 JavaThread "Finalizer" daemon [_thread_blocked, id=6520, stack(0x00000000174b0000,0x00000000175b0000)]
  0x00000000151dc000 JavaThread "Reference Handler" daemon [_thread_blocked, id=9480, stack(0x00000000173b0000,0x00000000174b0000)]
  0x000000000245d800 JavaThread "main" [_thread_blocked, id=5876, stack(0x00000000024c0000,0x00000000025c0000)]

Other Threads:
  0x00000000151d7800 VMThread [stack: 0x0000000016eb0000,0x0000000016fb0000] [id=3792]
  0x0000000017078800 WatcherThread [stack: 0x0000000017da0000,0x0000000017ea0000] [id=3272]

VM state:not at safepoint (normal execution)

VM Mutex/Monitor currently owned by a thread: None

heap address: 0x00000000c0000000, size: 1024 MB, Compressed Oops mode: 32-bit
Narrow klass base: 0x0000000000000000, Narrow klass shift: 3
Compressed class space size: 1073741824 Address: 0x0000000100000000

Heap:
 PSYoungGen      total 38400K, used 12561K [0x00000000eab00000, 0x00000000ed580000, 0x0000000100000000)
  eden space 33280K, 22% used [0x00000000eab00000,0x00000000eb2483d0,0x00000000ecb80000)
  from space 5120K, 99% used [0x00000000ed080000,0x00000000ed57c030,0x00000000ed580000)
  to   space 5120K, 0% used [0x00000000ecb80000,0x00000000ecb80000,0x00000000ed080000)
 ParOldGen       total 87552K, used 5106K [0x00000000c0000000, 0x00000000c5580000, 0x00000000eab00000)
  object space 87552K, 5% used [0x00000000c0000000,0x00000000c04fc988,0x00000000c5580000)
 Metaspace       used 16651K, capacity 17040K, committed 17152K, reserved 1064960K
  class space    used 2394K, capacity 2552K, committed 2560K, reserved 1048576K

Card table byte_map: [0x0000000011a80000,0x0000000011c90000] byte_map_base: 0x0000000011480000

Marking Bits: (ParMarkBitMap*) 0x000000006a2a9f30
 Begin Bits: [0x00000000125f0000, 0x00000000135f0000)
 End Bits:   [0x00000000135f0000, 0x00000000145f0000)

Polling page: 0x0000000000860000

CodeCache: size=245760Kb used=5219Kb max_used=5224Kb free=240540Kb
 bounds [0x00000000026c0000, 0x0000000002be0000, 0x00000000116c0000]
 total_blobs=1923 nmethods=1525 adapters=311
 compilation: enabled

Compilation events (10 events):
Event: 3.377 Thread 0x0000000016fea000 nmethod 1523 0x0000000002bd3390 code [0x0000000002bd34e0, 0x0000000002bd3750]
Event: 3.384 Thread 0x0000000016fe5800 nmethod 1522 0x0000000002bd2c50 code [0x0000000002bd2da0, 0x0000000002bd30d8]
Event: 3.401 Thread 0x0000000016fea000 1524       3       java.util.concurrent.locks.LockSupport::setBlocker (12 bytes)
Event: 3.401 Thread 0x0000000016fea000 nmethod 1524 0x0000000002bd2950 code [0x0000000002bd2aa0, 0x0000000002bd2bf0]
Event: 3.414 Thread 0x0000000016fea000 1525       3       org.gradle.internal.service.DefaultServiceRegistry$ManagedObjectServiceProvider::requiredBy (20 bytes)
Event: 3.414 Thread 0x0000000016fea000 nmethod 1525 0x0000000002bd2110 code [0x0000000002bd22a0, 0x0000000002bd27c8]
Event: 3.414 Thread 0x0000000016fea000 1526       3       org.gradle.internal.service.DefaultServiceRegistry$ManagedObjectServiceProvider::fromSameRegistry (27 bytes)
Event: 3.414 Thread 0x0000000016fea000 nmethod 1526 0x0000000002bdb090 code [0x0000000002bdb200, 0x0000000002bdb5d0]
Event: 3.414 Thread 0x0000000016fea000 1527       3       org.gradle.internal.service.DefaultServiceRegistry$ParentServices::getService (11 bytes)
Event: 3.415 Thread 0x0000000016fea000 nmethod 1527 0x0000000002bdac10 code [0x0000000002bdad80, 0x0000000002bdafa8]

GC Heap History (8 events):
Event: 1.158 GC heap before
{Heap before GC invocations=1 (full 0):
 PSYoungGen      total 38400K, used 33280K [0x00000000eab00000, 0x00000000ed580000, 0x0000000100000000)
  eden space 33280K, 100% used [0x00000000eab00000,0x00000000ecb80000,0x00000000ecb80000)
  from space 5120K, 0% used [0x00000000ed080000,0x00000000ed080000,0x00000000ed580000)
  to   space 5120K, 0% used [0x00000000ecb80000,0x00000000ecb80000,0x00000000ed080000)
 ParOldGen       total 87552K, used 0K [0x00000000c0000000, 0x00000000c5580000, 0x00000000eab00000)
  object space 87552K, 0% used [0x00000000c0000000,0x00000000c0000000,0x00000000c5580000)
 Metaspace       used 6631K, capacity 6800K, committed 7040K, reserved 1056768K
  class space    used 811K, capacity 844K, committed 896K, reserved 1048576K
Event: 1.164 GC heap after
Heap after GC invocations=1 (full 0):
 PSYoungGen      total 38400K, used 4201K [0x00000000eab00000, 0x00000000ed580000, 0x0000000100000000)
  eden space 33280K, 0% used [0x00000000eab00000,0x00000000eab00000,0x00000000ecb80000)
  from space 5120K, 82% used [0x00000000ecb80000,0x00000000ecf9a408,0x00000000ed080000)
  to   space 5120K, 0% used [0x00000000ed080000,0x00000000ed080000,0x00000000ed580000)
 ParOldGen       total 87552K, used 8K [0x00000000c0000000, 0x00000000c5580000, 0x00000000eab00000)
  object space 87552K, 0% used [0x00000000c0000000,0x00000000c0002000,0x00000000c5580000)
 Metaspace       used 6631K, capacity 6800K, committed 7040K, reserved 1056768K
  class space    used 811K, capacity 844K, committed 896K, reserved 1048576K
}
Event: 1.819 GC heap before
{Heap before GC invocations=2 (full 0):
 PSYoungGen      total 38400K, used 37481K [0x00000000eab00000, 0x00000000ed580000, 0x0000000100000000)
  eden space 33280K, 100% used [0x00000000eab00000,0x00000000ecb80000,0x00000000ecb80000)
  from space 5120K, 82% used [0x00000000ecb80000,0x00000000ecf9a408,0x00000000ed080000)
  to   space 5120K, 0% used [0x00000000ed080000,0x00000000ed080000,0x00000000ed580000)
 ParOldGen       total 87552K, used 8K [0x00000000c0000000, 0x00000000c5580000, 0x00000000eab00000)
  object space 87552K, 0% used [0x00000000c0000000,0x00000000c0002000,0x00000000c5580000)
 Metaspace       used 8943K, capacity 9202K, committed 9472K, reserved 1056768K
  class space    used 1169K, capacity 1257K, committed 1280K, reserved 1048576K
Event: 1.824 GC heap after
Heap after GC invocations=2 (full 0):
 PSYoungGen      total 38400K, used 4516K [0x00000000eab00000, 0x00000000ed580000, 0x0000000100000000)
  eden space 33280K, 0% used [0x00000000eab00000,0x00000000eab00000,0x00000000ecb80000)
  from space 5120K, 88% used [0x00000000ed080000,0x00000000ed4e93b8,0x00000000ed580000)
  to   space 5120K, 0% used [0x00000000ecb80000,0x00000000ecb80000,0x00000000ed080000)
 ParOldGen       total 87552K, used 16K [0x00000000c0000000, 0x00000000c5580000, 0x00000000eab00000)
  object space 87552K, 0% used [0x00000000c0000000,0x00000000c0004000,0x00000000c5580000)
 Metaspace       used 8943K, capacity 9202K, committed 9472K, reserved 1056768K
  class space    used 1169K, capacity 1257K, committed 1280K, reserved 1048576K
}
Event: 2.815 GC heap before
{Heap before GC invocations=3 (full 0):
 PSYoungGen      total 38400K, used 37796K [0x00000000eab00000, 0x00000000ed580000, 0x0000000100000000)
  eden space 33280K, 100% used [0x00000000eab00000,0x00000000ecb80000,0x00000000ecb80000)
  from space 5120K, 88% used [0x00000000ed080000,0x00000000ed4e93b8,0x00000000ed580000)
  to   space 5120K, 0% used [0x00000000ecb80000,0x00000000ecb80000,0x00000000ed080000)
 ParOldGen       total 87552K, used 16K [0x00000000c0000000, 0x00000000c5580000, 0x00000000eab00000)
  object space 87552K, 0% used [0x00000000c0000000,0x00000000c0004000,0x00000000c5580000)
 Metaspace       used 13315K, capacity 13632K, committed 13824K, reserved 1060864K
  class space    used 1839K, capacity 1966K, committed 2048K, reserved 1048576K
Event: 2.824 GC heap after
Heap after GC invocations=3 (full 0):
 PSYoungGen      total 38400K, used 5089K [0x00000000eab00000, 0x00000000ed580000, 0x0000000100000000)
  eden space 33280K, 0% used [0x00000000eab00000,0x00000000eab00000,0x00000000ecb80000)
  from space 5120K, 99% used [0x00000000ecb80000,0x00000000ed0784d8,0x00000000ed080000)
  to   space 5120K, 0% used [0x00000000ed080000,0x00000000ed080000,0x00000000ed580000)
 ParOldGen       total 87552K, used 1958K [0x00000000c0000000, 0x00000000c5580000, 0x00000000eab00000)
  object space 87552K, 2% used [0x00000000c0000000,0x00000000c01e9b80,0x00000000c5580000)
 Metaspace       used 13315K, capacity 13632K, committed 13824K, reserved 1060864K
  class space    used 1839K, capacity 1966K, committed 2048K, reserved 1048576K
}
Event: 3.307 GC heap before
{Heap before GC invocations=4 (full 0):
 PSYoungGen      total 38400K, used 38369K [0x00000000eab00000, 0x00000000ed580000, 0x0000000100000000)
  eden space 33280K, 100% used [0x00000000eab00000,0x00000000ecb80000,0x00000000ecb80000)
  from space 5120K, 99% used [0x00000000ecb80000,0x00000000ed0784d8,0x00000000ed080000)
  to   space 5120K, 0% used [0x00000000ed080000,0x00000000ed080000,0x00000000ed580000)
 ParOldGen       total 87552K, used 1958K [0x00000000c0000000, 0x00000000c5580000, 0x00000000eab00000)
  object space 87552K, 2% used [0x00000000c0000000,0x00000000c01e9b80,0x00000000c5580000)
 Metaspace       used 16185K, capacity 16624K, committed 16896K, reserved 1062912K
  class space    used 2302K, capacity 2456K, committed 2560K, reserved 1048576K
Event: 3.316 GC heap after
Heap after GC invocations=4 (full 0):
 PSYoungGen      total 38400K, used 5104K [0x00000000eab00000, 0x00000000ed580000, 0x0000000100000000)
  eden space 33280K, 0% used [0x00000000eab00000,0x00000000eab00000,0x00000000ecb80000)
  from space 5120K, 99% used [0x00000000ed080000,0x00000000ed57c030,0x00000000ed580000)
  to   space 5120K, 0% used [0x00000000ecb80000,0x00000000ecb80000,0x00000000ed080000)
 ParOldGen       total 87552K, used 5106K [0x00000000c0000000, 0x00000000c5580000, 0x00000000eab00000)
  object space 87552K, 5% used [0x00000000c0000000,0x00000000c04fc988,0x00000000c5580000)
 Metaspace       used 16185K, capacity 16624K, committed 16896K, reserved 1062912K
  class space    used 2302K, capacity 2456K, committed 2560K, reserved 1048576K
}

Deoptimization events (10 events):
Event: 2.046 Thread 0x000000000245d800 Uncommon trap: reason=unstable_if action=reinterpret pc=0x00000000029fc20c method=java.io.WinNTFileSystem.normalize(Ljava/lang/String;II)Ljava/lang/String; @ 90
Event: 2.443 Thread 0x000000001933c800 Uncommon trap: reason=unstable_if action=reinterpret pc=0x0000000002a60e30 method=java.util.concurrent.ConcurrentHashMap.putVal(Ljava/lang/Object;Ljava/lang/Object;Z)Ljava/lang/Object; @ 206
Event: 2.561 Thread 0x00000000193c0800 Uncommon trap: reason=bimorphic action=maybe_recompile pc=0x00000000029429cc method=java.util.HashMap.putVal(ILjava/lang/Object;Ljava/lang/Object;ZZ)Ljava/lang/Object; @ 253
Event: 2.561 Thread 0x00000000193c0800 Uncommon trap: reason=bimorphic action=maybe_recompile pc=0x00000000029429cc method=java.util.HashMap.putVal(ILjava/lang/Object;Ljava/lang/Object;ZZ)Ljava/lang/Object; @ 253
Event: 2.561 Thread 0x00000000193c0800 Uncommon trap: reason=bimorphic action=maybe_recompile pc=0x00000000029429cc method=java.util.HashMap.putVal(ILjava/lang/Object;Ljava/lang/Object;ZZ)Ljava/lang/Object; @ 253
Event: 2.825 Thread 0x00000000193c0800 Uncommon trap: reason=class_check action=maybe_recompile pc=0x0000000002983b98 method=java.util.regex.Matcher.match(II)Z @ 86
Event: 2.841 Thread 0x00000000193c0800 Uncommon trap: reason=class_check action=maybe_recompile pc=0x0000000002983b98 method=java.util.regex.Matcher.match(II)Z @ 86
Event: 2.841 Thread 0x00000000193c0800 Uncommon trap: reason=class_check action=maybe_recompile pc=0x0000000002983b98 method=java.util.regex.Matcher.match(II)Z @ 86
Event: 2.842 Thread 0x00000000193c0800 Uncommon trap: reason=class_check action=maybe_recompile pc=0x000000000293dc9c method=java.util.regex.Matcher.match(II)Z @ 86
Event: 3.134 Thread 0x00000000193c0800 Uncommon trap: reason=unstable_if action=reinterpret pc=0x0000000002a58ff4 method=java.lang.String.lastIndexOf([CII[CIII)I @ 66

Classes redefined (0 events):
No events

Internal exceptions (10 events):
Event: 2.450 Thread 0x000000001933c800 Exception <a 'java/lang/NoSuchMethodError': <clinit>> (0x00000000eb5615c8) thrown at [D:\src\AOSP-openjdk-cygwin\jdk8u\hotspot\src\share\vm\prims\jni.cpp, line 1614]
Event: 2.454 Thread 0x000000001933c800 Exception <a 'java/lang/NoSuchMethodError': <clinit>> (0x00000000eb574c50) thrown at [D:\src\AOSP-openjdk-cygwin\jdk8u\hotspot\src\share\vm\prims\jni.cpp, line 1614]
Event: 2.460 Thread 0x000000001933c800 Exception <a 'java/lang/NoSuchMethodError': <clinit>> (0x00000000eb59c020) thrown at [D:\src\AOSP-openjdk-cygwin\jdk8u\hotspot\src\share\vm\prims\jni.cpp, line 1614]
Event: 2.463 Thread 0x000000001933c800 Exception <a 'java/lang/NoSuchMethodError': <clinit>> (0x00000000eb5b4068) thrown at [D:\src\AOSP-openjdk-cygwin\jdk8u\hotspot\src\share\vm\prims\jni.cpp, line 1614]
Event: 2.464 Thread 0x000000001933c800 Exception <a 'java/lang/NoSuchMethodError': <clinit>> (0x00000000eb5bccf8) thrown at [D:\src\AOSP-openjdk-cygwin\jdk8u\hotspot\src\share\vm\prims\jni.cpp, line 1614]
Event: 2.467 Thread 0x000000001933c800 Exception <a 'java/lang/NoSuchMethodError': <clinit>> (0x00000000eb5d3300) thrown at [D:\src\AOSP-openjdk-cygwin\jdk8u\hotspot\src\share\vm\prims\jni.cpp, line 1614]
Event: 2.479 Thread 0x000000001933c800 Exception <a 'java/lang/NoSuchMethodError': <clinit>> (0x00000000eb633bf0) thrown at [D:\src\AOSP-openjdk-cygwin\jdk8u\hotspot\src\share\vm\prims\jni.cpp, line 1614]
Event: 2.486 Thread 0x000000001933c800 Exception <a 'java/lang/NoSuchMethodError': <clinit>> (0x00000000eb660990) thrown at [D:\src\AOSP-openjdk-cygwin\jdk8u\hotspot\src\share\vm\prims\jni.cpp, line 1614]
Event: 2.493 Thread 0x000000001933c800 Exception <a 'java/lang/NoSuchMethodError': <clinit>> (0x00000000eb68ee08) thrown at [D:\src\AOSP-openjdk-cygwin\jdk8u\hotspot\src\share\vm\prims\jni.cpp, line 1614]
Event: 2.494 Thread 0x000000001933c800 Exception <a 'java/lang/NoSuchMethodError': <clinit>> (0x00000000eb69a108) thrown at [D:\src\AOSP-openjdk-cygwin\jdk8u\hotspot\src\share\vm\prims\jni.cpp, line 1614]

Events (10 events):
Event: 3.415 loading class org/gradle/internal/scripts/ScriptingLanguages
Event: 3.415 loading class org/gradle/internal/scripts/ScriptingLanguages done
Event: 3.415 loading class org/gradle/scripts/ScriptingLanguage
Event: 3.415 loading class org/gradle/scripts/ScriptingLanguage done
Event: 3.415 loading class org/gradle/internal/scripts/ScriptingLanguages$1
Event: 3.415 loading class org/gradle/internal/scripts/ScriptingLanguages$1 done
Event: 3.416 loading class org/gradle/initialization/layout/BuildLayout
Event: 3.416 loading class org/gradle/initialization/layout/BuildLayout done
Event: 3.416 loading class org/gradle/initialization/SettingsLocation
Event: 3.416 loading class org/gradle/initialization/SettingsLocation done


Dynamic libraries:
0x00007ff7c1d90000 - 0x00007ff7c1dc1000 	C:\Program Files\Android\Android Studio\jre\bin\java.exe
0x00007ffa301d0000 - 0x00007ffa303a1000 	C:\Windows\SYSTEM32\ntdll.dll
0x00007ffa2f350000 - 0x00007ffa2f3fb000 	C:\Windows\System32\KERNEL32.DLL
0x00007ffa2c820000 - 0x00007ffa2ca3d000 	C:\Windows\System32\KERNELBASE.dll
0x00007ffa2f5d0000 - 0x00007ffa2f672000 	C:\Windows\System32\ADVAPI32.dll
0x00007ffa2fa00000 - 0x00007ffa2fa9e000 	C:\Windows\System32\msvcrt.dll
0x00007ffa2db90000 - 0x00007ffa2dbe9000 	C:\Windows\System32\sechost.dll
0x00007ffa2fca0000 - 0x00007ffa2fdc1000 	C:\Windows\System32\RPCRT4.dll
0x00007ffa2dc10000 - 0x00007ffa2dd75000 	C:\Windows\System32\USER32.dll
0x00007ffa2cd00000 - 0x00007ffa2cd1e000 	C:\Windows\System32\win32u.dll
0x00007ffa2f6b0000 - 0x00007ffa2f6e4000 	C:\Windows\System32\GDI32.dll
0x00007ffa2d5d0000 - 0x00007ffa2d752000 	C:\Windows\System32\gdi32full.dll
0x00007ffa204c0000 - 0x00007ffa20739000 	C:\Windows\WinSxS\amd64_microsoft.windows.common-controls_6595b64144ccf1df_6.0.14393.447_none_42191651c6827bb3\COMCTL32.dll
0x00007ffa2fde0000 - 0x00007ffa300a7000 	C:\Windows\System32\combase.dll
0x00007ffa2cb90000 - 0x00007ffa2cc85000 	C:\Windows\System32\ucrtbase.dll
0x00007ffa2cc90000 - 0x00007ffa2ccfa000 	C:\Windows\System32\bcryptPrimitives.dll
0x00007ffa2f680000 - 0x00007ffa2f6ae000 	C:\Windows\System32\IMM32.DLL
0x0000000069a00000 - 0x0000000069ad2000 	C:\Program Files\Android\Android Studio\jre\jre\bin\msvcr100.dll
0x0000000069ae0000 - 0x000000006a326000 	C:\Program Files\Android\Android Studio\jre\jre\bin\server\jvm.dll
0x00007ffa300b0000 - 0x00007ffa300b8000 	C:\Windows\System32\PSAPI.DLL
0x00007ffa253a0000 - 0x00007ffa253aa000 	C:\Windows\SYSTEM32\VERSION.dll
0x00007ffa29c90000 - 0x00007ffa29c99000 	C:\Windows\SYSTEM32\WSOCK32.dll
0x00007ffa2a180000 - 0x00007ffa2a1a3000 	C:\Windows\SYSTEM32\WINMM.dll
0x00007ffa2f500000 - 0x00007ffa2f56a000 	C:\Windows\System32\WS2_32.dll
0x0000000002490000 - 0x00000000024bb000 	C:\Windows\SYSTEM32\WINMMBASE.dll
0x00007ffa2cae0000 - 0x00007ffa2cb22000 	C:\Windows\System32\cfgmgr32.dll
0x00007ffa25b30000 - 0x00007ffa25b3f000 	C:\Program Files\Android\Android Studio\jre\jre\bin\verify.dll
0x00007ffa21240000 - 0x00007ffa21269000 	C:\Program Files\Android\Android Studio\jre\jre\bin\java.dll
0x00007ffa256e0000 - 0x00007ffa256f6000 	C:\Program Files\Android\Android Studio\jre\jre\bin\zip.dll
0x00007ffa2de40000 - 0x00007ffa2f349000 	C:\Windows\System32\SHELL32.dll
0x00007ffa2cef0000 - 0x00007ffa2d5ca000 	C:\Windows\System32\windows.storage.dll
0x00007ffa2c670000 - 0x00007ffa2c6bc000 	C:\Windows\System32\powrprof.dll
0x00007ffa2f570000 - 0x00007ffa2f5c2000 	C:\Windows\System32\shlwapi.dll
0x00007ffa2c640000 - 0x00007ffa2c64f000 	C:\Windows\System32\kernel.appcore.dll
0x00007ffa2c6c0000 - 0x00007ffa2c769000 	C:\Windows\System32\shcore.dll
0x00007ffa2c650000 - 0x00007ffa2c664000 	C:\Windows\System32\profapi.dll
0x00007ffa211d0000 - 0x00007ffa211ea000 	C:\Program Files\Android\Android Studio\jre\jre\bin\net.dll
0x00007ffa2be90000 - 0x00007ffa2beec000 	C:\Windows\system32\mswsock.dll
0x00007ffa1e860000 - 0x00007ffa1e871000 	C:\Program Files\Android\Android Studio\jre\jre\bin\nio.dll
0x00007ffa05ab0000 - 0x00007ffa05ad6000 	C:\Users\ROHIT\.gradle\native\29\windows-amd64\native-platform.dll
0x00007ffa25b20000 - 0x00007ffa25b2d000 	C:\Program Files\Android\Android Studio\jre\jre\bin\management.dll
0x00007ffa2c100000 - 0x00007ffa2c117000 	C:\Windows\SYSTEM32\CRYPTSP.dll
0x00007ffa2c010000 - 0x00007ffa2c043000 	C:\Windows\system32\rsaenh.dll
0x00007ffa2c210000 - 0x00007ffa2c23b000 	C:\Windows\SYSTEM32\bcrypt.dll
0x00007ffa2bd10000 - 0x00007ffa2bd2f000 	C:\Windows\SYSTEM32\USERENV.dll
0x00007ffa2c120000 - 0x00007ffa2c12b000 	C:\Windows\SYSTEM32\CRYPTBASE.dll
0x00007ffa2bc20000 - 0x00007ffa2bc58000 	C:\Windows\SYSTEM32\IPHLPAPI.DLL
0x00007ffa2fdd0000 - 0x00007ffa2fdd8000 	C:\Windows\System32\NSI.dll
0x00007ffa24c50000 - 0x00007ffa24c66000 	C:\Windows\SYSTEM32\dhcpcsvc6.DLL
0x00007ffa25400000 - 0x00007ffa2541a000 	C:\Windows\SYSTEM32\dhcpcsvc.DLL

VM Arguments:
jvm_args: -Xmx1024m -Dfile.encoding=windows-1252 -Duser.country=US -Duser.language=en -Duser.variant 
java_command: org.gradle.launcher.daemon.bootstrap.GradleDaemon 5.4.1
java_class_path (initial): C:\Users\ROHIT\.gradle\wrapper\dists\gradle-5.4.1-all\3221gyojl5jsh0helicew7rwx\gradle-5.4.1\lib\gradle-launcher-5.4.1.jar
Launcher Type: SUN_STANDARD

Environment Variables:
PATH=C:\Windows\system32;C:\Windows;C:\Windows\System32\Wbem;C:\Windows\System32\WindowsPowerShell\v1.0\;C:\Program Files\Git\cmd;C:\Program Files\nodejs\;C:\Users\ROHIT\AppData\Local\Microsoft\WindowsApps;C:\Users\ROHIT\AppData\Local\atom\bin;C:\Users\ROHIT\AppData\Local\hyper\app-3.0.2\resources\bin;C:\Users\ROHIT\AppData\Roaming\npm
USERNAME=ROHIT
OS=Windows_NT
PROCESSOR_IDENTIFIER=Intel64 Family 6 Model 142 Stepping 10, GenuineIntel



---------------  S Y S T E M  ---------------

OS: Windows 10.0 , 64 bit Build 14393 (10.0.14393.0)

CPU:total 8 (initial active 8) (4 cores per cpu, 2 threads per core) family 6 model 142 stepping 10, cmov, cx8, fxsr, mmx, sse, sse2, sse3, ssse3, sse4.1, sse4.2, popcnt, avx, avx2, aes, clmul, erms, 3dnowpref, lzcnt, ht, tsc, tscinvbit, bmi1, bmi2, adx

Memory: 4k page, physical 8295652k(1511588k free), swap 20878564k(4092k free)

vm_info: OpenJDK 64-Bit Server VM (25.202-b03) for windows-amd64 JRE (1.8.0_202-release-1483-b03), built by "builder" with MS VC++ 10.0 (VS2010)

time: Sat May 16 10:55:34 2020
timezone: Pacific Daylight Time
elapsed time: 3 seconds (0d 0h 0m 3s)

