#
# There is insufficient memory for the Java Runtime Environment to continue.
# Native memory allocation (malloc) failed to allocate 728848 bytes for Chunk::new
# Possible reasons:
#   The system is out of physical RAM or swap space
#   The process is running with CompressedOops enabled, and the Java Heap may be blocking the growth of the native heap
# Possible solutions:
#   Reduce memory load on the system
#   Increase physical memory or swap space
#   Check if swap backing store is full
#   Decrease Java heap size (-Xmx/-Xms)
#   Decrease number of Java threads
#   Decrease Java thread stack sizes (-Xss)
#   Set larger code cache with -XX:ReservedCodeCacheSize=
#   JVM is running with Unscaled Compressed Oops mode in which the Java heap is
#     placed in the first 4GB address space. The Java Heap base address is the
#     maximum limit for the native heap growth. Please use -XX:HeapBaseMinAddress
#     to set the Java Heap base and to place the Java Heap above 4GB virtual address.
# This output file may be truncated or incomplete.
#
#  Out of Memory Error (allocation.cpp:389), pid=8048, tid=0x00000000000027f4
#
# JRE version: OpenJDK Runtime Environment (8.0_202-b03) (build 1.8.0_202-release-1483-b03)
# Java VM: OpenJDK 64-Bit Server VM (25.202-b03 mixed mode windows-amd64 compressed oops)
# Failed to write core dump. Minidumps are not enabled by default on client versions of Windows
#

---------------  T H R E A D  ---------------

Current thread (0x0000000018905800):  JavaThread "C2 CompilerThread2" daemon [_thread_in_native, id=10228, stack(0x00000000193c0000,0x00000000194c0000)]

Stack: [0x00000000193c0000,0x00000000194c0000]
[error occurred during error reporting (printing stack bounds), id 0xc0000005]

Native frames: (J=compiled Java code, j=interpreted, Vv=VM code, C=native code)


Current CompileTask:
C2:   1294 1408   !   4       java.net.URLClassLoader$1::run (63 bytes)


---------------  P R O C E S S  ---------------

Java Threads: ( => current thread )
  0x000000001a18b000 JavaThread "Cache worker for file hash cache (C:\Users\ROHIT\AndroidStudioProjects\Grocery\.gradle\5.4.1\fileHashes)" [_thread_blocked, id=8732, stack(0x000000001eb70000,0x000000001ec70000)]
  0x000000001a18c800 JavaThread "Cache worker for journal cache (C:\Users\ROHIT\.gradle\caches\journal-1)" [_thread_blocked, id=1240, stack(0x000000001c6d0000,0x000000001c7d0000)]
  0x000000001a18e000 JavaThread "File lock request listener" [_thread_in_native, id=6452, stack(0x000000001c5d0000,0x000000001c6d0000)]
  0x000000001a24b000 JavaThread "Cache worker for file hash cache (C:\Users\ROHIT\.gradle\caches\5.4.1\fileHashes)" [_thread_blocked, id=6556, stack(0x000000001c4d0000,0x000000001c5d0000)]
  0x000000001aa41000 JavaThread "Thread-9" [_thread_blocked, id=4408, stack(0x000000001c3d0000,0x000000001c4d0000)]
  0x000000001ac54800 JavaThread "Stdin handler" [_thread_blocked, id=5472, stack(0x000000001c2d0000,0x000000001c3d0000)]
  0x000000001ab4b000 JavaThread "Asynchronous log dispatcher for DefaultDaemonConnection: socket connection from /127.0.0.1:51821 to /127.0.0.1:51822" [_thread_blocked, id=8544, stack(0x000000001c1d0000,0x000000001c2d0000)]
  0x000000001ab4e000 JavaThread "Daemon worker" [_thread_in_Java, id=6440, stack(0x000000001c0d0000,0x000000001c1d0000)]
  0x000000001ab4c800 JavaThread "Cancel handler" [_thread_blocked, id=7220, stack(0x000000001bfd0000,0x000000001c0d0000)]
  0x000000001a23c800 JavaThread "Handler for socket connection from /127.0.0.1:51821 to /127.0.0.1:51822" [_thread_in_native, id=5140, stack(0x000000001bcd0000,0x000000001bdd0000)]
  0x000000001a23f800 JavaThread "Daemon" [_thread_blocked, id=5376, stack(0x000000001bbd0000,0x000000001bcd0000)]
  0x0000000019a65000 JavaThread "Daemon periodic checks" [_thread_blocked, id=7020, stack(0x000000001bad0000,0x000000001bbd0000)]
  0x0000000019a63800 JavaThread "Incoming local TCP Connector on port 51821" [_thread_in_native, id=7636, stack(0x000000001b5d0000,0x000000001b6d0000)]
  0x000000001a93c800 JavaThread "Daemon health stats" [_thread_blocked, id=5488, stack(0x000000001af90000,0x000000001b090000)]
  0x0000000018997800 JavaThread "Service Thread" daemon [_thread_blocked, id=2632, stack(0x00000000195c0000,0x00000000196c0000)]
  0x0000000018909800 JavaThread "C1 CompilerThread3" daemon [_thread_blocked, id=1056, stack(0x00000000194c0000,0x00000000195c0000)]
=>0x0000000018905800 JavaThread "C2 CompilerThread2" daemon [_thread_in_native, id=10228, stack(0x00000000193c0000,0x00000000194c0000)]
  0x0000000018903800 JavaThread "C2 CompilerThread1" daemon [_thread_blocked, id=6148, stack(0x00000000192c0000,0x00000000193c0000)]
  0x00000000188fe000 JavaThread "C2 CompilerThread0" daemon [_thread_in_native, id=1872, stack(0x00000000191c0000,0x00000000192c0000)]
  0x00000000188fd000 JavaThread "Attach Listener" daemon [_thread_blocked, id=1048, stack(0x00000000190c0000,0x00000000191c0000)]
  0x00000000188fb800 JavaThread "Signal Dispatcher" daemon [_thread_blocked, id=5964, stack(0x0000000018fc0000,0x00000000190c0000)]
  0x0000000002d2d800 JavaThread "Finalizer" daemon [_thread_blocked, id=7120, stack(0x0000000018dd0000,0x0000000018ed0000)]
  0x0000000016aec000 JavaThread "Reference Handler" daemon [_thread_blocked, id=7640, stack(0x0000000018cd0000,0x0000000018dd0000)]
  0x00000000012ed800 JavaThread "main" [_thread_blocked, id=7148, stack(0x0000000002a50000,0x0000000002b50000)]

Other Threads:
  0x0000000016ae7800 VMThread [stack: 0x00000000187d0000,0x00000000188d0000] [id=5804]
  0x0000000018998800 WatcherThread [stack: 0x00000000196c0000,0x00000000197c0000] [id=2292]

VM state:not at safepoint (normal execution)

VM Mutex/Monitor currently owned by a thread: None

heap address: 0x00000000a0000000, size: 1536 MB, Compressed Oops mode: 32-bit
Narrow klass base: 0x0000000000000000, Narrow klass shift: 3
Compressed class space size: 1073741824 Address: 0x0000000100000000

Heap:
 PSYoungGen      total 71680K, used 19647K [0x00000000e0000000, 0x00000000e4b00000, 0x0000000100000000)
  eden space 66560K, 21% used [0x00000000e0000000,0x00000000e0e37dc0,0x00000000e4100000)
  from space 5120K, 99% used [0x00000000e4600000,0x00000000e4af8020,0x00000000e4b00000)
  to   space 5120K, 0% used [0x00000000e4100000,0x00000000e4100000,0x00000000e4600000)
 ParOldGen       total 87552K, used 5009K [0x00000000a0000000, 0x00000000a5580000, 0x00000000e0000000)
  object space 87552K, 5% used [0x00000000a0000000,0x00000000a04e4510,0x00000000a5580000)
 Metaspace       used 17266K, capacity 17652K, committed 17792K, reserved 1067008K
  class space    used 2492K, capacity 2638K, committed 2688K, reserved 1048576K

Card table byte_map: [0x00000000120f0000,0x0000000012400000] byte_map_base: 0x0000000011bf0000

Marking Bits: (ParMarkBitMap*) 0x0000000059459f30
 Begin Bits: [0x0000000012e00000, 0x0000000014600000)
 End Bits:   [0x0000000014600000, 0x0000000015e00000)

Polling page: 0x0000000001210000

CodeCache: size=245760Kb used=5289Kb max_used=5289Kb free=240470Kb
 bounds [0x0000000002d30000, 0x0000000003260000, 0x0000000011d30000]
 total_blobs=1930 nmethods=1533 adapters=310
 compilation: enabled

Compilation events (10 events):
Event: 1.220 Thread 0x0000000018909800 nmethod 1493 0x000000000322a6d0 code [0x000000000322a820, 0x000000000322a9b0]
Event: 1.229 Thread 0x0000000018909800 1494       3       java.util.regex.Pattern::RemoveQEQuoting (346 bytes)
Event: 1.230 Thread 0x0000000018909800 nmethod 1494 0x00000000032404d0 code [0x0000000003240720, 0x0000000003241818]
Event: 1.231 Thread 0x0000000018903800 nmethod 1491 0x0000000003242150 code [0x0000000003242320, 0x0000000003243280]
Event: 1.231 Thread 0x0000000018903800 1495  s    4       java.lang.Throwable::fillInStackTrace (29 bytes)
Event: 1.232 Thread 0x0000000018903800 nmethod 1495 0x000000000323ea90 code [0x000000000323ebe0, 0x000000000323ef08]
Event: 1.235 Thread 0x0000000018903800 1496       4       java.util.jar.Attributes$Name::isValid (45 bytes)
Event: 1.235 Thread 0x0000000018909800 1497       3       java.lang.Package::<init> (56 bytes)
Event: 1.235 Thread 0x0000000018909800 nmethod 1497 0x000000000323e610 code [0x000000000323e760, 0x000000000323e9d0]
Event: 1.238 Thread 0x0000000018903800 nmethod 1496 0x000000000323de50 code [0x000000000323dfa0, 0x000000000323e2d8]

GC Heap History (8 events):
Event: 0.422 GC heap before
{Heap before GC invocations=1 (full 0):
 PSYoungGen      total 38400K, used 33280K [0x00000000e0000000, 0x00000000e2a80000, 0x0000000100000000)
  eden space 33280K, 100% used [0x00000000e0000000,0x00000000e2080000,0x00000000e2080000)
  from space 5120K, 0% used [0x00000000e2580000,0x00000000e2580000,0x00000000e2a80000)
  to   space 5120K, 0% used [0x00000000e2080000,0x00000000e2080000,0x00000000e2580000)
 ParOldGen       total 87552K, used 0K [0x00000000a0000000, 0x00000000a5580000, 0x00000000e0000000)
  object space 87552K, 0% used [0x00000000a0000000,0x00000000a0000000,0x00000000a5580000)
 Metaspace       used 6631K, capacity 6800K, committed 7040K, reserved 1056768K
  class space    used 811K, capacity 844K, committed 896K, reserved 1048576K
Event: 0.426 GC heap after
Heap after GC invocations=1 (full 0):
 PSYoungGen      total 38400K, used 4193K [0x00000000e0000000, 0x00000000e2a80000, 0x0000000100000000)
  eden space 33280K, 0% used [0x00000000e0000000,0x00000000e0000000,0x00000000e2080000)
  from space 5120K, 81% used [0x00000000e2080000,0x00000000e24984f0,0x00000000e2580000)
  to   space 5120K, 0% used [0x00000000e2580000,0x00000000e2580000,0x00000000e2a80000)
 ParOldGen       total 87552K, used 8K [0x00000000a0000000, 0x00000000a5580000, 0x00000000e0000000)
  object space 87552K, 0% used [0x00000000a0000000,0x00000000a0002000,0x00000000a5580000)
 Metaspace       used 6631K, capacity 6800K, committed 7040K, reserved 1056768K
  class space    used 811K, capacity 844K, committed 896K, reserved 1048576K
}
Event: 0.643 GC heap before
{Heap before GC invocations=2 (full 0):
 PSYoungGen      total 38400K, used 37473K [0x00000000e0000000, 0x00000000e2a80000, 0x0000000100000000)
  eden space 33280K, 100% used [0x00000000e0000000,0x00000000e2080000,0x00000000e2080000)
  from space 5120K, 81% used [0x00000000e2080000,0x00000000e24984f0,0x00000000e2580000)
  to   space 5120K, 0% used [0x00000000e2580000,0x00000000e2580000,0x00000000e2a80000)
 ParOldGen       total 87552K, used 8K [0x00000000a0000000, 0x00000000a5580000, 0x00000000e0000000)
  object space 87552K, 0% used [0x00000000a0000000,0x00000000a0002000,0x00000000a5580000)
 Metaspace       used 8944K, capacity 9204K, committed 9472K, reserved 1056768K
  class space    used 1171K, capacity 1258K, committed 1280K, reserved 1048576K
Event: 0.646 GC heap after
Heap after GC invocations=2 (full 0):
 PSYoungGen      total 38400K, used 4532K [0x00000000e0000000, 0x00000000e4b00000, 0x0000000100000000)
  eden space 33280K, 0% used [0x00000000e0000000,0x00000000e0000000,0x00000000e2080000)
  from space 5120K, 88% used [0x00000000e2580000,0x00000000e29ed3a8,0x00000000e2a80000)
  to   space 5120K, 0% used [0x00000000e2080000,0x00000000e2080000,0x00000000e2580000)
 ParOldGen       total 87552K, used 16K [0x00000000a0000000, 0x00000000a5580000, 0x00000000e0000000)
  object space 87552K, 0% used [0x00000000a0000000,0x00000000a0004000,0x00000000a5580000)
 Metaspace       used 8944K, capacity 9204K, committed 9472K, reserved 1056768K
  class space    used 1171K, capacity 1258K, committed 1280K, reserved 1048576K
}
Event: 0.999 GC heap before
{Heap before GC invocations=3 (full 0):
 PSYoungGen      total 38400K, used 37812K [0x00000000e0000000, 0x00000000e4b00000, 0x0000000100000000)
  eden space 33280K, 100% used [0x00000000e0000000,0x00000000e2080000,0x00000000e2080000)
  from space 5120K, 88% used [0x00000000e2580000,0x00000000e29ed3a8,0x00000000e2a80000)
  to   space 5120K, 0% used [0x00000000e2080000,0x00000000e2080000,0x00000000e2580000)
 ParOldGen       total 87552K, used 16K [0x00000000a0000000, 0x00000000a5580000, 0x00000000e0000000)
  object space 87552K, 0% used [0x00000000a0000000,0x00000000a0004000,0x00000000a5580000)
 Metaspace       used 13305K, capacity 13636K, committed 13824K, reserved 1060864K
  class space    used 1837K, capacity 1956K, committed 2048K, reserved 1048576K
Event: 1.003 GC heap after
Heap after GC invocations=3 (full 0):
 PSYoungGen      total 38400K, used 5104K [0x00000000e0000000, 0x00000000e4b00000, 0x0000000100000000)
  eden space 33280K, 0% used [0x00000000e0000000,0x00000000e0000000,0x00000000e2080000)
  from space 5120K, 99% used [0x00000000e2080000,0x00000000e257c030,0x00000000e2580000)
  to   space 5120K, 0% used [0x00000000e4600000,0x00000000e4600000,0x00000000e4b00000)
 ParOldGen       total 87552K, used 1863K [0x00000000a0000000, 0x00000000a5580000, 0x00000000e0000000)
  object space 87552K, 2% used [0x00000000a0000000,0x00000000a01d1f80,0x00000000a5580000)
 Metaspace       used 13305K, capacity 13636K, committed 13824K, reserved 1060864K
  class space    used 1837K, capacity 1956K, committed 2048K, reserved 1048576K
}
Event: 1.210 GC heap before
{Heap before GC invocations=4 (full 0):
 PSYoungGen      total 38400K, used 38384K [0x00000000e0000000, 0x00000000e4b00000, 0x0000000100000000)
  eden space 33280K, 100% used [0x00000000e0000000,0x00000000e2080000,0x00000000e2080000)
  from space 5120K, 99% used [0x00000000e2080000,0x00000000e257c030,0x00000000e2580000)
  to   space 5120K, 0% used [0x00000000e4600000,0x00000000e4600000,0x00000000e4b00000)
 ParOldGen       total 87552K, used 1863K [0x00000000a0000000, 0x00000000a5580000, 0x00000000e0000000)
  object space 87552K, 2% used [0x00000000a0000000,0x00000000a01d1f80,0x00000000a5580000)
 Metaspace       used 16202K, capacity 16628K, committed 16896K, reserved 1062912K
  class space    used 2301K, capacity 2446K, committed 2560K, reserved 1048576K
Event: 1.216 GC heap after
Heap after GC invocations=4 (full 0):
 PSYoungGen      total 71680K, used 5088K [0x00000000e0000000, 0x00000000e4b00000, 0x0000000100000000)
  eden space 66560K, 0% used [0x00000000e0000000,0x00000000e0000000,0x00000000e4100000)
  from space 5120K, 99% used [0x00000000e4600000,0x00000000e4af8020,0x00000000e4b00000)
  to   space 5120K, 0% used [0x00000000e4100000,0x00000000e4100000,0x00000000e4600000)
 ParOldGen       total 87552K, used 5009K [0x00000000a0000000, 0x00000000a5580000, 0x00000000e0000000)
  object space 87552K, 5% used [0x00000000a0000000,0x00000000a04e4510,0x00000000a5580000)
 Metaspace       used 16202K, capacity 16628K, committed 16896K, reserved 1062912K
  class space    used 2301K, capacity 2446K, committed 2560K, reserved 1048576K
}

Deoptimization events (10 events):
Event: 0.730 Thread 0x00000000012ed800 Uncommon trap: reason=unstable_if action=reinterpret pc=0x000000000307c460 method=java.io.WinNTFileSystem.normalize(Ljava/lang/String;II)Ljava/lang/String; @ 90
Event: 0.867 Thread 0x000000001a23c800 Uncommon trap: reason=unstable_if action=reinterpret pc=0x00000000030d4d28 method=java.util.concurrent.ConcurrentHashMap.putVal(Ljava/lang/Object;Ljava/lang/Object;Z)Ljava/lang/Object; @ 206
Event: 0.894 Thread 0x000000001ab4e000 Uncommon trap: reason=bimorphic action=maybe_recompile pc=0x0000000002fbdd20 method=java.util.HashMap.putVal(ILjava/lang/Object;Ljava/lang/Object;ZZ)Ljava/lang/Object; @ 253
Event: 0.894 Thread 0x000000001ab4e000 Uncommon trap: reason=bimorphic action=maybe_recompile pc=0x0000000002fbdd20 method=java.util.HashMap.putVal(ILjava/lang/Object;Ljava/lang/Object;ZZ)Ljava/lang/Object; @ 253
Event: 0.894 Thread 0x000000001ab4e000 Uncommon trap: reason=bimorphic action=maybe_recompile pc=0x0000000002fbdd20 method=java.util.HashMap.putVal(ILjava/lang/Object;Ljava/lang/Object;ZZ)Ljava/lang/Object; @ 253
Event: 0.996 Thread 0x000000001ab4e000 Uncommon trap: reason=class_check action=maybe_recompile pc=0x0000000002ff48d8 method=java.util.regex.Matcher.match(II)Z @ 86
Event: 1.008 Thread 0x000000001ab4e000 Uncommon trap: reason=class_check action=maybe_recompile pc=0x0000000002ff48d8 method=java.util.regex.Matcher.match(II)Z @ 86
Event: 1.008 Thread 0x000000001ab4e000 Uncommon trap: reason=class_check action=maybe_recompile pc=0x0000000002ff48d8 method=java.util.regex.Matcher.match(II)Z @ 86
Event: 1.009 Thread 0x000000001ab4e000 Uncommon trap: reason=class_check action=maybe_recompile pc=0x0000000002fb23dc method=java.util.regex.Matcher.match(II)Z @ 86
Event: 1.125 Thread 0x000000001ab4e000 Uncommon trap: reason=unstable_if action=reinterpret pc=0x00000000030cbff4 method=java.lang.String.lastIndexOf([CII[CIII)I @ 66

Classes redefined (0 events):
No events

Internal exceptions (10 events):
Event: 0.635 Thread 0x00000000012ed800 Exception <a 'java/lang/NoSuchFieldError': method resolution failed> (0x00000000e201b808) thrown at [D:\src\AOSP-openjdk-cygwin\jdk8u\hotspot\src\share\vm\prims\methodHandles.cpp, line 1167]
Event: 0.636 Thread 0x00000000012ed800 Exception <a 'java/lang/NoSuchFieldError': method resolution failed> (0x00000000e2029588) thrown at [D:\src\AOSP-openjdk-cygwin\jdk8u\hotspot\src\share\vm\prims\methodHandles.cpp, line 1167]
Event: 0.840 Thread 0x00000000012ed800 Exception <a 'java/io/IOException'> (0x00000000e0819ef8) thrown at [D:\src\AOSP-openjdk-cygwin\jdk8u\hotspot\src\share\vm\prims\jni.cpp, line 710]
Event: 0.867 Thread 0x000000001a23c800 Exception <a 'java/lang/NoSuchMethodError': <clinit>> (0x00000000e0a4d8a8) thrown at [D:\src\AOSP-openjdk-cygwin\jdk8u\hotspot\src\share\vm\prims\jni.cpp, line 1614]
Event: 0.868 Thread 0x000000001a23c800 Exception <a 'java/lang/NoSuchMethodError': <clinit>> (0x00000000e0a57658) thrown at [D:\src\AOSP-openjdk-cygwin\jdk8u\hotspot\src\share\vm\prims\jni.cpp, line 1614]
Event: 0.869 Thread 0x000000001a23c800 Exception <a 'java/lang/NoSuchMethodError': <clinit>> (0x00000000e0a6b808) thrown at [D:\src\AOSP-openjdk-cygwin\jdk8u\hotspot\src\share\vm\prims\jni.cpp, line 1614]
Event: 0.873 Thread 0x000000001a23c800 Exception <a 'java/lang/NoSuchMethodError': <clinit>> (0x00000000e0ac67a0) thrown at [D:\src\AOSP-openjdk-cygwin\jdk8u\hotspot\src\share\vm\prims\jni.cpp, line 1614]
Event: 0.876 Thread 0x000000001a23c800 Exception <a 'java/lang/NoSuchMethodError': <clinit>> (0x00000000e0afe410) thrown at [D:\src\AOSP-openjdk-cygwin\jdk8u\hotspot\src\share\vm\prims\jni.cpp, line 1614]
Event: 0.879 Thread 0x000000001a23c800 Exception <a 'java/lang/NoSuchMethodError': <clinit>> (0x00000000e0b34370) thrown at [D:\src\AOSP-openjdk-cygwin\jdk8u\hotspot\src\share\vm\prims\jni.cpp, line 1614]
Event: 0.879 Thread 0x000000001a23c800 Exception <a 'java/lang/NoSuchMethodError': <clinit>> (0x00000000e0b3fdd8) thrown at [D:\src\AOSP-openjdk-cygwin\jdk8u\hotspot\src\share\vm\prims\jni.cpp, line 1614]

Events (10 events):
Event: 1.240 loading class org/gradle/internal/resource/transport/http/DefaultHttpSettings$2$1
Event: 1.240 loading class org/gradle/internal/resource/transport/http/DefaultHttpSettings$2$1 done
Event: 1.241 loading class com/google/common/base/Suppliers$NonSerializableMemoizingSupplier
Event: 1.241 loading class com/google/common/base/Suppliers$NonSerializableMemoizingSupplier done
Event: 1.241 loading class com/google/common/base/Suppliers$MemoizingSupplier
Event: 1.241 loading class com/google/common/base/Suppliers$MemoizingSupplier done
Event: 1.241 loading class javax/net/ssl/TrustManager
Event: 1.241 loading class javax/net/ssl/TrustManager done
Event: 1.241 loading class org/gradle/internal/resource/transport/http/DefaultHttpSettings$2$2
Event: 1.241 loading class org/gradle/internal/resource/transport/http/DefaultHttpSettings$2$2 done


Dynamic libraries:
0x00007ff7c0170000 - 0x00007ff7c01a1000 	C:\Program Files\Android\Android Studio\jre\bin\java.exe
0x00007ff8f8290000 - 0x00007ff8f8461000 	C:\Windows\SYSTEM32\ntdll.dll
0x00007ff8f7a80000 - 0x00007ff8f7b2b000 	C:\Windows\System32\KERNEL32.DLL
0x00007ff8f47f0000 - 0x00007ff8f4a0d000 	C:\Windows\System32\KERNELBASE.dll
0x00007ff8f5a70000 - 0x00007ff8f5b12000 	C:\Windows\System32\ADVAPI32.dll
0x00007ff8f74c0000 - 0x00007ff8f755e000 	C:\Windows\System32\msvcrt.dll
0x00007ff8f5820000 - 0x00007ff8f5879000 	C:\Windows\System32\sechost.dll
0x00007ff8f5b20000 - 0x00007ff8f5c41000 	C:\Windows\System32\RPCRT4.dll
0x00007ff8f7700000 - 0x00007ff8f7865000 	C:\Windows\System32\USER32.dll
0x00007ff8f5600000 - 0x00007ff8f561e000 	C:\Windows\System32\win32u.dll
0x00007ff8f5890000 - 0x00007ff8f58c4000 	C:\Windows\System32\GDI32.dll
0x00007ff8f4c30000 - 0x00007ff8f4db2000 	C:\Windows\System32\gdi32full.dll
0x00007ff8e54d0000 - 0x00007ff8e5749000 	C:\Windows\WinSxS\amd64_microsoft.windows.common-controls_6595b64144ccf1df_6.0.14393.447_none_42191651c6827bb3\COMCTL32.dll
0x00007ff8f5c50000 - 0x00007ff8f5f17000 	C:\Windows\System32\combase.dll
0x00007ff8f5620000 - 0x00007ff8f5715000 	C:\Windows\System32\ucrtbase.dll
0x00007ff8f4780000 - 0x00007ff8f47ea000 	C:\Windows\System32\bcryptPrimitives.dll
0x00007ff8f5a40000 - 0x00007ff8f5a6e000 	C:\Windows\System32\IMM32.DLL
0x0000000058bb0000 - 0x0000000058c82000 	C:\Program Files\Android\Android Studio\jre\jre\bin\msvcr100.dll
0x0000000058c90000 - 0x00000000594d6000 	C:\Program Files\Android\Android Studio\jre\jre\bin\server\jvm.dll
0x00007ff8f59d0000 - 0x00007ff8f59d8000 	C:\Windows\System32\PSAPI.DLL
0x00007ff8f0510000 - 0x00007ff8f0519000 	C:\Windows\SYSTEM32\WSOCK32.dll
0x00007ff8efbc0000 - 0x00007ff8efbca000 	C:\Windows\SYSTEM32\VERSION.dll
0x00007ff8f25d0000 - 0x00007ff8f25f3000 	C:\Windows\SYSTEM32\WINMM.dll
0x00007ff8f5f20000 - 0x00007ff8f5f8a000 	C:\Windows\System32\WS2_32.dll
0x0000000001240000 - 0x000000000126b000 	C:\Windows\SYSTEM32\WINMMBASE.dll
0x00007ff8f4be0000 - 0x00007ff8f4c22000 	C:\Windows\System32\cfgmgr32.dll
0x00007ff8f0500000 - 0x00007ff8f050f000 	C:\Program Files\Android\Android Studio\jre\jre\bin\verify.dll
0x00007ff8ea770000 - 0x00007ff8ea799000 	C:\Program Files\Android\Android Studio\jre\jre\bin\java.dll
0x00007ff8ef740000 - 0x00007ff8ef756000 	C:\Program Files\Android\Android Studio\jre\jre\bin\zip.dll
0x00007ff8f5f90000 - 0x00007ff8f7499000 	C:\Windows\System32\SHELL32.dll
0x00007ff8f4dc0000 - 0x00007ff8f549a000 	C:\Windows\System32\windows.storage.dll
0x00007ff8f46f0000 - 0x00007ff8f473c000 	C:\Windows\System32\powrprof.dll
0x00007ff8f76a0000 - 0x00007ff8f76f2000 	C:\Windows\System32\shlwapi.dll
0x00007ff8f4770000 - 0x00007ff8f477f000 	C:\Windows\System32\kernel.appcore.dll
0x00007ff8f54a0000 - 0x00007ff8f5549000 	C:\Windows\System32\shcore.dll
0x00007ff8f4740000 - 0x00007ff8f4754000 	C:\Windows\System32\profapi.dll
0x00007ff8ebe00000 - 0x00007ff8ebe1a000 	C:\Program Files\Android\Android Studio\jre\jre\bin\net.dll
0x00007ff8f3f50000 - 0x00007ff8f3fac000 	C:\Windows\system32\mswsock.dll
0x00007ff8ea3e0000 - 0x00007ff8ea3f1000 	C:\Program Files\Android\Android Studio\jre\jre\bin\nio.dll
0x00007ff8e6900000 - 0x00007ff8e6926000 	C:\Users\ROHIT\.gradle\native\29\windows-amd64\native-platform.dll
0x00007ff8f04f0000 - 0x00007ff8f04fd000 	C:\Program Files\Android\Android Studio\jre\jre\bin\management.dll
0x00007ff8f41c0000 - 0x00007ff8f41d7000 	C:\Windows\SYSTEM32\CRYPTSP.dll
0x00007ff8f40d0000 - 0x00007ff8f4103000 	C:\Windows\system32\rsaenh.dll
0x00007ff8f42d0000 - 0x00007ff8f42fb000 	C:\Windows\SYSTEM32\bcrypt.dll
0x00007ff8f3dd0000 - 0x00007ff8f3def000 	C:\Windows\SYSTEM32\USERENV.dll
0x00007ff8f41e0000 - 0x00007ff8f41eb000 	C:\Windows\SYSTEM32\CRYPTBASE.dll
0x00007ff8f3ce0000 - 0x00007ff8f3d18000 	C:\Windows\SYSTEM32\IPHLPAPI.DLL
0x00007ff8f8180000 - 0x00007ff8f8188000 	C:\Windows\System32\NSI.dll
0x00007ff8ef6d0000 - 0x00007ff8ef6e6000 	C:\Windows\SYSTEM32\dhcpcsvc6.DLL
0x00007ff8efba0000 - 0x00007ff8efbba000 	C:\Windows\SYSTEM32\dhcpcsvc.DLL

VM Arguments:
jvm_args: -Xmx1536m -Dfile.encoding=windows-1252 -Duser.country=US -Duser.language=en -Duser.variant 
java_command: org.gradle.launcher.daemon.bootstrap.GradleDaemon 5.4.1
java_class_path (initial): C:\Users\ROHIT\.gradle\wrapper\dists\gradle-5.4.1-all\3221gyojl5jsh0helicew7rwx\gradle-5.4.1\lib\gradle-launcher-5.4.1.jar
Launcher Type: SUN_STANDARD

Environment Variables:
PATH=C:\Windows\system32;C:\Windows;C:\Windows\System32\Wbem;C:\Windows\System32\WindowsPowerShell\v1.0\;C:\Program Files\Git\cmd;C:\Program Files\nodejs\;C:\Users\ROHIT\AppData\Local\Microsoft\WindowsApps;C:\Users\ROHIT\AppData\Local\atom\bin;C:\Users\ROHIT\AppData\Local\hyper\app-3.0.2\resources\bin;C:\Users\ROHIT\AppData\Roaming\npm
USERNAME=ROHIT
OS=Windows_NT
PROCESSOR_IDENTIFIER=Intel64 Family 6 Model 142 Stepping 10, GenuineIntel



---------------  S Y S T E M  ---------------

OS: Windows 10.0 , 64 bit Build 14393 (10.0.14393.0)

CPU:total 8 (initial active 8) (4 cores per cpu, 2 threads per core) family 6 model 142 stepping 10, cmov, cx8, fxsr, mmx, sse, sse2, sse3, ssse3, sse4.1, sse4.2, popcnt, avx, avx2, aes, clmul, erms, 3dnowpref, lzcnt, ht, tsc, tscinvbit, bmi1, bmi2, adx

Memory: 4k page, physical 8295652k(2779944k free), swap 20878564k(5284k free)

vm_info: OpenJDK 64-Bit Server VM (25.202-b03) for windows-amd64 JRE (1.8.0_202-release-1483-b03), built by "builder" with MS VC++ 10.0 (VS2010)

time: Sun May 17 07:15:20 2020
timezone: Pacific Daylight Time
elapsed time: 1 seconds (0d 0h 0m 1s)

