#
# There is insufficient memory for the Java Runtime Environment to continue.
# Native memory allocation (malloc) failed to allocate 32744 bytes for ChunkPool::allocate
# Possible reasons:
#   The system is out of physical RAM or swap space
#   The process is running with CompressedOops enabled, and the Java Heap may be blocking the growth of the native heap
# Possible solutions:
#   Reduce memory load on the system
#   Increase physical memory or swap space
#   Check if swap backing store is full
#   Decrease Java heap size (-Xmx/-Xms)
#   Decrease number of Java threads
#   Decrease Java thread stack sizes (-Xss)
#   Set larger code cache with -XX:ReservedCodeCacheSize=
#   JVM is running with Unscaled Compressed Oops mode in which the Java heap is
#     placed in the first 4GB address space. The Java Heap base address is the
#     maximum limit for the native heap growth. Please use -XX:HeapBaseMinAddress
#     to set the Java Heap base and to place the Java Heap above 4GB virtual address.
# This output file may be truncated or incomplete.
#
#  Out of Memory Error (allocation.cpp:272), pid=1044, tid=0x0000000000001860
#
# JRE version: OpenJDK Runtime Environment (8.0_202-b03) (build 1.8.0_202-release-1483-b03)
# Java VM: OpenJDK 64-Bit Server VM (25.202-b03 mixed mode windows-amd64 compressed oops)
# Failed to write core dump. Minidumps are not enabled by default on client versions of Windows
#

---------------  T H R E A D  ---------------

Current thread (0x0000000018551800):  JavaThread "C2 CompilerThread2" daemon [_thread_in_native, id=6240, stack(0x0000000019010000,0x0000000019110000)]

Stack: [0x0000000019010000,0x0000000019110000]
[error occurred during error reporting (printing stack bounds), id 0xc0000005]

Native frames: (J=compiled Java code, j=interpreted, Vv=VM code, C=native code)


Current CompileTask:
C2:   2050 1363       4       java.net.URLClassLoader$1::run (5 bytes)


---------------  P R O C E S S  ---------------

Java Threads: ( => current thread )
  0x000000001a2bf800 JavaThread "Cache worker for file hash cache (C:\Users\ROHIT\AndroidStudioProjects\Grocery\.gradle\5.4.1\fileHashes)" [_thread_blocked, id=2360, stack(0x000000001fc30000,0x000000001fd30000)]
  0x000000001a2bf000 JavaThread "Cache worker for journal cache (C:\Users\ROHIT\.gradle\caches\journal-1)" [_thread_blocked, id=7660, stack(0x000000001d2f0000,0x000000001d3f0000)]
  0x000000001a2c0800 JavaThread "File lock request listener" [_thread_in_native, id=2500, stack(0x000000001d1f0000,0x000000001d2f0000)]
  0x000000001a390000 JavaThread "Cache worker for file hash cache (C:\Users\ROHIT\.gradle\caches\5.4.1\fileHashes)" [_thread_blocked, id=5372, stack(0x000000001d0f0000,0x000000001d1f0000)]
  0x0000000018806000 JavaThread "Thread-9" [_thread_blocked, id=6740, stack(0x000000001c020000,0x000000001c120000)]
  0x000000001a750800 JavaThread "Stdin handler" [_thread_blocked, id=7132, stack(0x000000001bf20000,0x000000001c020000)]
  0x000000001a74f000 JavaThread "Asynchronous log dispatcher for DefaultDaemonConnection: socket connection from /127.0.0.1:51927 to /127.0.0.1:51928" [_thread_blocked, id=8240, stack(0x000000001be20000,0x000000001bf20000)]
  0x000000001a756000 JavaThread "Daemon worker" [_thread_in_vm, id=4168, stack(0x000000001bd20000,0x000000001be20000)]
  0x000000001a752000 JavaThread "Cancel handler" [_thread_blocked, id=9900, stack(0x000000001bc20000,0x000000001bd20000)]
  0x000000001a690800 JavaThread "Handler for socket connection from /127.0.0.1:51927 to /127.0.0.1:51928" [_thread_in_native, id=5876, stack(0x000000001b920000,0x000000001ba20000)]
  0x0000000018821800 JavaThread "Daemon" [_thread_blocked, id=9944, stack(0x000000001b820000,0x000000001b920000)]
  0x0000000018663000 JavaThread "Daemon periodic checks" [_thread_blocked, id=7772, stack(0x000000001b720000,0x000000001b820000)]
  0x000000001964b000 JavaThread "Incoming local TCP Connector on port 51927" [_thread_in_native, id=1752, stack(0x000000001b220000,0x000000001b320000)]
  0x000000001a73f800 JavaThread "Daemon health stats" [_thread_blocked, id=6652, stack(0x000000001abe0000,0x000000001ace0000)]
  0x00000000185df800 JavaThread "Service Thread" daemon [_thread_blocked, id=6708, stack(0x0000000019210000,0x0000000019310000)]
  0x000000001676c000 JavaThread "C1 CompilerThread3" daemon [_thread_in_native, id=7040, stack(0x0000000019110000,0x0000000019210000)]
=>0x0000000018551800 JavaThread "C2 CompilerThread2" daemon [_thread_in_native, id=6240, stack(0x0000000019010000,0x0000000019110000)]
  0x0000000018550000 JavaThread "C2 CompilerThread1" daemon [_thread_in_native, id=6416, stack(0x0000000018f10000,0x0000000019010000)]
  0x000000001854d000 JavaThread "C2 CompilerThread0" daemon [_thread_in_native, id=2920, stack(0x0000000018e10000,0x0000000018f10000)]
  0x000000001854c000 JavaThread "Attach Listener" daemon [_thread_blocked, id=4468, stack(0x0000000018d10000,0x0000000018e10000)]
  0x000000001854b000 JavaThread "Signal Dispatcher" daemon [_thread_blocked, id=1540, stack(0x0000000018c10000,0x0000000018d10000)]
  0x000000000299c800 JavaThread "Finalizer" daemon [_thread_blocked, id=9652, stack(0x0000000018a20000,0x0000000018b20000)]
  0x0000000002994000 JavaThread "Reference Handler" daemon [_thread_blocked, id=544, stack(0x0000000018920000,0x0000000018a20000)]
  0x000000000271d800 JavaThread "main" [_thread_blocked, id=6020, stack(0x00000000027a0000,0x00000000028a0000)]

Other Threads:
  0x0000000016756800 VMThread [stack: 0x0000000018420000,0x0000000018520000] [id=6388]
  0x00000000185e0800 WatcherThread [stack: 0x0000000019310000,0x0000000019410000] [id=6360]

VM state:not at safepoint (normal execution)

VM Mutex/Monitor currently owned by a thread: None

heap address: 0x00000000a0000000, size: 1536 MB, Compressed Oops mode: 32-bit
Narrow klass base: 0x0000000000000000, Narrow klass shift: 3
Compressed class space size: 1073741824 Address: 0x0000000100000000

Heap:
 PSYoungGen      total 38400K, used 16218K [0x00000000e0000000, 0x00000000e4b00000, 0x0000000100000000)
  eden space 33280K, 33% used [0x00000000e0000000,0x00000000e0adaa00,0x00000000e2080000)
  from space 5120K, 99% used [0x00000000e2580000,0x00000000e2a7c030,0x00000000e2a80000)
  to   space 5120K, 0% used [0x00000000e2080000,0x00000000e2080000,0x00000000e2580000)
 ParOldGen       total 87552K, used 5087K [0x00000000a0000000, 0x00000000a5580000, 0x00000000e0000000)
  object space 87552K, 5% used [0x00000000a0000000,0x00000000a04f7ef8,0x00000000a5580000)
 Metaspace       used 16896K, capacity 17268K, committed 17536K, reserved 1064960K
  class space    used 2445K, capacity 2574K, committed 2688K, reserved 1048576K

Card table byte_map: [0x0000000011d60000,0x0000000012070000] byte_map_base: 0x0000000011860000

Marking Bits: (ParMarkBitMap*) 0x0000000059459f30
 Begin Bits: [0x0000000012a70000, 0x0000000014270000)
 End Bits:   [0x0000000014270000, 0x0000000015a70000)

Polling page: 0x0000000000ec0000

CodeCache: size=245760Kb used=5165Kb max_used=5169Kb free=240594Kb
 bounds [0x00000000029a0000, 0x0000000002ec0000, 0x00000000119a0000]
 total_blobs=1903 nmethods=1505 adapters=311
 compilation: enabled

Compilation events (10 events):
Event: 1.733 Thread 0x0000000018550000 1503       4       java.util.jar.Attributes$Name::isValid (45 bytes)
Event: 1.736 Thread 0x0000000018550000 nmethod 1503 0x0000000002ea3650 code [0x0000000002ea37a0, 0x0000000002ea3ad8]
Event: 1.753 Thread 0x000000001676c000 1504       3       org.gradle.internal.service.DefaultServiceRegistry$ManagedObjectServiceProvider::requiredBy (20 bytes)
Event: 1.753 Thread 0x000000001676c000 nmethod 1504 0x0000000002eb0390 code [0x0000000002eb0520, 0x0000000002eb0a48]
Event: 1.753 Thread 0x000000001676c000 1505       3       org.gradle.internal.service.DefaultServiceRegistry$ManagedObjectServiceProvider::fromSameRegistry (27 bytes)
Event: 1.753 Thread 0x000000001676c000 nmethod 1505 0x0000000002eafd90 code [0x0000000002eaff00, 0x0000000002eb02d0]
Event: 1.753 Thread 0x000000001676c000 1506       3       org.gradle.internal.service.DefaultServiceRegistry$ParentServices::getService (11 bytes)
Event: 1.753 Thread 0x000000001676c000 nmethod 1506 0x0000000002eaf910 code [0x0000000002eafa80, 0x0000000002eafca8]
Event: 1.827 Thread 0x000000001676c000 1507       1       java.util.concurrent.atomic.AtomicInteger::get (5 bytes)
Event: 1.828 Thread 0x000000001676c000 nmethod 1507 0x0000000002eaa310 code [0x0000000002eaa460, 0x0000000002eaa570]

GC Heap History (8 events):
Event: 0.453 GC heap before
{Heap before GC invocations=1 (full 0):
 PSYoungGen      total 38400K, used 33280K [0x00000000e0000000, 0x00000000e2a80000, 0x0000000100000000)
  eden space 33280K, 100% used [0x00000000e0000000,0x00000000e2080000,0x00000000e2080000)
  from space 5120K, 0% used [0x00000000e2580000,0x00000000e2580000,0x00000000e2a80000)
  to   space 5120K, 0% used [0x00000000e2080000,0x00000000e2080000,0x00000000e2580000)
 ParOldGen       total 87552K, used 0K [0x00000000a0000000, 0x00000000a5580000, 0x00000000e0000000)
  object space 87552K, 0% used [0x00000000a0000000,0x00000000a0000000,0x00000000a5580000)
 Metaspace       used 6638K, capacity 6800K, committed 7040K, reserved 1056768K
  class space    used 811K, capacity 844K, committed 896K, reserved 1048576K
Event: 0.456 GC heap after
Heap after GC invocations=1 (full 0):
 PSYoungGen      total 38400K, used 4138K [0x00000000e0000000, 0x00000000e2a80000, 0x0000000100000000)
  eden space 33280K, 0% used [0x00000000e0000000,0x00000000e0000000,0x00000000e2080000)
  from space 5120K, 80% used [0x00000000e2080000,0x00000000e248a800,0x00000000e2580000)
  to   space 5120K, 0% used [0x00000000e2580000,0x00000000e2580000,0x00000000e2a80000)
 ParOldGen       total 87552K, used 8K [0x00000000a0000000, 0x00000000a5580000, 0x00000000e0000000)
  object space 87552K, 0% used [0x00000000a0000000,0x00000000a0002000,0x00000000a5580000)
 Metaspace       used 6638K, capacity 6800K, committed 7040K, reserved 1056768K
  class space    used 811K, capacity 844K, committed 896K, reserved 1048576K
}
Event: 0.930 GC heap before
{Heap before GC invocations=2 (full 0):
 PSYoungGen      total 38400K, used 37418K [0x00000000e0000000, 0x00000000e2a80000, 0x0000000100000000)
  eden space 33280K, 100% used [0x00000000e0000000,0x00000000e2080000,0x00000000e2080000)
  from space 5120K, 80% used [0x00000000e2080000,0x00000000e248a800,0x00000000e2580000)
  to   space 5120K, 0% used [0x00000000e2580000,0x00000000e2580000,0x00000000e2a80000)
 ParOldGen       total 87552K, used 8K [0x00000000a0000000, 0x00000000a5580000, 0x00000000e0000000)
  object space 87552K, 0% used [0x00000000a0000000,0x00000000a0002000,0x00000000a5580000)
 Metaspace       used 8953K, capacity 9204K, committed 9472K, reserved 1056768K
  class space    used 1171K, capacity 1258K, committed 1280K, reserved 1048576K
Event: 0.933 GC heap after
Heap after GC invocations=2 (full 0):
 PSYoungGen      total 38400K, used 4561K [0x00000000e0000000, 0x00000000e2a80000, 0x0000000100000000)
  eden space 33280K, 0% used [0x00000000e0000000,0x00000000e0000000,0x00000000e2080000)
  from space 5120K, 89% used [0x00000000e2580000,0x00000000e29f45b8,0x00000000e2a80000)
  to   space 5120K, 0% used [0x00000000e2080000,0x00000000e2080000,0x00000000e2580000)
 ParOldGen       total 87552K, used 16K [0x00000000a0000000, 0x00000000a5580000, 0x00000000e0000000)
  object space 87552K, 0% used [0x00000000a0000000,0x00000000a0004000,0x00000000a5580000)
 Metaspace       used 8953K, capacity 9204K, committed 9472K, reserved 1056768K
  class space    used 1171K, capacity 1258K, committed 1280K, reserved 1048576K
}
Event: 1.368 GC heap before
{Heap before GC invocations=3 (full 0):
 PSYoungGen      total 38400K, used 37841K [0x00000000e0000000, 0x00000000e2a80000, 0x0000000100000000)
  eden space 33280K, 100% used [0x00000000e0000000,0x00000000e2080000,0x00000000e2080000)
  from space 5120K, 89% used [0x00000000e2580000,0x00000000e29f45b8,0x00000000e2a80000)
  to   space 5120K, 0% used [0x00000000e2080000,0x00000000e2080000,0x00000000e2580000)
 ParOldGen       total 87552K, used 16K [0x00000000a0000000, 0x00000000a5580000, 0x00000000e0000000)
  object space 87552K, 0% used [0x00000000a0000000,0x00000000a0004000,0x00000000a5580000)
 Metaspace       used 13285K, capacity 13636K, committed 13824K, reserved 1060864K
  class space    used 1836K, capacity 1956K, committed 2048K, reserved 1048576K
Event: 1.373 GC heap after
Heap after GC invocations=3 (full 0):
 PSYoungGen      total 38400K, used 5089K [0x00000000e0000000, 0x00000000e2a80000, 0x0000000100000000)
  eden space 33280K, 0% used [0x00000000e0000000,0x00000000e0000000,0x00000000e2080000)
  from space 5120K, 99% used [0x00000000e2080000,0x00000000e25784d8,0x00000000e2580000)
  to   space 5120K, 0% used [0x00000000e2580000,0x00000000e2580000,0x00000000e2a80000)
 ParOldGen       total 87552K, used 1941K [0x00000000a0000000, 0x00000000a5580000, 0x00000000e0000000)
  object space 87552K, 2% used [0x00000000a0000000,0x00000000a01e54d0,0x00000000a5580000)
 Metaspace       used 13285K, capacity 13636K, committed 13824K, reserved 1060864K
  class space    used 1836K, capacity 1956K, committed 2048K, reserved 1048576K
}
Event: 1.700 GC heap before
{Heap before GC invocations=4 (full 0):
 PSYoungGen      total 38400K, used 38369K [0x00000000e0000000, 0x00000000e2a80000, 0x0000000100000000)
  eden space 33280K, 100% used [0x00000000e0000000,0x00000000e2080000,0x00000000e2080000)
  from space 5120K, 99% used [0x00000000e2080000,0x00000000e25784d8,0x00000000e2580000)
  to   space 5120K, 0% used [0x00000000e2580000,0x00000000e2580000,0x00000000e2a80000)
 ParOldGen       total 87552K, used 1941K [0x00000000a0000000, 0x00000000a5580000, 0x00000000e0000000)
  object space 87552K, 2% used [0x00000000a0000000,0x00000000a01e54d0,0x00000000a5580000)
 Metaspace       used 16184K, capacity 16628K, committed 16896K, reserved 1062912K
  class space    used 2300K, capacity 2446K, committed 2560K, reserved 1048576K
Event: 1.706 GC heap after
Heap after GC invocations=4 (full 0):
 PSYoungGen      total 38400K, used 5104K [0x00000000e0000000, 0x00000000e4b00000, 0x0000000100000000)
  eden space 33280K, 0% used [0x00000000e0000000,0x00000000e0000000,0x00000000e2080000)
  from space 5120K, 99% used [0x00000000e2580000,0x00000000e2a7c030,0x00000000e2a80000)
  to   space 5120K, 0% used [0x00000000e2080000,0x00000000e2080000,0x00000000e2580000)
 ParOldGen       total 87552K, used 5087K [0x00000000a0000000, 0x00000000a5580000, 0x00000000e0000000)
  object space 87552K, 5% used [0x00000000a0000000,0x00000000a04f7ef8,0x00000000a5580000)
 Metaspace       used 16184K, capacity 16628K, committed 16896K, reserved 1062912K
  class space    used 2300K, capacity 2446K, committed 2560K, reserved 1048576K
}

Deoptimization events (10 events):
Event: 1.018 Thread 0x000000000271d800 Uncommon trap: reason=unstable_if action=reinterpret pc=0x0000000002cdd12c method=java.io.WinNTFileSystem.normalize(Ljava/lang/String;II)Ljava/lang/String; @ 90
Event: 1.201 Thread 0x000000001a690800 Uncommon trap: reason=unstable_if action=reinterpret pc=0x0000000002d43af0 method=java.util.concurrent.ConcurrentHashMap.putVal(Ljava/lang/Object;Ljava/lang/Object;Z)Ljava/lang/Object; @ 206
Event: 1.243 Thread 0x000000001a756000 Uncommon trap: reason=bimorphic action=maybe_recompile pc=0x0000000002c2ada0 method=java.util.HashMap.putVal(ILjava/lang/Object;Ljava/lang/Object;ZZ)Ljava/lang/Object; @ 253
Event: 1.243 Thread 0x000000001a756000 Uncommon trap: reason=bimorphic action=maybe_recompile pc=0x0000000002c2ada0 method=java.util.HashMap.putVal(ILjava/lang/Object;Ljava/lang/Object;ZZ)Ljava/lang/Object; @ 253
Event: 1.243 Thread 0x000000001a756000 Uncommon trap: reason=bimorphic action=maybe_recompile pc=0x0000000002c2ada0 method=java.util.HashMap.putVal(ILjava/lang/Object;Ljava/lang/Object;ZZ)Ljava/lang/Object; @ 253
Event: 1.366 Thread 0x000000001a756000 Uncommon trap: reason=class_check action=maybe_recompile pc=0x0000000002c58f18 method=java.util.regex.Matcher.match(II)Z @ 86
Event: 1.381 Thread 0x000000001a756000 Uncommon trap: reason=class_check action=maybe_recompile pc=0x0000000002c58f18 method=java.util.regex.Matcher.match(II)Z @ 86
Event: 1.381 Thread 0x000000001a756000 Uncommon trap: reason=class_check action=maybe_recompile pc=0x0000000002c58f18 method=java.util.regex.Matcher.match(II)Z @ 86
Event: 1.381 Thread 0x000000001a756000 Uncommon trap: reason=class_check action=maybe_recompile pc=0x0000000002c27a9c method=java.util.regex.Matcher.match(II)Z @ 86
Event: 1.590 Thread 0x000000001a756000 Uncommon trap: reason=unstable_if action=reinterpret pc=0x0000000002d39834 method=java.lang.String.lastIndexOf([CII[CIII)I @ 66

Classes redefined (0 events):
No events

Internal exceptions (10 events):
Event: 0.923 Thread 0x000000000271d800 Exception <a 'java/lang/NoSuchFieldError': method resolution failed> (0x00000000e201e200) thrown at [D:\src\AOSP-openjdk-cygwin\jdk8u\hotspot\src\share\vm\prims\methodHandles.cpp, line 1167]
Event: 0.924 Thread 0x000000000271d800 Exception <a 'java/lang/NoSuchFieldError': method resolution failed> (0x00000000e202bed0) thrown at [D:\src\AOSP-openjdk-cygwin\jdk8u\hotspot\src\share\vm\prims\methodHandles.cpp, line 1167]
Event: 1.165 Thread 0x000000000271d800 Exception <a 'java/io/IOException'> (0x00000000e0819928) thrown at [D:\src\AOSP-openjdk-cygwin\jdk8u\hotspot\src\share\vm\prims\jni.cpp, line 710]
Event: 1.201 Thread 0x000000001a690800 Exception <a 'java/lang/NoSuchMethodError': <clinit>> (0x00000000e0a59d68) thrown at [D:\src\AOSP-openjdk-cygwin\jdk8u\hotspot\src\share\vm\prims\jni.cpp, line 1614]
Event: 1.202 Thread 0x000000001a690800 Exception <a 'java/lang/NoSuchMethodError': <clinit>> (0x00000000e0a63b18) thrown at [D:\src\AOSP-openjdk-cygwin\jdk8u\hotspot\src\share\vm\prims\jni.cpp, line 1614]
Event: 1.203 Thread 0x000000001a690800 Exception <a 'java/lang/NoSuchMethodError': <clinit>> (0x00000000e0a77cc8) thrown at [D:\src\AOSP-openjdk-cygwin\jdk8u\hotspot\src\share\vm\prims\jni.cpp, line 1614]
Event: 1.210 Thread 0x000000001a690800 Exception <a 'java/lang/NoSuchMethodError': <clinit>> (0x00000000e0ad2c08) thrown at [D:\src\AOSP-openjdk-cygwin\jdk8u\hotspot\src\share\vm\prims\jni.cpp, line 1614]
Event: 1.215 Thread 0x000000001a690800 Exception <a 'java/lang/NoSuchMethodError': <clinit>> (0x00000000e0b0a968) thrown at [D:\src\AOSP-openjdk-cygwin\jdk8u\hotspot\src\share\vm\prims\jni.cpp, line 1614]
Event: 1.218 Thread 0x000000001a690800 Exception <a 'java/lang/NoSuchMethodError': <clinit>> (0x00000000e0b40a80) thrown at [D:\src\AOSP-openjdk-cygwin\jdk8u\hotspot\src\share\vm\prims\jni.cpp, line 1614]
Event: 1.219 Thread 0x000000001a690800 Exception <a 'java/lang/NoSuchMethodError': <clinit>> (0x00000000e0b4c4f8) thrown at [D:\src\AOSP-openjdk-cygwin\jdk8u\hotspot\src\share\vm\prims\jni.cpp, line 1614]

Events (10 events):
Event: 1.754 loading class org/gradle/internal/scripts/ScriptingLanguages done
Event: 1.754 loading class org/gradle/scripts/ScriptingLanguage
Event: 1.754 loading class org/gradle/scripts/ScriptingLanguage done
Event: 1.754 loading class org/gradle/internal/scripts/ScriptingLanguages$1
Event: 1.754 loading class org/gradle/internal/scripts/ScriptingLanguages$1 done
Event: 1.769 loading class org/gradle/initialization/layout/BuildLayout
Event: 1.769 loading class org/gradle/initialization/layout/BuildLayout done
Event: 1.769 loading class org/gradle/initialization/SettingsLocation
Event: 1.769 loading class org/gradle/initialization/SettingsLocation done
Event: 1.841 Thread 0x000000001a2bf800 Thread added: 0x000000001a2bf800


Dynamic libraries:
0x00007ff6ae950000 - 0x00007ff6ae981000 	C:\Program Files\Android\Android Studio\jre\bin\java.exe
0x00007ff8f8290000 - 0x00007ff8f8461000 	C:\Windows\SYSTEM32\ntdll.dll
0x00007ff8f7a80000 - 0x00007ff8f7b2b000 	C:\Windows\System32\KERNEL32.DLL
0x00007ff8f47f0000 - 0x00007ff8f4a0d000 	C:\Windows\System32\KERNELBASE.dll
0x00007ff8f5a70000 - 0x00007ff8f5b12000 	C:\Windows\System32\ADVAPI32.dll
0x00007ff8f74c0000 - 0x00007ff8f755e000 	C:\Windows\System32\msvcrt.dll
0x00007ff8f5820000 - 0x00007ff8f5879000 	C:\Windows\System32\sechost.dll
0x00007ff8f5b20000 - 0x00007ff8f5c41000 	C:\Windows\System32\RPCRT4.dll
0x00007ff8f7700000 - 0x00007ff8f7865000 	C:\Windows\System32\USER32.dll
0x00007ff8f5600000 - 0x00007ff8f561e000 	C:\Windows\System32\win32u.dll
0x00007ff8f5890000 - 0x00007ff8f58c4000 	C:\Windows\System32\GDI32.dll
0x00007ff8f4c30000 - 0x00007ff8f4db2000 	C:\Windows\System32\gdi32full.dll
0x00007ff8e54d0000 - 0x00007ff8e5749000 	C:\Windows\WinSxS\amd64_microsoft.windows.common-controls_6595b64144ccf1df_6.0.14393.447_none_42191651c6827bb3\COMCTL32.dll
0x00007ff8f5c50000 - 0x00007ff8f5f17000 	C:\Windows\System32\combase.dll
0x00007ff8f5620000 - 0x00007ff8f5715000 	C:\Windows\System32\ucrtbase.dll
0x00007ff8f4780000 - 0x00007ff8f47ea000 	C:\Windows\System32\bcryptPrimitives.dll
0x00007ff8f5a40000 - 0x00007ff8f5a6e000 	C:\Windows\System32\IMM32.DLL
0x0000000058bb0000 - 0x0000000058c82000 	C:\Program Files\Android\Android Studio\jre\jre\bin\msvcr100.dll
0x0000000058c90000 - 0x00000000594d6000 	C:\Program Files\Android\Android Studio\jre\jre\bin\server\jvm.dll
0x00007ff8f59d0000 - 0x00007ff8f59d8000 	C:\Windows\System32\PSAPI.DLL
0x00007ff8f25d0000 - 0x00007ff8f25f3000 	C:\Windows\SYSTEM32\WINMM.dll
0x00007ff8efbc0000 - 0x00007ff8efbca000 	C:\Windows\SYSTEM32\VERSION.dll
0x00007ff8f2710000 - 0x00007ff8f2719000 	C:\Windows\SYSTEM32\WSOCK32.dll
0x00007ff8f25a0000 - 0x00007ff8f25cb000 	C:\Windows\SYSTEM32\WINMMBASE.dll
0x00007ff8f5f20000 - 0x00007ff8f5f8a000 	C:\Windows\System32\WS2_32.dll
0x00007ff8f4be0000 - 0x00007ff8f4c22000 	C:\Windows\System32\cfgmgr32.dll
0x00007ff8f0aa0000 - 0x00007ff8f0aaf000 	C:\Program Files\Android\Android Studio\jre\jre\bin\verify.dll
0x00007ff8f0a10000 - 0x00007ff8f0a39000 	C:\Program Files\Android\Android Studio\jre\jre\bin\java.dll
0x00007ff8ebe00000 - 0x00007ff8ebe16000 	C:\Program Files\Android\Android Studio\jre\jre\bin\zip.dll
0x00007ff8f5f90000 - 0x00007ff8f7499000 	C:\Windows\System32\SHELL32.dll
0x00007ff8f4dc0000 - 0x00007ff8f549a000 	C:\Windows\System32\windows.storage.dll
0x00007ff8f46f0000 - 0x00007ff8f473c000 	C:\Windows\System32\powrprof.dll
0x00007ff8f76a0000 - 0x00007ff8f76f2000 	C:\Windows\System32\shlwapi.dll
0x00007ff8f4770000 - 0x00007ff8f477f000 	C:\Windows\System32\kernel.appcore.dll
0x00007ff8f54a0000 - 0x00007ff8f5549000 	C:\Windows\System32\shcore.dll
0x00007ff8f4740000 - 0x00007ff8f4754000 	C:\Windows\System32\profapi.dll
0x00007ff8ebb00000 - 0x00007ff8ebb1a000 	C:\Program Files\Android\Android Studio\jre\jre\bin\net.dll
0x00007ff8f3f50000 - 0x00007ff8f3fac000 	C:\Windows\system32\mswsock.dll
0x00007ff8eae10000 - 0x00007ff8eae21000 	C:\Program Files\Android\Android Studio\jre\jre\bin\nio.dll
0x00007ff8e65c0000 - 0x00007ff8e65e6000 	C:\Users\ROHIT\.gradle\native\29\windows-amd64\native-platform.dll
0x00007ff8f0a90000 - 0x00007ff8f0a9d000 	C:\Program Files\Android\Android Studio\jre\jre\bin\management.dll
0x00007ff8f41c0000 - 0x00007ff8f41d7000 	C:\Windows\SYSTEM32\CRYPTSP.dll
0x00007ff8f40d0000 - 0x00007ff8f4103000 	C:\Windows\system32\rsaenh.dll
0x00007ff8f42d0000 - 0x00007ff8f42fb000 	C:\Windows\SYSTEM32\bcrypt.dll
0x00007ff8f3dd0000 - 0x00007ff8f3def000 	C:\Windows\SYSTEM32\USERENV.dll
0x00007ff8f41e0000 - 0x00007ff8f41eb000 	C:\Windows\SYSTEM32\CRYPTBASE.dll
0x00007ff8f3ce0000 - 0x00007ff8f3d18000 	C:\Windows\SYSTEM32\IPHLPAPI.DLL
0x00007ff8f8180000 - 0x00007ff8f8188000 	C:\Windows\System32\NSI.dll
0x00007ff8ef6d0000 - 0x00007ff8ef6e6000 	C:\Windows\SYSTEM32\dhcpcsvc6.DLL
0x00007ff8efba0000 - 0x00007ff8efbba000 	C:\Windows\SYSTEM32\dhcpcsvc.DLL

VM Arguments:
jvm_args: -Xmx1536m -Dfile.encoding=windows-1252 -Duser.country=US -Duser.language=en -Duser.variant 
java_command: org.gradle.launcher.daemon.bootstrap.GradleDaemon 5.4.1
java_class_path (initial): C:\Users\ROHIT\.gradle\wrapper\dists\gradle-5.4.1-all\3221gyojl5jsh0helicew7rwx\gradle-5.4.1\lib\gradle-launcher-5.4.1.jar
Launcher Type: SUN_STANDARD

Environment Variables:
PATH=C:\Windows\system32;C:\Windows;C:\Windows\System32\Wbem;C:\Windows\System32\WindowsPowerShell\v1.0\;C:\Program Files\Git\cmd;C:\Program Files\nodejs\;C:\Users\ROHIT\AppData\Local\Microsoft\WindowsApps;C:\Users\ROHIT\AppData\Local\atom\bin;C:\Users\ROHIT\AppData\Local\hyper\app-3.0.2\resources\bin;C:\Users\ROHIT\AppData\Roaming\npm
USERNAME=ROHIT
OS=Windows_NT
PROCESSOR_IDENTIFIER=Intel64 Family 6 Model 142 Stepping 10, GenuineIntel



---------------  S Y S T E M  ---------------

OS: Windows 10.0 , 64 bit Build 14393 (10.0.14393.0)

CPU:total 8 (initial active 8) (4 cores per cpu, 2 threads per core) family 6 model 142 stepping 10, cmov, cx8, fxsr, mmx, sse, sse2, sse3, ssse3, sse4.1, sse4.2, popcnt, avx, avx2, aes, clmul, erms, 3dnowpref, lzcnt, ht, tsc, tscinvbit, bmi1, bmi2, adx

Memory: 4k page, physical 8295652k(3067192k free), swap 20878564k(3336k free)

vm_info: OpenJDK 64-Bit Server VM (25.202-b03) for windows-amd64 JRE (1.8.0_202-release-1483-b03), built by "builder" with MS VC++ 10.0 (VS2010)

time: Sun May 17 07:20:27 2020
timezone: Pacific Daylight Time
elapsed time: 2 seconds (0d 0h 0m 2s)

