#
# There is insufficient memory for the Java Runtime Environment to continue.
# Native memory allocation (malloc) failed to allocate 1100416 bytes for Chunk::new
# Possible reasons:
#   The system is out of physical RAM or swap space
#   The process is running with CompressedOops enabled, and the Java Heap may be blocking the growth of the native heap
# Possible solutions:
#   Reduce memory load on the system
#   Increase physical memory or swap space
#   Check if swap backing store is full
#   Decrease Java heap size (-Xmx/-Xms)
#   Decrease number of Java threads
#   Decrease Java thread stack sizes (-Xss)
#   Set larger code cache with -XX:ReservedCodeCacheSize=
#   JVM is running with Unscaled Compressed Oops mode in which the Java heap is
#     placed in the first 4GB address space. The Java Heap base address is the
#     maximum limit for the native heap growth. Please use -XX:HeapBaseMinAddress
#     to set the Java Heap base and to place the Java Heap above 4GB virtual address.
# This output file may be truncated or incomplete.
#
#  Out of Memory Error (allocation.cpp:389), pid=4080, tid=0x00000000000027e8
#
# JRE version: OpenJDK Runtime Environment (8.0_202-b03) (build 1.8.0_202-release-1483-b03)
# Java VM: OpenJDK 64-Bit Server VM (25.202-b03 mixed mode windows-amd64 compressed oops)
# Failed to write core dump. Minidumps are not enabled by default on client versions of Windows
#

---------------  T H R E A D  ---------------

Current thread (0x0000000018b52800):  JavaThread "C2 CompilerThread1" daemon [_thread_in_native, id=10216, stack(0x0000000019510000,0x0000000019610000)]

Stack: [0x0000000019510000,0x0000000019610000]
[error occurred during error reporting (printing stack bounds), id 0xc0000005]

Native frames: (J=compiled Java code, j=interpreted, Vv=VM code, C=native code)


Current CompileTask:
C2:   1133 1374       4       java.net.URLClassLoader$1::run (5 bytes)


---------------  P R O C E S S  ---------------

Java Threads: ( => current thread )
  0x0000000019f9d000 JavaThread "Cache worker for journal cache (C:\Users\ROHIT\.gradle\caches\journal-1)" [_thread_blocked, id=9824, stack(0x000000001c920000,0x000000001ca20000)]
  0x0000000019f9e000 JavaThread "File lock request listener" [_thread_in_native, id=2104, stack(0x000000001c820000,0x000000001c920000)]
  0x000000001a93e800 JavaThread "Cache worker for file hash cache (C:\Users\ROHIT\.gradle\caches\5.4.1\fileHashes)" [_thread_blocked, id=2096, stack(0x000000001c720000,0x000000001c820000)]
  0x0000000018e68800 JavaThread "Thread-9" [_thread_blocked, id=7800, stack(0x000000001c620000,0x000000001c720000)]
  0x000000001ae95000 JavaThread "Stdin handler" [_thread_blocked, id=3372, stack(0x000000001c520000,0x000000001c620000)]
  0x0000000018e49800 JavaThread "Asynchronous log dispatcher for DefaultDaemonConnection: socket connection from /127.0.0.1:51875 to /127.0.0.1:51876" [_thread_blocked, id=840, stack(0x000000001c420000,0x000000001c520000)]
  0x0000000018e61800 JavaThread "Daemon worker" [_thread_in_vm, id=7004, stack(0x000000001c320000,0x000000001c420000)]
  0x000000001ae0c800 JavaThread "Cancel handler" [_thread_blocked, id=5560, stack(0x000000001c220000,0x000000001c320000)]
  0x0000000019ac0800 JavaThread "Handler for socket connection from /127.0.0.1:51875 to /127.0.0.1:51876" [_thread_in_native, id=6480, stack(0x000000001bf20000,0x000000001c020000)]
  0x0000000019abf800 JavaThread "Daemon" [_thread_blocked, id=4760, stack(0x000000001be20000,0x000000001bf20000)]
  0x0000000019ca8000 JavaThread "Daemon periodic checks" [_thread_blocked, id=9300, stack(0x000000001bd20000,0x000000001be20000)]
  0x0000000019c93800 JavaThread "Incoming local TCP Connector on port 51875" [_thread_in_native, id=2900, stack(0x000000001b820000,0x000000001b920000)]
  0x000000001ac52000 JavaThread "Daemon health stats" [_thread_blocked, id=2732, stack(0x000000001b1e0000,0x000000001b2e0000)]
  0x0000000018bdc800 JavaThread "Service Thread" daemon [_thread_blocked, id=1648, stack(0x0000000019810000,0x0000000019910000)]
  0x0000000018b5a000 JavaThread "C1 CompilerThread3" daemon [_thread_blocked, id=6380, stack(0x0000000019710000,0x0000000019810000)]
  0x0000000018b55800 JavaThread "C2 CompilerThread2" daemon [_thread_in_native, id=6136, stack(0x0000000019610000,0x0000000019710000)]
=>0x0000000018b52800 JavaThread "C2 CompilerThread1" daemon [_thread_in_native, id=10216, stack(0x0000000019510000,0x0000000019610000)]
  0x0000000018b4e800 JavaThread "C2 CompilerThread0" daemon [_thread_blocked, id=6152, stack(0x0000000019410000,0x0000000019510000)]
  0x0000000018b4d000 JavaThread "Attach Listener" daemon [_thread_blocked, id=9192, stack(0x0000000019310000,0x0000000019410000)]
  0x0000000018b4b800 JavaThread "Signal Dispatcher" daemon [_thread_blocked, id=6896, stack(0x0000000019210000,0x0000000019310000)]
  0x0000000002f8d800 JavaThread "Finalizer" daemon [_thread_blocked, id=2532, stack(0x0000000019020000,0x0000000019120000)]
  0x0000000016d4c000 JavaThread "Reference Handler" daemon [_thread_blocked, id=8728, stack(0x0000000018f20000,0x0000000019020000)]
  0x000000000159d800 JavaThread "main" [_thread_blocked, id=8016, stack(0x0000000002d90000,0x0000000002e90000)]

Other Threads:
  0x0000000016d47800 VMThread [stack: 0x0000000018a20000,0x0000000018b20000] [id=7404]
  0x0000000018bdd000 WatcherThread [stack: 0x0000000019910000,0x0000000019a10000] [id=9968]

VM state:not at safepoint (normal execution)

VM Mutex/Monitor currently owned by a thread: None

heap address: 0x00000000a0000000, size: 1536 MB, Compressed Oops mode: 32-bit
Narrow klass base: 0x0000000000000000, Narrow klass shift: 3
Compressed class space size: 1073741824 Address: 0x0000000100000000

Heap:
 PSYoungGen      total 38400K, used 27182K [0x00000000e0000000, 0x00000000e2a80000, 0x0000000100000000)
  eden space 33280K, 66% used [0x00000000e0000000,0x00000000e1592b40,0x00000000e2080000)
  from space 5120K, 99% used [0x00000000e2080000,0x00000000e2578e10,0x00000000e2580000)
  to   space 5120K, 0% used [0x00000000e2580000,0x00000000e2580000,0x00000000e2a80000)
 ParOldGen       total 87552K, used 1905K [0x00000000a0000000, 0x00000000a5580000, 0x00000000e0000000)
  object space 87552K, 2% used [0x00000000a0000000,0x00000000a01dc690,0x00000000a5580000)
 Metaspace       used 14885K, capacity 15220K, committed 15360K, reserved 1062912K
  class space    used 2109K, capacity 2254K, committed 2304K, reserved 1048576K

Card table byte_map: [0x0000000012350000,0x0000000012660000] byte_map_base: 0x0000000011e50000

Marking Bits: (ParMarkBitMap*) 0x0000000059459f30
 Begin Bits: [0x0000000013060000, 0x0000000014860000)
 End Bits:   [0x0000000014860000, 0x0000000016060000)

Polling page: 0x0000000001500000

CodeCache: size=245760Kb used=4950Kb max_used=4950Kb free=240809Kb
 bounds [0x0000000002f90000, 0x0000000003470000, 0x0000000011f90000]
 total_blobs=1798 nmethods=1411 adapters=299
 compilation: enabled

Compilation events (10 events):
Event: 1.117 Thread 0x0000000018b5a000 nmethod 1409 0x0000000003458c90 code [0x0000000003458de0, 0x0000000003458ef0]
Event: 1.117 Thread 0x0000000018b5a000 1412   !   3       java.io.WinNTFileSystem::resolve (362 bytes)
Event: 1.120 Thread 0x0000000018b5a000 nmethod 1412 0x0000000003458f50 code [0x00000000034597c0, 0x000000000345f378]
Event: 1.120 Thread 0x0000000018b5a000 1414       3       org.gradle.api.file.internal.FilePathUtil::sizeOfCommonPrefix (142 bytes)
Event: 1.121 Thread 0x0000000018b5a000 nmethod 1414 0x0000000003462ed0 code [0x0000000003463140, 0x0000000003464568]
Event: 1.121 Thread 0x0000000018b5a000 1413       3       java.util.AbstractCollection::isEmpty (13 bytes)
Event: 1.121 Thread 0x0000000018b5a000 nmethod 1413 0x0000000003464ed0 code [0x0000000003465040, 0x00000000034652a8]
Event: 1.121 Thread 0x0000000018b5a000 1411       3       com.google.common.base.Preconditions::checkNotNull (14 bytes)
Event: 1.121 Thread 0x0000000018b5a000 nmethod 1411 0x0000000003465350 code [0x00000000034654c0, 0x00000000034656e8]
Event: 1.129 Thread 0x0000000018b55800 1415       4       java.lang.String::indexOf (7 bytes)

GC Heap History (6 events):
Event: 0.450 GC heap before
{Heap before GC invocations=1 (full 0):
 PSYoungGen      total 38400K, used 33280K [0x00000000e0000000, 0x00000000e2a80000, 0x0000000100000000)
  eden space 33280K, 100% used [0x00000000e0000000,0x00000000e2080000,0x00000000e2080000)
  from space 5120K, 0% used [0x00000000e2580000,0x00000000e2580000,0x00000000e2a80000)
  to   space 5120K, 0% used [0x00000000e2080000,0x00000000e2080000,0x00000000e2580000)
 ParOldGen       total 87552K, used 0K [0x00000000a0000000, 0x00000000a5580000, 0x00000000e0000000)
  object space 87552K, 0% used [0x00000000a0000000,0x00000000a0000000,0x00000000a5580000)
 Metaspace       used 6633K, capacity 6800K, committed 7040K, reserved 1056768K
  class space    used 811K, capacity 844K, committed 896K, reserved 1048576K
Event: 0.453 GC heap after
Heap after GC invocations=1 (full 0):
 PSYoungGen      total 38400K, used 4158K [0x00000000e0000000, 0x00000000e2a80000, 0x0000000100000000)
  eden space 33280K, 0% used [0x00000000e0000000,0x00000000e0000000,0x00000000e2080000)
  from space 5120K, 81% used [0x00000000e2080000,0x00000000e248fad0,0x00000000e2580000)
  to   space 5120K, 0% used [0x00000000e2580000,0x00000000e2580000,0x00000000e2a80000)
 ParOldGen       total 87552K, used 8K [0x00000000a0000000, 0x00000000a5580000, 0x00000000e0000000)
  object space 87552K, 0% used [0x00000000a0000000,0x00000000a0002000,0x00000000a5580000)
 Metaspace       used 6633K, capacity 6800K, committed 7040K, reserved 1056768K
  class space    used 811K, capacity 844K, committed 896K, reserved 1048576K
}
Event: 0.672 GC heap before
{Heap before GC invocations=2 (full 0):
 PSYoungGen      total 38400K, used 37438K [0x00000000e0000000, 0x00000000e2a80000, 0x0000000100000000)
  eden space 33280K, 100% used [0x00000000e0000000,0x00000000e2080000,0x00000000e2080000)
  from space 5120K, 81% used [0x00000000e2080000,0x00000000e248fad0,0x00000000e2580000)
  to   space 5120K, 0% used [0x00000000e2580000,0x00000000e2580000,0x00000000e2a80000)
 ParOldGen       total 87552K, used 8K [0x00000000a0000000, 0x00000000a5580000, 0x00000000e0000000)
  object space 87552K, 0% used [0x00000000a0000000,0x00000000a0002000,0x00000000a5580000)
 Metaspace       used 8945K, capacity 9204K, committed 9472K, reserved 1056768K
  class space    used 1169K, capacity 1258K, committed 1280K, reserved 1048576K
Event: 0.676 GC heap after
Heap after GC invocations=2 (full 0):
 PSYoungGen      total 38400K, used 4545K [0x00000000e0000000, 0x00000000e2a80000, 0x0000000100000000)
  eden space 33280K, 0% used [0x00000000e0000000,0x00000000e0000000,0x00000000e2080000)
  from space 5120K, 88% used [0x00000000e2580000,0x00000000e29f05c8,0x00000000e2a80000)
  to   space 5120K, 0% used [0x00000000e2080000,0x00000000e2080000,0x00000000e2580000)
 ParOldGen       total 87552K, used 16K [0x00000000a0000000, 0x00000000a5580000, 0x00000000e0000000)
  object space 87552K, 0% used [0x00000000a0000000,0x00000000a0004000,0x00000000a5580000)
 Metaspace       used 8945K, capacity 9204K, committed 9472K, reserved 1056768K
  class space    used 1169K, capacity 1258K, committed 1280K, reserved 1048576K
}
Event: 1.020 GC heap before
{Heap before GC invocations=3 (full 0):
 PSYoungGen      total 38400K, used 37825K [0x00000000e0000000, 0x00000000e2a80000, 0x0000000100000000)
  eden space 33280K, 100% used [0x00000000e0000000,0x00000000e2080000,0x00000000e2080000)
  from space 5120K, 88% used [0x00000000e2580000,0x00000000e29f05c8,0x00000000e2a80000)
  to   space 5120K, 0% used [0x00000000e2080000,0x00000000e2080000,0x00000000e2580000)
 ParOldGen       total 87552K, used 16K [0x00000000a0000000, 0x00000000a5580000, 0x00000000e0000000)
  object space 87552K, 0% used [0x00000000a0000000,0x00000000a0004000,0x00000000a5580000)
 Metaspace       used 13297K, capacity 13636K, committed 13824K, reserved 1060864K
  class space    used 1836K, capacity 1956K, committed 2048K, reserved 1048576K
Event: 1.024 GC heap after
Heap after GC invocations=3 (full 0):
 PSYoungGen      total 38400K, used 5091K [0x00000000e0000000, 0x00000000e2a80000, 0x0000000100000000)
  eden space 33280K, 0% used [0x00000000e0000000,0x00000000e0000000,0x00000000e2080000)
  from space 5120K, 99% used [0x00000000e2080000,0x00000000e2578e10,0x00000000e2580000)
  to   space 5120K, 0% used [0x00000000e2580000,0x00000000e2580000,0x00000000e2a80000)
 ParOldGen       total 87552K, used 1905K [0x00000000a0000000, 0x00000000a5580000, 0x00000000e0000000)
  object space 87552K, 2% used [0x00000000a0000000,0x00000000a01dc690,0x00000000a5580000)
 Metaspace       used 13297K, capacity 13636K, committed 13824K, reserved 1060864K
  class space    used 1836K, capacity 1956K, committed 2048K, reserved 1048576K
}

Deoptimization events (10 events):
Event: 0.757 Thread 0x000000000159d800 Uncommon trap: reason=unstable_if action=reinterpret pc=0x0000000003240368 method=java.io.WinNTFileSystem.normalize(Ljava/lang/String;)Ljava/lang/String; @ 128
Event: 0.757 Thread 0x000000000159d800 Uncommon trap: reason=unstable_if action=reinterpret pc=0x00000000032de4f0 method=java.io.WinNTFileSystem.normalize(Ljava/lang/String;II)Ljava/lang/String; @ 90
Event: 0.891 Thread 0x0000000019ac0800 Uncommon trap: reason=unstable_if action=reinterpret pc=0x0000000003331630 method=java.util.concurrent.ConcurrentHashMap.putVal(Ljava/lang/Object;Ljava/lang/Object;Z)Ljava/lang/Object; @ 206
Event: 0.919 Thread 0x0000000018e61800 Uncommon trap: reason=bimorphic action=maybe_recompile pc=0x000000000321ec4c method=java.util.HashMap.putVal(ILjava/lang/Object;Ljava/lang/Object;ZZ)Ljava/lang/Object; @ 253
Event: 0.920 Thread 0x0000000018e61800 Uncommon trap: reason=bimorphic action=maybe_recompile pc=0x000000000321ec4c method=java.util.HashMap.putVal(ILjava/lang/Object;Ljava/lang/Object;ZZ)Ljava/lang/Object; @ 253
Event: 0.920 Thread 0x0000000018e61800 Uncommon trap: reason=bimorphic action=maybe_recompile pc=0x000000000321ec4c method=java.util.HashMap.putVal(ILjava/lang/Object;Ljava/lang/Object;ZZ)Ljava/lang/Object; @ 253
Event: 1.017 Thread 0x0000000018e61800 Uncommon trap: reason=class_check action=maybe_recompile pc=0x000000000324c818 method=java.util.regex.Matcher.match(II)Z @ 86
Event: 1.029 Thread 0x0000000018e61800 Uncommon trap: reason=class_check action=maybe_recompile pc=0x000000000324c818 method=java.util.regex.Matcher.match(II)Z @ 86
Event: 1.029 Thread 0x0000000018e61800 Uncommon trap: reason=class_check action=maybe_recompile pc=0x000000000324c818 method=java.util.regex.Matcher.match(II)Z @ 86
Event: 1.029 Thread 0x0000000018e61800 Uncommon trap: reason=class_check action=maybe_recompile pc=0x000000000321331c method=java.util.regex.Matcher.match(II)Z @ 86

Classes redefined (0 events):
No events

Internal exceptions (10 events):
Event: 0.665 Thread 0x000000000159d800 Exception <a 'java/lang/NoSuchFieldError': method resolution failed> (0x00000000e201b3c8) thrown at [D:\src\AOSP-openjdk-cygwin\jdk8u\hotspot\src\share\vm\prims\methodHandles.cpp, line 1167]
Event: 0.666 Thread 0x000000000159d800 Exception <a 'java/lang/NoSuchFieldError': method resolution failed> (0x00000000e2029108) thrown at [D:\src\AOSP-openjdk-cygwin\jdk8u\hotspot\src\share\vm\prims\methodHandles.cpp, line 1167]
Event: 0.867 Thread 0x000000000159d800 Exception <a 'java/io/IOException'> (0x00000000e081d950) thrown at [D:\src\AOSP-openjdk-cygwin\jdk8u\hotspot\src\share\vm\prims\jni.cpp, line 710]
Event: 0.891 Thread 0x0000000019ac0800 Exception <a 'java/lang/NoSuchMethodError': <clinit>> (0x00000000e0a4e8e8) thrown at [D:\src\AOSP-openjdk-cygwin\jdk8u\hotspot\src\share\vm\prims\jni.cpp, line 1614]
Event: 0.892 Thread 0x0000000019ac0800 Exception <a 'java/lang/NoSuchMethodError': <clinit>> (0x00000000e0a58698) thrown at [D:\src\AOSP-openjdk-cygwin\jdk8u\hotspot\src\share\vm\prims\jni.cpp, line 1614]
Event: 0.893 Thread 0x0000000019ac0800 Exception <a 'java/lang/NoSuchMethodError': <clinit>> (0x00000000e0a6c848) thrown at [D:\src\AOSP-openjdk-cygwin\jdk8u\hotspot\src\share\vm\prims\jni.cpp, line 1614]
Event: 0.898 Thread 0x0000000019ac0800 Exception <a 'java/lang/NoSuchMethodError': <clinit>> (0x00000000e0ac77e0) thrown at [D:\src\AOSP-openjdk-cygwin\jdk8u\hotspot\src\share\vm\prims\jni.cpp, line 1614]
Event: 0.901 Thread 0x0000000019ac0800 Exception <a 'java/lang/NoSuchMethodError': <clinit>> (0x00000000e0aff490) thrown at [D:\src\AOSP-openjdk-cygwin\jdk8u\hotspot\src\share\vm\prims\jni.cpp, line 1614]
Event: 0.904 Thread 0x0000000019ac0800 Exception <a 'java/lang/NoSuchMethodError': <clinit>> (0x00000000e0b353f0) thrown at [D:\src\AOSP-openjdk-cygwin\jdk8u\hotspot\src\share\vm\prims\jni.cpp, line 1614]
Event: 0.904 Thread 0x0000000019ac0800 Exception <a 'java/lang/NoSuchMethodError': <clinit>> (0x00000000e0b40e58) thrown at [D:\src\AOSP-openjdk-cygwin\jdk8u\hotspot\src\share\vm\prims\jni.cpp, line 1614]

Events (10 events):
Event: 1.131 loading class com/google/common/util/concurrent/Striped$PowerOfTwoStriped done
Event: 1.131 loading class com/google/common/util/concurrent/Striped$SmallLazyStriped
Event: 1.131 loading class com/google/common/util/concurrent/Striped$SmallLazyStriped done
Event: 1.131 loading class com/google/common/util/concurrent/Striped$LargeLazyStriped
Event: 1.131 loading class com/google/common/util/concurrent/Striped$LargeLazyStriped done
Event: 1.131 loading class com/google/common/util/concurrent/Striped$CompactStriped
Event: 1.131 loading class com/google/common/util/concurrent/Striped$CompactStriped done
Event: 1.131 loading class com/google/common/util/concurrent/Striped$5
Event: 1.131 loading class com/google/common/util/concurrent/Striped$5 done
Event: 1.131 loading class java/util/concurrent/locks/ReadWriteLock


Dynamic libraries:
0x00007ff610340000 - 0x00007ff610371000 	C:\Program Files\Android\Android Studio\jre\bin\java.exe
0x00007ff8f8290000 - 0x00007ff8f8461000 	C:\Windows\SYSTEM32\ntdll.dll
0x00007ff8f7a80000 - 0x00007ff8f7b2b000 	C:\Windows\System32\KERNEL32.DLL
0x00007ff8f47f0000 - 0x00007ff8f4a0d000 	C:\Windows\System32\KERNELBASE.dll
0x00007ff8f5a70000 - 0x00007ff8f5b12000 	C:\Windows\System32\ADVAPI32.dll
0x00007ff8f74c0000 - 0x00007ff8f755e000 	C:\Windows\System32\msvcrt.dll
0x00007ff8f5820000 - 0x00007ff8f5879000 	C:\Windows\System32\sechost.dll
0x00007ff8f5b20000 - 0x00007ff8f5c41000 	C:\Windows\System32\RPCRT4.dll
0x00007ff8f7700000 - 0x00007ff8f7865000 	C:\Windows\System32\USER32.dll
0x00007ff8f5600000 - 0x00007ff8f561e000 	C:\Windows\System32\win32u.dll
0x00007ff8f5890000 - 0x00007ff8f58c4000 	C:\Windows\System32\GDI32.dll
0x00007ff8f4c30000 - 0x00007ff8f4db2000 	C:\Windows\System32\gdi32full.dll
0x00007ff8e54d0000 - 0x00007ff8e5749000 	C:\Windows\WinSxS\amd64_microsoft.windows.common-controls_6595b64144ccf1df_6.0.14393.447_none_42191651c6827bb3\COMCTL32.dll
0x00007ff8f5c50000 - 0x00007ff8f5f17000 	C:\Windows\System32\combase.dll
0x00007ff8f5620000 - 0x00007ff8f5715000 	C:\Windows\System32\ucrtbase.dll
0x00007ff8f4780000 - 0x00007ff8f47ea000 	C:\Windows\System32\bcryptPrimitives.dll
0x00007ff8f5a40000 - 0x00007ff8f5a6e000 	C:\Windows\System32\IMM32.DLL
0x0000000058bb0000 - 0x0000000058c82000 	C:\Program Files\Android\Android Studio\jre\jre\bin\msvcr100.dll
0x0000000058c90000 - 0x00000000594d6000 	C:\Program Files\Android\Android Studio\jre\jre\bin\server\jvm.dll
0x00007ff8f59d0000 - 0x00007ff8f59d8000 	C:\Windows\System32\PSAPI.DLL
0x00007ff8f25d0000 - 0x00007ff8f25f3000 	C:\Windows\SYSTEM32\WINMM.dll
0x00007ff8f0510000 - 0x00007ff8f0519000 	C:\Windows\SYSTEM32\WSOCK32.dll
0x00007ff8efbc0000 - 0x00007ff8efbca000 	C:\Windows\SYSTEM32\VERSION.dll
0x00007ff8f5f20000 - 0x00007ff8f5f8a000 	C:\Windows\System32\WS2_32.dll
0x00000000015a0000 - 0x00000000015cb000 	C:\Windows\SYSTEM32\WINMMBASE.dll
0x00007ff8f4be0000 - 0x00007ff8f4c22000 	C:\Windows\System32\cfgmgr32.dll
0x00007ff8f0500000 - 0x00007ff8f050f000 	C:\Program Files\Android\Android Studio\jre\jre\bin\verify.dll
0x00007ff8ea770000 - 0x00007ff8ea799000 	C:\Program Files\Android\Android Studio\jre\jre\bin\java.dll
0x00007ff8ef740000 - 0x00007ff8ef756000 	C:\Program Files\Android\Android Studio\jre\jre\bin\zip.dll
0x00007ff8f5f90000 - 0x00007ff8f7499000 	C:\Windows\System32\SHELL32.dll
0x00007ff8f4dc0000 - 0x00007ff8f549a000 	C:\Windows\System32\windows.storage.dll
0x00007ff8f46f0000 - 0x00007ff8f473c000 	C:\Windows\System32\powrprof.dll
0x00007ff8f76a0000 - 0x00007ff8f76f2000 	C:\Windows\System32\shlwapi.dll
0x00007ff8f4770000 - 0x00007ff8f477f000 	C:\Windows\System32\kernel.appcore.dll
0x00007ff8f54a0000 - 0x00007ff8f5549000 	C:\Windows\System32\shcore.dll
0x00007ff8f4740000 - 0x00007ff8f4754000 	C:\Windows\System32\profapi.dll
0x00007ff8ebe00000 - 0x00007ff8ebe1a000 	C:\Program Files\Android\Android Studio\jre\jre\bin\net.dll
0x00007ff8f3f50000 - 0x00007ff8f3fac000 	C:\Windows\system32\mswsock.dll
0x00007ff8ea3e0000 - 0x00007ff8ea3f1000 	C:\Program Files\Android\Android Studio\jre\jre\bin\nio.dll
0x00007ff8e6900000 - 0x00007ff8e6926000 	C:\Users\ROHIT\.gradle\native\29\windows-amd64\native-platform.dll
0x00007ff8f04f0000 - 0x00007ff8f04fd000 	C:\Program Files\Android\Android Studio\jre\jre\bin\management.dll
0x00007ff8f41c0000 - 0x00007ff8f41d7000 	C:\Windows\SYSTEM32\CRYPTSP.dll
0x00007ff8f40d0000 - 0x00007ff8f4103000 	C:\Windows\system32\rsaenh.dll
0x00007ff8f42d0000 - 0x00007ff8f42fb000 	C:\Windows\SYSTEM32\bcrypt.dll
0x00007ff8f3dd0000 - 0x00007ff8f3def000 	C:\Windows\SYSTEM32\USERENV.dll
0x00007ff8f41e0000 - 0x00007ff8f41eb000 	C:\Windows\SYSTEM32\CRYPTBASE.dll
0x00007ff8f3ce0000 - 0x00007ff8f3d18000 	C:\Windows\SYSTEM32\IPHLPAPI.DLL
0x00007ff8f8180000 - 0x00007ff8f8188000 	C:\Windows\System32\NSI.dll
0x00007ff8ef6d0000 - 0x00007ff8ef6e6000 	C:\Windows\SYSTEM32\dhcpcsvc6.DLL
0x00007ff8efba0000 - 0x00007ff8efbba000 	C:\Windows\SYSTEM32\dhcpcsvc.DLL

VM Arguments:
jvm_args: -Xmx1536m -Dfile.encoding=windows-1252 -Duser.country=US -Duser.language=en -Duser.variant 
java_command: org.gradle.launcher.daemon.bootstrap.GradleDaemon 5.4.1
java_class_path (initial): C:\Users\ROHIT\.gradle\wrapper\dists\gradle-5.4.1-all\3221gyojl5jsh0helicew7rwx\gradle-5.4.1\lib\gradle-launcher-5.4.1.jar
Launcher Type: SUN_STANDARD

Environment Variables:
PATH=C:\Windows\system32;C:\Windows;C:\Windows\System32\Wbem;C:\Windows\System32\WindowsPowerShell\v1.0\;C:\Program Files\Git\cmd;C:\Program Files\nodejs\;C:\Users\ROHIT\AppData\Local\Microsoft\WindowsApps;C:\Users\ROHIT\AppData\Local\atom\bin;C:\Users\ROHIT\AppData\Local\hyper\app-3.0.2\resources\bin;C:\Users\ROHIT\AppData\Roaming\npm
USERNAME=ROHIT
OS=Windows_NT
PROCESSOR_IDENTIFIER=Intel64 Family 6 Model 142 Stepping 10, GenuineIntel



---------------  S Y S T E M  ---------------

OS: Windows 10.0 , 64 bit Build 14393 (10.0.14393.0)

CPU:total 8 (initial active 8) (4 cores per cpu, 2 threads per core) family 6 model 142 stepping 10, cmov, cx8, fxsr, mmx, sse, sse2, sse3, ssse3, sse4.1, sse4.2, popcnt, avx, avx2, aes, clmul, erms, 3dnowpref, lzcnt, ht, tsc, tscinvbit, bmi1, bmi2, adx

Memory: 4k page, physical 8295652k(2797500k free), swap 20878564k(5204k free)

vm_info: OpenJDK 64-Bit Server VM (25.202-b03) for windows-amd64 JRE (1.8.0_202-release-1483-b03), built by "builder" with MS VC++ 10.0 (VS2010)

time: Sun May 17 07:17:16 2020
timezone: Pacific Daylight Time
elapsed time: 1 seconds (0d 0h 0m 1s)

