#
# There is insufficient memory for the Java Runtime Environment to continue.
# Native memory allocation (malloc) failed to allocate 32744 bytes for ChunkPool::allocate
# Possible reasons:
#   The system is out of physical RAM or swap space
#   The process is running with CompressedOops enabled, and the Java Heap may be blocking the growth of the native heap
# Possible solutions:
#   Reduce memory load on the system
#   Increase physical memory or swap space
#   Check if swap backing store is full
#   Decrease Java heap size (-Xmx/-Xms)
#   Decrease number of Java threads
#   Decrease Java thread stack sizes (-Xss)
#   Set larger code cache with -XX:ReservedCodeCacheSize=
#   JVM is running with Unscaled Compressed Oops mode in which the Java heap is
#     placed in the first 4GB address space. The Java Heap base address is the
#     maximum limit for the native heap growth. Please use -XX:HeapBaseMinAddress
#     to set the Java Heap base and to place the Java Heap above 4GB virtual address.
# This output file may be truncated or incomplete.
#
#  Out of Memory Error (allocation.cpp:272), pid=4164, tid=0x0000000000001df8
#
# JRE version: OpenJDK Runtime Environment (8.0_202-b03) (build 1.8.0_202-release-1483-b03)
# Java VM: OpenJDK 64-Bit Server VM (25.202-b03 mixed mode windows-amd64 compressed oops)
# Failed to write core dump. Minidumps are not enabled by default on client versions of Windows
#

---------------  T H R E A D  ---------------

Current thread (0x0000000018d9e800):  JavaThread "C2 CompilerThread0" daemon [_thread_in_native, id=7672, stack(0x0000000019660000,0x0000000019760000)]

Stack: [0x0000000019660000,0x0000000019760000]
[error occurred during error reporting (printing stack bounds), id 0xc0000005]

Native frames: (J=compiled Java code, j=interpreted, Vv=VM code, C=native code)


Current CompileTask:
C2:   1348 1413   !   4       java.util.concurrent.ConcurrentHashMap::putVal (362 bytes)


---------------  P R O C E S S  ---------------

Java Threads: ( => current thread )
  0x0000000019d13000 JavaThread "Cache worker for journal cache (C:\Users\ROHIT\.gradle\caches\journal-1)" [_thread_blocked, id=7488, stack(0x000000001cb70000,0x000000001cc70000)]
  0x000000001aaff800 JavaThread "File lock request listener" [_thread_in_native, id=3000, stack(0x000000001ca70000,0x000000001cb70000)]
  0x000000001aaff000 JavaThread "Cache worker for file hash cache (C:\Users\ROHIT\.gradle\caches\5.4.1\fileHashes)" [_thread_blocked, id=2536, stack(0x000000001c970000,0x000000001ca70000)]
  0x000000001b277000 JavaThread "Thread-9" [_thread_blocked, id=3432, stack(0x000000001c870000,0x000000001c970000)]
  0x000000001b275800 JavaThread "Stdin handler" [_thread_blocked, id=5536, stack(0x000000001c770000,0x000000001c870000)]
  0x000000001b045800 JavaThread "Asynchronous log dispatcher for DefaultDaemonConnection: socket connection from /127.0.0.1:51864 to /127.0.0.1:51865" [_thread_blocked, id=2288, stack(0x000000001c670000,0x000000001c770000)]
  0x0000000019cde000 JavaThread "Daemon worker" [_thread_in_Java, id=8644, stack(0x000000001c570000,0x000000001c670000)]
  0x0000000019cdd000 JavaThread "Cancel handler" [_thread_blocked, id=2696, stack(0x000000001c470000,0x000000001c570000)]
  0x0000000019ee3800 JavaThread "Handler for socket connection from /127.0.0.1:51864 to /127.0.0.1:51865" [_thread_in_native, id=8972, stack(0x000000001c170000,0x000000001c270000)]
  0x0000000019ee3000 JavaThread "Daemon" [_thread_blocked, id=9932, stack(0x000000001c070000,0x000000001c170000)]
  0x0000000018ec3800 JavaThread "Daemon periodic checks" [_thread_blocked, id=408, stack(0x000000001bf70000,0x000000001c070000)]
  0x0000000018ebd000 JavaThread "Incoming local TCP Connector on port 51864" [_thread_in_native, id=364, stack(0x000000001ba70000,0x000000001bb70000)]
  0x000000001ae70000 JavaThread "Daemon health stats" [_thread_blocked, id=6392, stack(0x000000001b430000,0x000000001b530000)]
  0x0000000018e32800 JavaThread "Service Thread" daemon [_thread_blocked, id=276, stack(0x0000000019a60000,0x0000000019b60000)]
  0x0000000018da7000 JavaThread "C1 CompilerThread3" daemon [_thread_in_native, id=8460, stack(0x0000000019960000,0x0000000019a60000)]
  0x0000000018da3000 JavaThread "C2 CompilerThread2" daemon [_thread_in_native, id=9188, stack(0x0000000019860000,0x0000000019960000)]
  0x0000000018da1800 JavaThread "C2 CompilerThread1" daemon [_thread_in_native, id=8424, stack(0x0000000019760000,0x0000000019860000)]
=>0x0000000018d9e800 JavaThread "C2 CompilerThread0" daemon [_thread_in_native, id=7672, stack(0x0000000019660000,0x0000000019760000)]
  0x0000000018d9d800 JavaThread "Attach Listener" daemon [_thread_blocked, id=1260, stack(0x0000000019560000,0x0000000019660000)]
  0x0000000018d9c800 JavaThread "Signal Dispatcher" daemon [_thread_blocked, id=10164, stack(0x0000000019460000,0x0000000019560000)]
  0x0000000018d91000 JavaThread "Finalizer" daemon [_thread_blocked, id=1156, stack(0x0000000019270000,0x0000000019370000)]
  0x0000000018d90800 JavaThread "Reference Handler" daemon [_thread_blocked, id=9000, stack(0x0000000019170000,0x0000000019270000)]
  0x0000000002f3d800 JavaThread "main" [_thread_blocked, id=9368, stack(0x0000000002fd0000,0x00000000030d0000)]

Other Threads:
  0x0000000016f86000 VMThread [stack: 0x0000000018c70000,0x0000000018d70000] [id=720]
  0x0000000018e33000 WatcherThread [stack: 0x0000000019b60000,0x0000000019c60000] [id=8640]

VM state:not at safepoint (normal execution)

VM Mutex/Monitor currently owned by a thread: None

heap address: 0x00000000a0000000, size: 1536 MB, Compressed Oops mode: 32-bit
Narrow klass base: 0x0000000000000000, Narrow klass shift: 3
Compressed class space size: 1073741824 Address: 0x0000000100000000

Heap:
 PSYoungGen      total 38400K, used 30527K [0x00000000e0000000, 0x00000000e2a80000, 0x0000000100000000)
  eden space 33280K, 76% used [0x00000000e0000000,0x00000000e18d3f68,0x00000000e2080000)
  from space 5120K, 99% used [0x00000000e2080000,0x00000000e257c010,0x00000000e2580000)
  to   space 5120K, 0% used [0x00000000e2580000,0x00000000e2580000,0x00000000e2a80000)
 ParOldGen       total 87552K, used 1861K [0x00000000a0000000, 0x00000000a5580000, 0x00000000e0000000)
  object space 87552K, 2% used [0x00000000a0000000,0x00000000a01d15f8,0x00000000a5580000)
 Metaspace       used 15332K, capacity 15732K, committed 16000K, reserved 1062912K
  class space    used 2179K, capacity 2318K, committed 2432K, reserved 1048576K

Card table byte_map: [0x0000000012590000,0x00000000128a0000] byte_map_base: 0x0000000012090000

Marking Bits: (ParMarkBitMap*) 0x0000000059459f30
 Begin Bits: [0x00000000132a0000, 0x0000000014aa0000)
 End Bits:   [0x0000000014aa0000, 0x00000000162a0000)

Polling page: 0x00000000016d0000

CodeCache: size=245760Kb used=5022Kb max_used=5022Kb free=240737Kb
 bounds [0x00000000031d0000, 0x00000000036c0000, 0x00000000121d0000]
 total_blobs=1812 nmethods=1425 adapters=300
 compilation: enabled

Compilation events (10 events):
Event: 1.313 Thread 0x0000000018d9e800 1408       4       java.lang.String::indexOf (7 bytes)
Event: 1.317 Thread 0x0000000018da1800 1409   !   4       java.net.URLClassLoader$1::run (63 bytes)
Event: 1.318 Thread 0x0000000018d9e800 nmethod 1408 0x00000000036b3ed0 code [0x00000000036b4020, 0x00000000036b4498]
Event: 1.323 Thread 0x0000000018da7000 1410       3       java.nio.HeapByteBuffer::ix (7 bytes)
Event: 1.323 Thread 0x0000000018da7000 nmethod 1410 0x00000000036b3bd0 code [0x00000000036b3d20, 0x00000000036b3e70]
Event: 1.323 Thread 0x0000000018da7000 1411       3       sun.reflect.ReflectionFactory::inflationThreshold (4 bytes)
Event: 1.323 Thread 0x0000000018da7000 nmethod 1411 0x00000000036b38d0 code [0x00000000036b3a20, 0x00000000036b3b50]
Event: 1.334 Thread 0x0000000018da7000 1412       3       java.lang.ClassLoader::addClass (9 bytes)
Event: 1.334 Thread 0x0000000018da7000 nmethod 1412 0x00000000036b3490 code [0x00000000036b3600, 0x00000000036b3828]
Event: 1.335 Thread 0x0000000018d9e800 1413   !   4       java.util.concurrent.ConcurrentHashMap::putVal (362 bytes)

GC Heap History (6 events):
Event: 0.532 GC heap before
{Heap before GC invocations=1 (full 0):
 PSYoungGen      total 38400K, used 33280K [0x00000000e0000000, 0x00000000e2a80000, 0x0000000100000000)
  eden space 33280K, 100% used [0x00000000e0000000,0x00000000e2080000,0x00000000e2080000)
  from space 5120K, 0% used [0x00000000e2580000,0x00000000e2580000,0x00000000e2a80000)
  to   space 5120K, 0% used [0x00000000e2080000,0x00000000e2080000,0x00000000e2580000)
 ParOldGen       total 87552K, used 0K [0x00000000a0000000, 0x00000000a5580000, 0x00000000e0000000)
  object space 87552K, 0% used [0x00000000a0000000,0x00000000a0000000,0x00000000a5580000)
 Metaspace       used 6636K, capacity 6800K, committed 7040K, reserved 1056768K
  class space    used 811K, capacity 844K, committed 896K, reserved 1048576K
Event: 0.535 GC heap after
Heap after GC invocations=1 (full 0):
 PSYoungGen      total 38400K, used 4132K [0x00000000e0000000, 0x00000000e2a80000, 0x0000000100000000)
  eden space 33280K, 0% used [0x00000000e0000000,0x00000000e0000000,0x00000000e2080000)
  from space 5120K, 80% used [0x00000000e2080000,0x00000000e2489250,0x00000000e2580000)
  to   space 5120K, 0% used [0x00000000e2580000,0x00000000e2580000,0x00000000e2a80000)
 ParOldGen       total 87552K, used 8K [0x00000000a0000000, 0x00000000a5580000, 0x00000000e0000000)
  object space 87552K, 0% used [0x00000000a0000000,0x00000000a0002000,0x00000000a5580000)
 Metaspace       used 6636K, capacity 6800K, committed 7040K, reserved 1056768K
  class space    used 811K, capacity 844K, committed 896K, reserved 1048576K
}
Event: 0.793 GC heap before
{Heap before GC invocations=2 (full 0):
 PSYoungGen      total 38400K, used 37412K [0x00000000e0000000, 0x00000000e2a80000, 0x0000000100000000)
  eden space 33280K, 100% used [0x00000000e0000000,0x00000000e2080000,0x00000000e2080000)
  from space 5120K, 80% used [0x00000000e2080000,0x00000000e2489250,0x00000000e2580000)
  to   space 5120K, 0% used [0x00000000e2580000,0x00000000e2580000,0x00000000e2a80000)
 ParOldGen       total 87552K, used 8K [0x00000000a0000000, 0x00000000a5580000, 0x00000000e0000000)
  object space 87552K, 0% used [0x00000000a0000000,0x00000000a0002000,0x00000000a5580000)
 Metaspace       used 8942K, capacity 9204K, committed 9472K, reserved 1056768K
  class space    used 1171K, capacity 1258K, committed 1280K, reserved 1048576K
Event: 0.796 GC heap after
Heap after GC invocations=2 (full 0):
 PSYoungGen      total 38400K, used 4513K [0x00000000e0000000, 0x00000000e2a80000, 0x0000000100000000)
  eden space 33280K, 0% used [0x00000000e0000000,0x00000000e0000000,0x00000000e2080000)
  from space 5120K, 88% used [0x00000000e2580000,0x00000000e29e85c0,0x00000000e2a80000)
  to   space 5120K, 0% used [0x00000000e2080000,0x00000000e2080000,0x00000000e2580000)
 ParOldGen       total 87552K, used 16K [0x00000000a0000000, 0x00000000a5580000, 0x00000000e0000000)
  object space 87552K, 0% used [0x00000000a0000000,0x00000000a0004000,0x00000000a5580000)
 Metaspace       used 8942K, capacity 9204K, committed 9472K, reserved 1056768K
  class space    used 1171K, capacity 1258K, committed 1280K, reserved 1048576K
}
Event: 1.189 GC heap before
{Heap before GC invocations=3 (full 0):
 PSYoungGen      total 38400K, used 37793K [0x00000000e0000000, 0x00000000e2a80000, 0x0000000100000000)
  eden space 33280K, 100% used [0x00000000e0000000,0x00000000e2080000,0x00000000e2080000)
  from space 5120K, 88% used [0x00000000e2580000,0x00000000e29e85c0,0x00000000e2a80000)
  to   space 5120K, 0% used [0x00000000e2080000,0x00000000e2080000,0x00000000e2580000)
 ParOldGen       total 87552K, used 16K [0x00000000a0000000, 0x00000000a5580000, 0x00000000e0000000)
  object space 87552K, 0% used [0x00000000a0000000,0x00000000a0004000,0x00000000a5580000)
 Metaspace       used 13290K, capacity 13636K, committed 13824K, reserved 1060864K
  class space    used 1836K, capacity 1956K, committed 2048K, reserved 1048576K
Event: 1.193 GC heap after
Heap after GC invocations=3 (full 0):
 PSYoungGen      total 38400K, used 5104K [0x00000000e0000000, 0x00000000e2a80000, 0x0000000100000000)
  eden space 33280K, 0% used [0x00000000e0000000,0x00000000e0000000,0x00000000e2080000)
  from space 5120K, 99% used [0x00000000e2080000,0x00000000e257c010,0x00000000e2580000)
  to   space 5120K, 0% used [0x00000000e2580000,0x00000000e2580000,0x00000000e2a80000)
 ParOldGen       total 87552K, used 1861K [0x00000000a0000000, 0x00000000a5580000, 0x00000000e0000000)
  object space 87552K, 2% used [0x00000000a0000000,0x00000000a01d15f8,0x00000000a5580000)
 Metaspace       used 13290K, capacity 13636K, committed 13824K, reserved 1060864K
  class space    used 1836K, capacity 1956K, committed 2048K, reserved 1048576K
}

Deoptimization events (10 events):
Event: 1.045 Thread 0x0000000019ee3800 Uncommon trap: reason=unstable_if action=reinterpret pc=0x00000000035760f0 method=java.util.concurrent.ConcurrentHashMap.putVal(Ljava/lang/Object;Ljava/lang/Object;Z)Ljava/lang/Object; @ 206
Event: 1.073 Thread 0x0000000019cde000 Uncommon trap: reason=bimorphic action=maybe_recompile pc=0x000000000346552c method=java.util.HashMap.putVal(ILjava/lang/Object;Ljava/lang/Object;ZZ)Ljava/lang/Object; @ 253
Event: 1.073 Thread 0x0000000019cde000 Uncommon trap: reason=bimorphic action=maybe_recompile pc=0x000000000346552c method=java.util.HashMap.putVal(ILjava/lang/Object;Ljava/lang/Object;ZZ)Ljava/lang/Object; @ 253
Event: 1.073 Thread 0x0000000019cde000 Uncommon trap: reason=bimorphic action=maybe_recompile pc=0x000000000346552c method=java.util.HashMap.putVal(ILjava/lang/Object;Ljava/lang/Object;ZZ)Ljava/lang/Object; @ 253
Event: 1.073 Thread 0x0000000019cde000 Uncommon trap: reason=bimorphic action=maybe_recompile pc=0x0000000003459c4c method=java.util.HashMap.putVal(ILjava/lang/Object;Ljava/lang/Object;ZZ)Ljava/lang/Object; @ 253
Event: 1.177 Thread 0x0000000019cde000 Uncommon trap: reason=class_check action=maybe_recompile pc=0x000000000349add8 method=java.util.regex.Matcher.match(II)Z @ 86
Event: 1.199 Thread 0x0000000019cde000 Uncommon trap: reason=class_check action=maybe_recompile pc=0x000000000349add8 method=java.util.regex.Matcher.match(II)Z @ 86
Event: 1.199 Thread 0x0000000019cde000 Uncommon trap: reason=class_check action=maybe_recompile pc=0x000000000349add8 method=java.util.regex.Matcher.match(II)Z @ 86
Event: 1.199 Thread 0x0000000019cde000 Uncommon trap: reason=class_check action=maybe_recompile pc=0x0000000003454f1c method=java.util.regex.Matcher.match(II)Z @ 86
Event: 1.330 Thread 0x0000000019cde000 Uncommon trap: reason=unstable_if action=reinterpret pc=0x000000000356cbb4 method=java.lang.String.lastIndexOf([CII[CIII)I @ 66

Classes redefined (0 events):
No events

Internal exceptions (10 events):
Event: 0.786 Thread 0x0000000002f3d800 Exception <a 'java/lang/NoSuchFieldError': method resolution failed> (0x00000000e2018ba0) thrown at [D:\src\AOSP-openjdk-cygwin\jdk8u\hotspot\src\share\vm\prims\methodHandles.cpp, line 1167]
Event: 0.787 Thread 0x0000000002f3d800 Exception <a 'java/lang/NoSuchFieldError': method resolution failed> (0x00000000e20268c0) thrown at [D:\src\AOSP-openjdk-cygwin\jdk8u\hotspot\src\share\vm\prims\methodHandles.cpp, line 1167]
Event: 1.019 Thread 0x0000000002f3d800 Exception <a 'java/io/IOException'> (0x00000000e0819230) thrown at [D:\src\AOSP-openjdk-cygwin\jdk8u\hotspot\src\share\vm\prims\jni.cpp, line 710]
Event: 1.045 Thread 0x0000000019ee3800 Exception <a 'java/lang/NoSuchMethodError': <clinit>> (0x00000000e0a5c960) thrown at [D:\src\AOSP-openjdk-cygwin\jdk8u\hotspot\src\share\vm\prims\jni.cpp, line 1614]
Event: 1.046 Thread 0x0000000019ee3800 Exception <a 'java/lang/NoSuchMethodError': <clinit>> (0x00000000e0a66710) thrown at [D:\src\AOSP-openjdk-cygwin\jdk8u\hotspot\src\share\vm\prims\jni.cpp, line 1614]
Event: 1.047 Thread 0x0000000019ee3800 Exception <a 'java/lang/NoSuchMethodError': <clinit>> (0x00000000e0a7a8c0) thrown at [D:\src\AOSP-openjdk-cygwin\jdk8u\hotspot\src\share\vm\prims\jni.cpp, line 1614]
Event: 1.051 Thread 0x0000000019ee3800 Exception <a 'java/lang/NoSuchMethodError': <clinit>> (0x00000000e0ad5858) thrown at [D:\src\AOSP-openjdk-cygwin\jdk8u\hotspot\src\share\vm\prims\jni.cpp, line 1614]
Event: 1.054 Thread 0x0000000019ee3800 Exception <a 'java/lang/NoSuchMethodError': <clinit>> (0x00000000e0b0d4c8) thrown at [D:\src\AOSP-openjdk-cygwin\jdk8u\hotspot\src\share\vm\prims\jni.cpp, line 1614]
Event: 1.057 Thread 0x0000000019ee3800 Exception <a 'java/lang/NoSuchMethodError': <clinit>> (0x00000000e0b43408) thrown at [D:\src\AOSP-openjdk-cygwin\jdk8u\hotspot\src\share\vm\prims\jni.cpp, line 1614]
Event: 1.058 Thread 0x0000000019ee3800 Exception <a 'java/lang/NoSuchMethodError': <clinit>> (0x00000000e0b4ee70) thrown at [D:\src\AOSP-openjdk-cygwin\jdk8u\hotspot\src\share\vm\prims\jni.cpp, line 1614]

Events (10 events):
Event: 1.334 loading class com/google/common/io/Closer
Event: 1.334 loading class com/google/common/io/Closer done
Event: 1.334 loading class com/google/common/io/Closer$Suppressor
Event: 1.334 loading class com/google/common/io/Closer$Suppressor done
Event: 1.334 loading class com/google/common/io/Closer$SuppressingSuppressor
Event: 1.334 loading class com/google/common/io/Closer$SuppressingSuppressor done
Event: 1.335 loading class java/io/PrintWriter
Event: 1.335 loading class java/io/PrintWriter done
Event: 1.335 loading class com/google/common/io/CharStreams
Event: 1.335 loading class com/google/common/io/CharStreams done


Dynamic libraries:
0x00007ff7c0170000 - 0x00007ff7c01a1000 	C:\Program Files\Android\Android Studio\jre\bin\java.exe
0x00007ff8f8290000 - 0x00007ff8f8461000 	C:\Windows\SYSTEM32\ntdll.dll
0x00007ff8f7a80000 - 0x00007ff8f7b2b000 	C:\Windows\System32\KERNEL32.DLL
0x00007ff8f47f0000 - 0x00007ff8f4a0d000 	C:\Windows\System32\KERNELBASE.dll
0x00007ff8f5a70000 - 0x00007ff8f5b12000 	C:\Windows\System32\ADVAPI32.dll
0x00007ff8f74c0000 - 0x00007ff8f755e000 	C:\Windows\System32\msvcrt.dll
0x00007ff8f5820000 - 0x00007ff8f5879000 	C:\Windows\System32\sechost.dll
0x00007ff8f5b20000 - 0x00007ff8f5c41000 	C:\Windows\System32\RPCRT4.dll
0x00007ff8f7700000 - 0x00007ff8f7865000 	C:\Windows\System32\USER32.dll
0x00007ff8f5600000 - 0x00007ff8f561e000 	C:\Windows\System32\win32u.dll
0x00007ff8f5890000 - 0x00007ff8f58c4000 	C:\Windows\System32\GDI32.dll
0x00007ff8f4c30000 - 0x00007ff8f4db2000 	C:\Windows\System32\gdi32full.dll
0x00007ff8e54d0000 - 0x00007ff8e5749000 	C:\Windows\WinSxS\amd64_microsoft.windows.common-controls_6595b64144ccf1df_6.0.14393.447_none_42191651c6827bb3\COMCTL32.dll
0x00007ff8f5c50000 - 0x00007ff8f5f17000 	C:\Windows\System32\combase.dll
0x00007ff8f5620000 - 0x00007ff8f5715000 	C:\Windows\System32\ucrtbase.dll
0x00007ff8f4780000 - 0x00007ff8f47ea000 	C:\Windows\System32\bcryptPrimitives.dll
0x00007ff8f5a40000 - 0x00007ff8f5a6e000 	C:\Windows\System32\IMM32.DLL
0x0000000058bb0000 - 0x0000000058c82000 	C:\Program Files\Android\Android Studio\jre\jre\bin\msvcr100.dll
0x0000000058c90000 - 0x00000000594d6000 	C:\Program Files\Android\Android Studio\jre\jre\bin\server\jvm.dll
0x00007ff8f59d0000 - 0x00007ff8f59d8000 	C:\Windows\System32\PSAPI.DLL
0x00007ff8f25d0000 - 0x00007ff8f25f3000 	C:\Windows\SYSTEM32\WINMM.dll
0x00007ff8f0510000 - 0x00007ff8f0519000 	C:\Windows\SYSTEM32\WSOCK32.dll
0x00007ff8efbc0000 - 0x00007ff8efbca000 	C:\Windows\SYSTEM32\VERSION.dll
0x00007ff8f5f20000 - 0x00007ff8f5f8a000 	C:\Windows\System32\WS2_32.dll
0x0000000002e50000 - 0x0000000002e7b000 	C:\Windows\SYSTEM32\WINMMBASE.dll
0x00007ff8f4be0000 - 0x00007ff8f4c22000 	C:\Windows\System32\cfgmgr32.dll
0x00007ff8f0500000 - 0x00007ff8f050f000 	C:\Program Files\Android\Android Studio\jre\jre\bin\verify.dll
0x00007ff8ea770000 - 0x00007ff8ea799000 	C:\Program Files\Android\Android Studio\jre\jre\bin\java.dll
0x00007ff8ef740000 - 0x00007ff8ef756000 	C:\Program Files\Android\Android Studio\jre\jre\bin\zip.dll
0x00007ff8f5f90000 - 0x00007ff8f7499000 	C:\Windows\System32\SHELL32.dll
0x00007ff8f4dc0000 - 0x00007ff8f549a000 	C:\Windows\System32\windows.storage.dll
0x00007ff8f46f0000 - 0x00007ff8f473c000 	C:\Windows\System32\powrprof.dll
0x00007ff8f76a0000 - 0x00007ff8f76f2000 	C:\Windows\System32\shlwapi.dll
0x00007ff8f4770000 - 0x00007ff8f477f000 	C:\Windows\System32\kernel.appcore.dll
0x00007ff8f54a0000 - 0x00007ff8f5549000 	C:\Windows\System32\shcore.dll
0x00007ff8f4740000 - 0x00007ff8f4754000 	C:\Windows\System32\profapi.dll
0x00007ff8ebe00000 - 0x00007ff8ebe1a000 	C:\Program Files\Android\Android Studio\jre\jre\bin\net.dll
0x00007ff8f3f50000 - 0x00007ff8f3fac000 	C:\Windows\system32\mswsock.dll
0x00007ff8ea3e0000 - 0x00007ff8ea3f1000 	C:\Program Files\Android\Android Studio\jre\jre\bin\nio.dll
0x00007ff8e6900000 - 0x00007ff8e6926000 	C:\Users\ROHIT\.gradle\native\29\windows-amd64\native-platform.dll
0x00007ff8f04f0000 - 0x00007ff8f04fd000 	C:\Program Files\Android\Android Studio\jre\jre\bin\management.dll
0x00007ff8f41c0000 - 0x00007ff8f41d7000 	C:\Windows\SYSTEM32\CRYPTSP.dll
0x00007ff8f40d0000 - 0x00007ff8f4103000 	C:\Windows\system32\rsaenh.dll
0x00007ff8f42d0000 - 0x00007ff8f42fb000 	C:\Windows\SYSTEM32\bcrypt.dll
0x00007ff8f3dd0000 - 0x00007ff8f3def000 	C:\Windows\SYSTEM32\USERENV.dll
0x00007ff8f41e0000 - 0x00007ff8f41eb000 	C:\Windows\SYSTEM32\CRYPTBASE.dll
0x00007ff8f3ce0000 - 0x00007ff8f3d18000 	C:\Windows\SYSTEM32\IPHLPAPI.DLL
0x00007ff8f8180000 - 0x00007ff8f8188000 	C:\Windows\System32\NSI.dll
0x00007ff8ef6d0000 - 0x00007ff8ef6e6000 	C:\Windows\SYSTEM32\dhcpcsvc6.DLL
0x00007ff8efba0000 - 0x00007ff8efbba000 	C:\Windows\SYSTEM32\dhcpcsvc.DLL

VM Arguments:
jvm_args: -Xmx1536m -Dfile.encoding=windows-1252 -Duser.country=US -Duser.language=en -Duser.variant 
java_command: org.gradle.launcher.daemon.bootstrap.GradleDaemon 5.4.1
java_class_path (initial): C:\Users\ROHIT\.gradle\wrapper\dists\gradle-5.4.1-all\3221gyojl5jsh0helicew7rwx\gradle-5.4.1\lib\gradle-launcher-5.4.1.jar
Launcher Type: SUN_STANDARD

Environment Variables:
PATH=C:\Windows\system32;C:\Windows;C:\Windows\System32\Wbem;C:\Windows\System32\WindowsPowerShell\v1.0\;C:\Program Files\Git\cmd;C:\Program Files\nodejs\;C:\Users\ROHIT\AppData\Local\Microsoft\WindowsApps;C:\Users\ROHIT\AppData\Local\atom\bin;C:\Users\ROHIT\AppData\Local\hyper\app-3.0.2\resources\bin;C:\Users\ROHIT\AppData\Roaming\npm
USERNAME=ROHIT
OS=Windows_NT
PROCESSOR_IDENTIFIER=Intel64 Family 6 Model 142 Stepping 10, GenuineIntel



---------------  S Y S T E M  ---------------

OS: Windows 10.0 , 64 bit Build 14393 (10.0.14393.0)

CPU:total 8 (initial active 8) (4 cores per cpu, 2 threads per core) family 6 model 142 stepping 10, cmov, cx8, fxsr, mmx, sse, sse2, sse3, ssse3, sse4.1, sse4.2, popcnt, avx, avx2, aes, clmul, erms, 3dnowpref, lzcnt, ht, tsc, tscinvbit, bmi1, bmi2, adx

Memory: 4k page, physical 8295652k(2811956k free), swap 20878564k(4160k free)

vm_info: OpenJDK 64-Bit Server VM (25.202-b03) for windows-amd64 JRE (1.8.0_202-release-1483-b03), built by "builder" with MS VC++ 10.0 (VS2010)

time: Sun May 17 07:17:08 2020
timezone: Pacific Daylight Time
elapsed time: 1 seconds (0d 0h 0m 1s)

