#
# There is insufficient memory for the Java Runtime Environment to continue.
# Native memory allocation (malloc) failed to allocate 1077456 bytes for Chunk::new
# Possible reasons:
#   The system is out of physical RAM or swap space
#   The process is running with CompressedOops enabled, and the Java Heap may be blocking the growth of the native heap
# Possible solutions:
#   Reduce memory load on the system
#   Increase physical memory or swap space
#   Check if swap backing store is full
#   Decrease Java heap size (-Xmx/-Xms)
#   Decrease number of Java threads
#   Decrease Java thread stack sizes (-Xss)
#   Set larger code cache with -XX:ReservedCodeCacheSize=
#   JVM is running with Unscaled Compressed Oops mode in which the Java heap is
#     placed in the first 4GB address space. The Java Heap base address is the
#     maximum limit for the native heap growth. Please use -XX:HeapBaseMinAddress
#     to set the Java Heap base and to place the Java Heap above 4GB virtual address.
# This output file may be truncated or incomplete.
#
#  Out of Memory Error (allocation.cpp:389), pid=6276, tid=0x0000000000000218
#
# JRE version: OpenJDK Runtime Environment (8.0_202-b03) (build 1.8.0_202-release-1483-b03)
# Java VM: OpenJDK 64-Bit Server VM (25.202-b03 mixed mode windows-amd64 compressed oops)
# Failed to write core dump. Minidumps are not enabled by default on client versions of Windows
#

---------------  T H R E A D  ---------------

Current thread (0x000000001844f000):  JavaThread "C2 CompilerThread0" daemon [_thread_in_native, id=536, stack(0x0000000018d10000,0x0000000018e10000)]

Stack: [0x0000000018d10000,0x0000000018e10000]
[error occurred during error reporting (printing stack bounds), id 0xc0000005]

Native frames: (J=compiled Java code, j=interpreted, Vv=VM code, C=native code)


Current CompileTask:
C2:6229857 26144 %     4       com.android.ide.common.resources.DataSet::appendToXml @ 224 (390 bytes)


---------------  P R O C E S S  ---------------

Java Threads: ( => current thread )
  0x000000001f1a6000 JavaThread "stdout" [_thread_in_native, id=4008, stack(0x000000004a760000,0x000000004a860000)]
  0x000000001f1a5000 JavaThread "stderr" [_thread_in_native, id=8984, stack(0x000000004a660000,0x000000004a760000)]
  0x000000001f1a0000 JavaThread "pool-26-thread-1" [_thread_blocked, id=5924, stack(0x000000004a360000,0x000000004a460000)]
  0x000000001f1a2000 JavaThread "WorkerExecutor Queue Thread 8" [_thread_blocked, id=6292, stack(0x000000004a260000,0x000000004a360000)]
  0x000000001f1a3800 JavaThread "WorkerExecutor Queue Thread 7" [_thread_blocked, id=4260, stack(0x000000004a160000,0x000000004a260000)]
  0x000000002a53f000 JavaThread "WorkerExecutor Queue Thread 6" [_thread_blocked, id=6896, stack(0x000000004a060000,0x000000004a160000)]
  0x000000002a542000 JavaThread "WorkerExecutor Queue Thread 5" [_thread_blocked, id=2676, stack(0x0000000049f60000,0x000000004a060000)]
  0x000000002a53e000 JavaThread "WorkerExecutor Queue Thread 4" [_thread_blocked, id=3608, stack(0x0000000049e60000,0x0000000049f60000)]
  0x000000002a53d800 JavaThread "WorkerExecutor Queue Thread 3" [_thread_blocked, id=8856, stack(0x0000000049d60000,0x0000000049e60000)]
  0x000000002a543800 JavaThread "WorkerExecutor Queue Thread 2" [_thread_blocked, id=936, stack(0x0000000049c60000,0x0000000049d60000)]
  0x000000002a541000 JavaThread "WorkerExecutor Queue" [_thread_blocked, id=10548, stack(0x0000000049b60000,0x0000000049c60000)]
  0x000000002a542800 JavaThread "Cache worker for execution history cache (C:\Users\ROHIT\AndroidStudioProjects\PrologIn\PrologInn\DrawerFragments\.gradle\5.4.1\executionHistory)" [_thread_blocked, id=1412, stack(0x0000000049a60000,0x0000000049b60000)]
  0x000000002a53c800 JavaThread "Execution worker for ':' Thread 7" [_thread_blocked, id=8024, stack(0x0000000049960000,0x0000000049a60000)]
  0x000000002a540800 JavaThread "Execution worker for ':' Thread 6" [_thread_in_Java, id=5976, stack(0x0000000049860000,0x0000000049960000)]
  0x000000002a53f800 JavaThread "Execution worker for ':' Thread 5" [_thread_in_native, id=9328, stack(0x0000000049760000,0x0000000049860000)]
  0x000000002a535000 JavaThread "Execution worker for ':' Thread 4" [_thread_in_Java, id=9184, stack(0x0000000049660000,0x0000000049760000)]
  0x000000002a53c000 JavaThread "Execution worker for ':' Thread 3" [_thread_in_native, id=10604, stack(0x0000000049560000,0x0000000049660000)]
  0x000000002a536800 JavaThread "Execution worker for ':' Thread 2" [_thread_in_Java, id=9820, stack(0x0000000049460000,0x0000000049560000)]
  0x000000002a539000 JavaThread "Execution worker for ':'" [_thread_in_Java, id=6420, stack(0x0000000049360000,0x0000000049460000)]
  0x000000002a538000 JavaThread "Cache worker for file content cache (C:\Users\ROHIT\AndroidStudioProjects\PrologIn\PrologInn\DrawerFragments\.gradle\5.4.1\fileContent)" [_thread_blocked, id=5780, stack(0x0000000049260000,0x0000000049360000)]
  0x000000002a534800 JavaThread "Cache worker for Build Output Cleanup Cache (C:\Users\ROHIT\AndroidStudioProjects\PrologIn\PrologInn\DrawerFragments\.gradle\buildOutputCleanup)" [_thread_blocked, id=8432, stack(0x0000000049160000,0x0000000049260000)]
  0x000000002a53a800 JavaThread "pool-25-thread-1" [_thread_blocked, id=5156, stack(0x0000000049060000,0x0000000049160000)]
  0x000000002a536000 JavaThread "Build operations Thread 8" [_thread_blocked, id=7748, stack(0x0000000048f60000,0x0000000049060000)]
  0x000000001e21a800 JavaThread "Build operations Thread 7" [_thread_blocked, id=9672, stack(0x0000000048e60000,0x0000000048f60000)]
  0x000000001e219000 JavaThread "Build operations Thread 6" [_thread_blocked, id=6192, stack(0x0000000048d60000,0x0000000048e60000)]
  0x000000001e219800 JavaThread "Build operations Thread 5" [_thread_blocked, id=6160, stack(0x0000000048c60000,0x0000000048d60000)]
  0x000000001e218000 JavaThread "Build operations Thread 4" [_thread_blocked, id=5628, stack(0x0000000048b60000,0x0000000048c60000)]
  0x000000001e217800 JavaThread "Build operations Thread 3" [_thread_blocked, id=5872, stack(0x0000000048a60000,0x0000000048b60000)]
  0x000000001e216800 JavaThread "Build operations Thread 2" [_thread_blocked, id=10524, stack(0x0000000048960000,0x0000000048a60000)]
  0x000000001e216000 JavaThread "Build operations" [_thread_blocked, id=5712, stack(0x0000000048860000,0x0000000048960000)]
  0x000000001e21b000 JavaThread "Cache worker for cache directory md-rule (C:\Users\ROHIT\.gradle\caches\5.4.1\md-rule)" [_thread_blocked, id=8772, stack(0x0000000048760000,0x0000000048860000)]
  0x000000001e215000 JavaThread "Cache worker for cache directory md-supplier (C:\Users\ROHIT\.gradle\caches\5.4.1\md-supplier)" [_thread_blocked, id=4988, stack(0x0000000048660000,0x0000000048760000)]
  0x000000001e20d800 JavaThread "Cache worker for file hash cache (C:\Users\ROHIT\AndroidStudioProjects\PrologIn\PrologInn\DrawerFragments\.gradle\5.4.1\fileHashes)" [_thread_blocked, id=4156, stack(0x0000000048560000,0x0000000048660000)]
  0x000000001e210800 JavaThread "Thread-376" [_thread_blocked, id=6136, stack(0x0000000048460000,0x0000000048560000)]
  0x000000001e214800 JavaThread "Stdin handler" [_thread_blocked, id=10020, stack(0x0000000048360000,0x0000000048460000)]
  0x000000001e20d000 JavaThread "Asynchronous log dispatcher for DefaultDaemonConnection: socket connection from /127.0.0.1:59614 to /127.0.0.1:60027" [_thread_blocked, id=10992, stack(0x0000000048260000,0x0000000048360000)]
  0x000000001e20e800 JavaThread "Daemon worker Thread 7" [_thread_blocked, id=3068, stack(0x0000000048160000,0x0000000048260000)]
  0x000000001e213800 JavaThread "Cancel handler" [_thread_blocked, id=2288, stack(0x0000000048060000,0x0000000048160000)]
  0x000000001e20c000 JavaThread "Handler for socket connection from /127.0.0.1:59614 to /127.0.0.1:60027" [_thread_in_native, id=6568, stack(0x0000000047f60000,0x0000000048060000)]
  0x000000001e210000 JavaThread "Daemon Thread 7" [_thread_blocked, id=7224, stack(0x0000000047e60000,0x0000000047f60000)]
  0x000000001aa85800 JavaThread "Cache worker for Java compile cache (C:\Users\ROHIT\.gradle\caches\5.4.1\javaCompile)" [_thread_blocked, id=5776, stack(0x000000003f960000,0x000000003fa60000)]
  0x000000001db51800 JavaThread "MarlinRenderer Disposer" daemon [_thread_blocked, id=5844, stack(0x000000002d960000,0x000000002da60000)]
  0x000000001db4a000 JavaThread "Java2D Disposer" daemon [_thread_blocked, id=5884, stack(0x000000002d860000,0x000000002d960000)]
  0x000000001aa82800 JavaThread "Cache worker for file content cache (C:\Users\ROHIT\.gradle\caches\5.4.1\fileContent)" [_thread_blocked, id=6932, stack(0x000000002c360000,0x000000002c460000)]
  0x000000001aa8b800 JavaThread "Memory manager" [_thread_blocked, id=8692, stack(0x0000000024220000,0x0000000024320000)]
  0x000000001aa80800 JavaThread "Cache worker for execution history cache (C:\Users\ROHIT\.gradle\caches\5.4.1\executionHistory)" [_thread_blocked, id=6844, stack(0x0000000022520000,0x0000000022620000)]
  0x000000001936a800 JavaThread "Cache worker for journal cache (C:\Users\ROHIT\.gradle\caches\journal-1)" [_thread_blocked, id=10068, stack(0x000000001d1f0000,0x000000001d2f0000)]
  0x0000000019370000 JavaThread "File lock request listener" [_thread_in_native, id=10800, stack(0x000000001d0f0000,0x000000001d1f0000)]
  0x000000001a7b4800 JavaThread "Cache worker for file hash cache (C:\Users\ROHIT\.gradle\caches\5.4.1\fileHashes)" [_thread_blocked, id=3368, stack(0x000000001cff0000,0x000000001d0f0000)]
  0x000000001956c800 JavaThread "Daemon periodic checks" [_thread_blocked, id=8788, stack(0x000000001b620000,0x000000001b720000)]
  0x000000001956b000 JavaThread "Incoming local TCP Connector on port 59614" [_thread_in_native, id=7140, stack(0x000000001b120000,0x000000001b220000)]
  0x000000001a42f800 JavaThread "Daemon health stats" [_thread_blocked, id=11232, stack(0x000000001aae0000,0x000000001abe0000)]
  0x000000001846e800 JavaThread "Service Thread" daemon [_thread_blocked, id=968, stack(0x0000000019110000,0x0000000019210000)]
  0x000000001664b000 JavaThread "C1 CompilerThread3" daemon [_thread_in_native, id=11032, stack(0x0000000019010000,0x0000000019110000)]
  0x0000000018452800 JavaThread "C2 CompilerThread2" daemon [_thread_blocked, id=9192, stack(0x0000000018f10000,0x0000000019010000)]
  0x0000000018451000 JavaThread "C2 CompilerThread1" daemon [_thread_blocked, id=9704, stack(0x0000000018e10000,0x0000000018f10000)]
=>0x000000001844f000 JavaThread "C2 CompilerThread0" daemon [_thread_in_native, id=536, stack(0x0000000018d10000,0x0000000018e10000)]
  0x000000001844c800 JavaThread "Attach Listener" daemon [_thread_blocked, id=9848, stack(0x0000000018c10000,0x0000000018d10000)]
  0x000000001844b800 JavaThread "Signal Dispatcher" daemon [_thread_blocked, id=9960, stack(0x0000000018b10000,0x0000000018c10000)]
  0x000000000287d800 JavaThread "Finalizer" daemon [_thread_blocked, id=4160, stack(0x0000000018920000,0x0000000018a20000)]
  0x000000001663c000 JavaThread "Reference Handler" daemon [_thread_blocked, id=1296, stack(0x0000000018820000,0x0000000018920000)]
  0x000000000267d800 JavaThread "main" [_thread_blocked, id=10528, stack(0x0000000002680000,0x0000000002780000)]

Other Threads:
  0x0000000016637800 VMThread [stack: 0x0000000018320000,0x0000000018420000] [id=984]
  0x000000001846f800 WatcherThread [stack: 0x0000000019210000,0x0000000019310000] [id=5244]

VM state:not at safepoint (normal execution)

VM Mutex/Monitor currently owned by a thread: None

heap address: 0x00000000a0000000, size: 1536 MB, Compressed Oops mode: 32-bit
Narrow klass base: 0x0000000000000000, Narrow klass shift: 3
Compressed class space size: 1073741824 Address: 0x0000000100000000

Heap:
 PSYoungGen      total 458752K, used 174414K [0x00000000e0000000, 0x00000000ffd80000, 0x0000000100000000)
  eden space 400896K, 41% used [0x00000000e0000000,0x00000000ea23df38,0x00000000f8780000)
  from space 57856K, 14% used [0x00000000fc500000,0x00000000fcd159d0,0x00000000ffd80000)
  to   space 60416K, 0% used [0x00000000f8780000,0x00000000f8780000,0x00000000fc280000)
 ParOldGen       total 193024K, used 110311K [0x00000000a0000000, 0x00000000abc80000, 0x00000000e0000000)
  object space 193024K, 57% used [0x00000000a0000000,0x00000000a6bb9db8,0x00000000abc80000)
 Metaspace       used 115648K, capacity 121767K, committed 122060K, reserved 1155072K
  class space    used 14567K, capacity 15710K, committed 15872K, reserved 1048576K

Card table byte_map: [0x0000000011c40000,0x0000000011f50000] byte_map_base: 0x0000000011740000

Marking Bits: (ParMarkBitMap*) 0x0000000063189f30
 Begin Bits: [0x0000000012950000, 0x0000000014150000)
 End Bits:   [0x0000000014150000, 0x0000000015950000)

Polling page: 0x0000000000e00000

CodeCache: size=245760Kb used=69652Kb max_used=70836Kb free=176107Kb
 bounds [0x0000000002880000, 0x0000000006e20000, 0x0000000011880000]
 total_blobs=20896 nmethods=19897 adapters=908
 compilation: enabled

Compilation events (10 events):
Event: 6226.093 Thread 0x000000001664b000 nmethod 26151 0x0000000002d3bb90 code [0x0000000002d3bd00, 0x0000000002d3c0b0]
Event: 6226.094 Thread 0x000000001664b000 26152       3       sun.nio.cs.StreamDecoder::<init> (23 bytes)
Event: 6226.095 Thread 0x000000001664b000 nmethod 26152 0x00000000058b3a90 code [0x00000000058b3c40, 0x00000000058b42b8]
Event: 6226.111 Thread 0x0000000018451000 nmethod 26150 0x0000000005b05690 code [0x0000000005b05820, 0x0000000005b05f98]
Event: 6226.116 Thread 0x0000000018452800 26153       4       org.gradle.internal.fingerprint.impl.RelativePathFingerprintingStrategy$1::postVisitDirectory (8 bytes)
Event: 6226.117 Thread 0x000000001664b000 26154       3       org.gradle.api.internal.artifacts.configurations.DefaultConfiguration::resolveArtifactsIfRequired (53 bytes)
Event: 6226.117 Thread 0x000000001664b000 nmethod 26154 0x0000000002e14410 code [0x0000000002e145a0, 0x0000000002e14958]
Event: 6226.118 Thread 0x0000000018452800 nmethod 26153 0x00000000066aa850 code [0x00000000066aa9a0, 0x00000000066aaa98]
Event: 6226.336 Thread 0x000000001664b000 26155       3       org.gradle.internal.execution.history.impl.DefaultOutputFilesRepository$1::recordOutputSnapshot (98 bytes)
Event: 6226.337 Thread 0x000000001664b000 nmethod 26155 0x000000000676ed10 code [0x000000000676ef40, 0x000000000676fa58]

GC Heap History (10 events):
Event: 3346.411 GC heap before
{Heap before GC invocations=34 (full 4):
 PSYoungGen      total 303104K, used 290529K [0x00000000e0000000, 0x00000000f9100000, 0x0000000100000000)
  eden space 250368K, 100% used [0x00000000e0000000,0x00000000ef480000,0x00000000ef480000)
  from space 52736K, 76% used [0x00000000ef480000,0x00000000f1bb8518,0x00000000f2800000)
  to   space 55808K, 0% used [0x00000000f5a80000,0x00000000f5a80000,0x00000000f9100000)
 ParOldGen       total 193024K, used 63493K [0x00000000a0000000, 0x00000000abc80000, 0x00000000e0000000)
  object space 193024K, 32% used [0x00000000a0000000,0x00000000a3e01708,0x00000000abc80000)
 Metaspace       used 111769K, capacity 117217K, committed 117708K, reserved 1150976K
  class space    used 14115K, capacity 15107K, committed 15360K, reserved 1048576K
Event: 3346.446 GC heap after
Heap after GC invocations=34 (full 4):
 PSYoungGen      total 355840K, used 29074K [0x00000000e0000000, 0x00000000f9400000, 0x0000000100000000)
  eden space 300032K, 0% used [0x00000000e0000000,0x00000000e0000000,0x00000000f2500000)
  from space 55808K, 52% used [0x00000000f5a80000,0x00000000f76e4a10,0x00000000f9100000)
  to   space 54784K, 0% used [0x00000000f2500000,0x00000000f2500000,0x00000000f5a80000)
 ParOldGen       total 193024K, used 79105K [0x00000000a0000000, 0x00000000abc80000, 0x00000000e0000000)
  object space 193024K, 40% used [0x00000000a0000000,0x00000000a4d40728,0x00000000abc80000)
 Metaspace       used 111769K, capacity 117217K, committed 117708K, reserved 1150976K
  class space    used 14115K, capacity 15107K, committed 15360K, reserved 1048576K
}
Event: 3347.832 GC heap before
{Heap before GC invocations=35 (full 4):
 PSYoungGen      total 355840K, used 329106K [0x00000000e0000000, 0x00000000f9400000, 0x0000000100000000)
  eden space 300032K, 100% used [0x00000000e0000000,0x00000000f2500000,0x00000000f2500000)
  from space 55808K, 52% used [0x00000000f5a80000,0x00000000f76e4a10,0x00000000f9100000)
  to   space 54784K, 0% used [0x00000000f2500000,0x00000000f2500000,0x00000000f5a80000)
 ParOldGen       total 193024K, used 79105K [0x00000000a0000000, 0x00000000abc80000, 0x00000000e0000000)
  object space 193024K, 40% used [0x00000000a0000000,0x00000000a4d40728,0x00000000abc80000)
 Metaspace       used 112495K, capacity 117975K, committed 118220K, reserved 1153024K
  class space    used 14167K, capacity 15162K, committed 15360K, reserved 1048576K
Event: 3347.874 GC heap after
Heap after GC invocations=35 (full 4):
 PSYoungGen      total 354816K, used 54782K [0x00000000e0000000, 0x00000000fe280000, 0x0000000100000000)
  eden space 300032K, 0% used [0x00000000e0000000,0x00000000e0000000,0x00000000f2500000)
  from space 54784K, 99% used [0x00000000f2500000,0x00000000f5a7fb00,0x00000000f5a80000)
  to   space 65536K, 0% used [0x00000000fa280000,0x00000000fa280000,0x00000000fe280000)
 ParOldGen       total 193024K, used 86301K [0x00000000a0000000, 0x00000000abc80000, 0x00000000e0000000)
  object space 193024K, 44% used [0x00000000a0000000,0x00000000a5447620,0x00000000abc80000)
 Metaspace       used 112495K, capacity 117975K, committed 118220K, reserved 1153024K
  class space    used 14167K, capacity 15162K, committed 15360K, reserved 1048576K
}
Event: 4905.259 GC heap before
{Heap before GC invocations=36 (full 4):
 PSYoungGen      total 354816K, used 354814K [0x00000000e0000000, 0x00000000fe280000, 0x0000000100000000)
  eden space 300032K, 100% used [0x00000000e0000000,0x00000000f2500000,0x00000000f2500000)
  from space 54784K, 99% used [0x00000000f2500000,0x00000000f5a7fb00,0x00000000f5a80000)
  to   space 65536K, 0% used [0x00000000fa280000,0x00000000fa280000,0x00000000fe280000)
 ParOldGen       total 193024K, used 86301K [0x00000000a0000000, 0x00000000abc80000, 0x00000000e0000000)
  object space 193024K, 44% used [0x00000000a0000000,0x00000000a5447620,0x00000000abc80000)
 Metaspace       used 113959K, capacity 119665K, committed 120012K, reserved 1153024K
  class space    used 14355K, capacity 15441K, committed 15616K, reserved 1048576K
Event: 4905.326 GC heap after
Heap after GC invocations=36 (full 4):
 PSYoungGen      total 412160K, used 19977K [0x00000000e0000000, 0x00000000fd800000, 0x0000000100000000)
  eden space 357376K, 0% used [0x00000000e0000000,0x00000000e0000000,0x00000000f5d00000)
  from space 54784K, 36% used [0x00000000fa280000,0x00000000fb602670,0x00000000fd800000)
  to   space 62976K, 0% used [0x00000000f5d00000,0x00000000f5d00000,0x00000000f9a80000)
 ParOldGen       total 193024K, used 95330K [0x00000000a0000000, 0x00000000abc80000, 0x00000000e0000000)
  object space 193024K, 49% used [0x00000000a0000000,0x00000000a5d18b40,0x00000000abc80000)
 Metaspace       used 113959K, capacity 119665K, committed 120012K, reserved 1153024K
  class space    used 14355K, capacity 15441K, committed 15616K, reserved 1048576K
}
Event: 4978.832 GC heap before
{Heap before GC invocations=37 (full 4):
 PSYoungGen      total 412160K, used 377353K [0x00000000e0000000, 0x00000000fd800000, 0x0000000100000000)
  eden space 357376K, 100% used [0x00000000e0000000,0x00000000f5d00000,0x00000000f5d00000)
  from space 54784K, 36% used [0x00000000fa280000,0x00000000fb602670,0x00000000fd800000)
  to   space 62976K, 0% used [0x00000000f5d00000,0x00000000f5d00000,0x00000000f9a80000)
 ParOldGen       total 193024K, used 95330K [0x00000000a0000000, 0x00000000abc80000, 0x00000000e0000000)
  object space 193024K, 49% used [0x00000000a0000000,0x00000000a5d18b40,0x00000000abc80000)
 Metaspace       used 114644K, capacity 120489K, committed 120908K, reserved 1155072K
  class space    used 14407K, capacity 15537K, committed 15744K, reserved 1048576K
Event: 4979.983 GC heap after
Heap after GC invocations=37 (full 4):
 PSYoungGen      total 420352K, used 23073K [0x00000000e0000000, 0x0000000100000000, 0x0000000100000000)
  eden space 357376K, 0% used [0x00000000e0000000,0x00000000e0000000,0x00000000f5d00000)
  from space 62976K, 36% used [0x00000000f5d00000,0x00000000f73887b8,0x00000000f9a80000)
  to   space 60416K, 0% used [0x00000000fc500000,0x00000000fc500000,0x0000000100000000)
 ParOldGen       total 193024K, used 101518K [0x00000000a0000000, 0x00000000abc80000, 0x00000000e0000000)
  object space 193024K, 52% used [0x00000000a0000000,0x00000000a6323b90,0x00000000abc80000)
 Metaspace       used 114644K, capacity 120489K, committed 120908K, reserved 1155072K
  class space    used 14407K, capacity 15537K, committed 15744K, reserved 1048576K
}
Event: 5238.782 GC heap before
{Heap before GC invocations=38 (full 4):
 PSYoungGen      total 420352K, used 380449K [0x00000000e0000000, 0x0000000100000000, 0x0000000100000000)
  eden space 357376K, 100% used [0x00000000e0000000,0x00000000f5d00000,0x00000000f5d00000)
  from space 62976K, 36% used [0x00000000f5d00000,0x00000000f73887b8,0x00000000f9a80000)
  to   space 60416K, 0% used [0x00000000fc500000,0x00000000fc500000,0x0000000100000000)
 ParOldGen       total 193024K, used 101518K [0x00000000a0000000, 0x00000000abc80000, 0x00000000e0000000)
  object space 193024K, 52% used [0x00000000a0000000,0x00000000a6323b90,0x00000000abc80000)
 Metaspace       used 115562K, capacity 121737K, committed 122060K, reserved 1155072K
  class space    used 14563K, capacity 15705K, committed 15872K, reserved 1048576K
Event: 5238.824 GC heap after
Heap after GC invocations=38 (full 4):
 PSYoungGen      total 458752K, used 8278K [0x00000000e0000000, 0x00000000ffd80000, 0x0000000100000000)
  eden space 400896K, 0% used [0x00000000e0000000,0x00000000e0000000,0x00000000f8780000)
  from space 57856K, 14% used [0x00000000fc500000,0x00000000fcd159d0,0x00000000ffd80000)
  to   space 60416K, 0% used [0x00000000f8780000,0x00000000f8780000,0x00000000fc280000)
 ParOldGen       total 193024K, used 110311K [0x00000000a0000000, 0x00000000abc80000, 0x00000000e0000000)
  object space 193024K, 57% used [0x00000000a0000000,0x00000000a6bb9db8,0x00000000abc80000)
 Metaspace       used 115562K, capacity 121737K, committed 122060K, reserved 1155072K
  class space    used 14563K, capacity 15705K, committed 15872K, reserved 1048576K
}

Deoptimization events (10 events):
Event: 6223.296 Thread 0x000000001e20e800 Uncommon trap: reason=class_check action=maybe_recompile pc=0x000000000552c590 method=sun.reflect.GeneratedMethodAccessor50.invoke(Ljava/lang/Object;[Ljava/lang/Object;)Ljava/lang/Object; @ 37
Event: 6223.693 Thread 0x000000001e20d000 Uncommon trap: reason=unstable_if action=reinterpret pc=0x000000000418a4c0 method=com.esotericsoftware.kryo.io.Output.writeVarLong(JZ)I @ 55
Event: 6225.576 Thread 0x000000002a53c800 Uncommon trap: reason=class_check action=maybe_recompile pc=0x00000000066a4434 method=com.sun.org.apache.xerces.internal.impl.XMLDocumentFragmentScannerImpl.scanDocument(Z)Z @ 333
Event: 6225.607 Thread 0x000000002a53c800 Uncommon trap: reason=unstable_if action=reinterpret pc=0x00000000066bfa84 method=com.sun.org.apache.xerces.internal.impl.XMLNSDocumentScannerImpl.scanStartElement()Z @ 694
Event: 6225.895 Thread 0x000000002a543800 Uncommon trap: reason=unstable_if action=reinterpret pc=0x0000000004582184 method=java.lang.StrictMath.floorOrCeil(DDDD)D @ 14
Event: 6225.895 Thread 0x000000002a53e000 Uncommon trap: reason=unstable_if action=reinterpret pc=0x0000000004582184 method=java.lang.StrictMath.floorOrCeil(DDDD)D @ 14
Event: 6225.895 Thread 0x000000002a53f000 Uncommon trap: reason=unstable_if action=reinterpret pc=0x0000000004582184 method=java.lang.StrictMath.floorOrCeil(DDDD)D @ 14
Event: 6225.895 Thread 0x000000002a53d800 Uncommon trap: reason=unstable_if action=reinterpret pc=0x0000000004582184 method=java.lang.StrictMath.floorOrCeil(DDDD)D @ 14
Event: 6225.895 Thread 0x000000002a542000 Uncommon trap: reason=unstable_if action=reinterpret pc=0x0000000004582184 method=java.lang.StrictMath.floorOrCeil(DDDD)D @ 14
Event: 6226.335 Thread 0x000000002a540800 Uncommon trap: reason=class_check action=maybe_recompile pc=0x00000000055d47bc method=java.util.stream.MatchOps$MatchOp.evaluateSequential(Ljava/util/stream/PipelineHelper;Ljava/util/Spliterator;)Ljava/lang/Boolean; @ 14

Classes redefined (0 events):
No events

Internal exceptions (10 events):
Event: 5224.357 Thread 0x000000001aa81000 Exception <a 'java/lang/NoSuchMethodError': <clinit>> (0x00000000ed022eb0) thrown at [D:\src\AOSP-openjdk-cygwin\jdk8u\hotspot\src\share\vm\prims\jni.cpp, line 1614]
Event: 5224.395 Thread 0x000000001aa81000 Exception <a 'java/lang/NoSuchMethodError': <clinit>> (0x00000000ed0c5a38) thrown at [D:\src\AOSP-openjdk-cygwin\jdk8u\hotspot\src\share\vm\prims\jni.cpp, line 1614]
Event: 5224.395 Thread 0x000000001aa81000 Exception <a 'java/lang/NoSuchMethodError': <clinit>> (0x00000000ed0c9898) thrown at [D:\src\AOSP-openjdk-cygwin\jdk8u\hotspot\src\share\vm\prims\jni.cpp, line 1614]
Event: 5224.395 Thread 0x000000001aa81000 Exception <a 'java/lang/NoSuchMethodError': <clinit>> (0x00000000ed0cb320) thrown at [D:\src\AOSP-openjdk-cygwin\jdk8u\hotspot\src\share\vm\prims\jni.cpp, line 1614]
Event: 5224.395 Thread 0x000000001aa81000 Exception <a 'java/lang/NoSuchMethodError': <clinit>> (0x00000000ed0cca70) thrown at [D:\src\AOSP-openjdk-cygwin\jdk8u\hotspot\src\share\vm\prims\jni.cpp, line 1614]
Event: 5224.395 Thread 0x000000001aa81000 Exception <a 'java/lang/NoSuchMethodError': <clinit>> (0x00000000ed0ce070) thrown at [D:\src\AOSP-openjdk-cygwin\jdk8u\hotspot\src\share\vm\prims\jni.cpp, line 1614]
Event: 5225.457 Thread 0x000000001aa81000 Exception <a 'sun/nio/fs/WindowsException'> (0x00000000eda5a058) thrown at [D:\src\AOSP-openjdk-cygwin\jdk8u\hotspot\src\share\vm\prims\jni.cpp, line 710]
Event: 5239.139 Thread 0x000000001aa81000 Exception <a 'sun/nio/fs/WindowsException'> (0x00000000e0e6d9d0) thrown at [D:\src\AOSP-openjdk-cygwin\jdk8u\hotspot\src\share\vm\prims\jni.cpp, line 710]
Event: 6223.618 Thread 0x000000001e20e800 Exception <a 'sun/nio/fs/WindowsException'> (0x00000000e2480400) thrown at [D:\src\AOSP-openjdk-cygwin\jdk8u\hotspot\src\share\vm\prims\jni.cpp, line 710]
Event: 6226.359 Thread 0x000000002a53f000 Exception <a 'java/io/IOException'> (0x00000000e77beec0) thrown at [D:\src\AOSP-openjdk-cygwin\jdk8u\hotspot\src\share\vm\prims\jni.cpp, line 710]

Events (10 events):
Event: 6226.334 Executing VM operation: BulkRevokeBias done
Event: 6226.335 Thread 0x000000002a540800 Uncommon trap: trap_request=0xffffffde fr.pc=0x00000000055d47bc
Event: 6226.335 Thread 0x000000002a540800 DEOPT PACKING pc=0x00000000055d47bc sp=0x000000004995c190
Event: 6226.335 Thread 0x000000002a540800 DEOPT UNPACKING pc=0x00000000028c557b sp=0x000000004995c0d8 mode 2
Event: 6226.358 Executing VM operation: RevokeBias
Event: 6226.359 Executing VM operation: RevokeBias done
Event: 6226.359 Thread 0x000000001f1a7800 Thread exited: 0x000000001f1a7800
Event: 6226.359 Executing VM operation: RevokeBias
Event: 6226.359 Executing VM operation: RevokeBias done
Event: 6226.359 Thread 0x000000001f1a0800 Thread exited: 0x000000001f1a0800


Dynamic libraries:
0x00007ff60e7a0000 - 0x00007ff60e7d1000 	C:\Program Files\Android\Android Studio\jre\bin\java.exe
0x00007ffa9b620000 - 0x00007ffa9b7f1000 	C:\Windows\SYSTEM32\ntdll.dll
0x00007ffa9b400000 - 0x00007ffa9b4ab000 	C:\Windows\System32\KERNEL32.DLL
0x00007ffa97fa0000 - 0x00007ffa981bd000 	C:\Windows\System32\KERNELBASE.dll
0x00007ffa994f0000 - 0x00007ffa99592000 	C:\Windows\System32\ADVAPI32.dll
0x00007ffa99450000 - 0x00007ffa994ee000 	C:\Windows\System32\msvcrt.dll
0x00007ffa98f50000 - 0x00007ffa98fa9000 	C:\Windows\System32\sechost.dll
0x00007ffa98d10000 - 0x00007ffa98e31000 	C:\Windows\System32\RPCRT4.dll
0x00007ffa9b4b0000 - 0x00007ffa9b615000 	C:\Windows\System32\USER32.dll
0x00007ffa98950000 - 0x00007ffa9896e000 	C:\Windows\System32\win32u.dll
0x00007ffa99750000 - 0x00007ffa99784000 	C:\Windows\System32\GDI32.dll
0x00007ffa98a20000 - 0x00007ffa98ba2000 	C:\Windows\System32\gdi32full.dll
0x00007ffa8b4a0000 - 0x00007ffa8b719000 	C:\Windows\WinSxS\amd64_microsoft.windows.common-controls_6595b64144ccf1df_6.0.14393.447_none_42191651c6827bb3\COMCTL32.dll
0x00007ffa990b0000 - 0x00007ffa99377000 	C:\Windows\System32\combase.dll
0x00007ffa97c60000 - 0x00007ffa97d55000 	C:\Windows\System32\ucrtbase.dll
0x00007ffa97d60000 - 0x00007ffa97dca000 	C:\Windows\System32\bcryptPrimitives.dll
0x00007ffa98f00000 - 0x00007ffa98f2e000 	C:\Windows\System32\IMM32.DLL
0x00000000628e0000 - 0x00000000629b2000 	C:\Program Files\Android\Android Studio\jre\jre\bin\msvcr100.dll
0x00000000629c0000 - 0x0000000063206000 	C:\Program Files\Android\Android Studio\jre\jre\bin\server\jvm.dll
0x00007ffa98e40000 - 0x00007ffa98e48000 	C:\Windows\System32\PSAPI.DLL
0x00007ffa95a90000 - 0x00007ffa95a99000 	C:\Windows\SYSTEM32\WSOCK32.dll
0x00007ffa95990000 - 0x00007ffa959b3000 	C:\Windows\SYSTEM32\WINMM.dll
0x00007ffa94860000 - 0x00007ffa9486a000 	C:\Windows\SYSTEM32\VERSION.dll
0x00007ffa995a0000 - 0x00007ffa9960a000 	C:\Windows\System32\WS2_32.dll
0x00007ffa958f0000 - 0x00007ffa9591b000 	C:\Windows\SYSTEM32\WINMMBASE.dll
0x00007ffa97b70000 - 0x00007ffa97bb2000 	C:\Windows\System32\cfgmgr32.dll
0x00007ffa94c20000 - 0x00007ffa94c2f000 	C:\Program Files\Android\Android Studio\jre\jre\bin\verify.dll
0x00007ffa91660000 - 0x00007ffa91689000 	C:\Program Files\Android\Android Studio\jre\jre\bin\java.dll
0x00007ffa93240000 - 0x00007ffa93256000 	C:\Program Files\Android\Android Studio\jre\jre\bin\zip.dll
0x00007ffa99bc0000 - 0x00007ffa9b0c9000 	C:\Windows\System32\SHELL32.dll
0x00007ffa98270000 - 0x00007ffa9894a000 	C:\Windows\System32\windows.storage.dll
0x00007ffa97ac0000 - 0x00007ffa97b0c000 	C:\Windows\System32\powrprof.dll
0x00007ffa9b0d0000 - 0x00007ffa9b122000 	C:\Windows\System32\shlwapi.dll
0x00007ffa97a80000 - 0x00007ffa97a8f000 	C:\Windows\System32\kernel.appcore.dll
0x00007ffa98970000 - 0x00007ffa98a19000 	C:\Windows\System32\shcore.dll
0x00007ffa97aa0000 - 0x00007ffa97ab4000 	C:\Windows\System32\profapi.dll
0x00007ffa90ef0000 - 0x00007ffa90f0a000 	C:\Program Files\Android\Android Studio\jre\jre\bin\net.dll
0x00007ffa972e0000 - 0x00007ffa9733c000 	C:\Windows\system32\mswsock.dll
0x00007ffa90e80000 - 0x00007ffa90e91000 	C:\Program Files\Android\Android Studio\jre\jre\bin\nio.dll
0x00007ffa8ccb0000 - 0x00007ffa8ccd6000 	C:\Users\ROHIT\.gradle\native\29\windows-amd64\native-platform.dll
0x00007ffa94440000 - 0x00007ffa9444d000 	C:\Program Files\Android\Android Studio\jre\jre\bin\management.dll
0x00007ffa97550000 - 0x00007ffa97567000 	C:\Windows\SYSTEM32\CRYPTSP.dll
0x00007ffa97460000 - 0x00007ffa97493000 	C:\Windows\system32\rsaenh.dll
0x00007ffa97660000 - 0x00007ffa9768b000 	C:\Windows\SYSTEM32\bcrypt.dll
0x00007ffa97160000 - 0x00007ffa9717f000 	C:\Windows\SYSTEM32\USERENV.dll
0x00007ffa97570000 - 0x00007ffa9757b000 	C:\Windows\SYSTEM32\CRYPTBASE.dll
0x00007ffa97070000 - 0x00007ffa970a8000 	C:\Windows\SYSTEM32\IPHLPAPI.DLL
0x00007ffa9b1f0000 - 0x00007ffa9b1f8000 	C:\Windows\System32\NSI.dll
0x00007ffa8bd00000 - 0x00007ffa8bd16000 	C:\Windows\SYSTEM32\dhcpcsvc6.DLL
0x00007ffa94610000 - 0x00007ffa9462a000 	C:\Windows\SYSTEM32\dhcpcsvc.DLL
0x00007ffa6a380000 - 0x00007ffa6a51c000 	C:\Program Files\Android\Android Studio\jre\jre\bin\awt.dll
0x00007ffa9b130000 - 0x00007ffa9b1ef000 	C:\Windows\System32\OLEAUT32.dll
0x00007ffa97bc0000 - 0x00007ffa97c5c000 	C:\Windows\System32\msvcp_win.dll
0x00007ffa95680000 - 0x00007ffa956a6000 	C:\Windows\SYSTEM32\dwmapi.dll
0x00007ffa919b0000 - 0x00007ffa91f0f000 	C:\Windows\SYSTEM32\d2d1.dll
0x00007ffa97dd0000 - 0x00007ffa97f99000 	C:\Windows\System32\CRYPT32.dll
0x00007ffa97a90000 - 0x00007ffa97aa0000 	C:\Windows\System32\MSASN1.dll
0x00007ffa95ff0000 - 0x00007ffa9606a000 	C:\Windows\SYSTEM32\apphelp.dll
0x00007ffa96190000 - 0x00007ffa96225000 	C:\Windows\system32\uxtheme.dll

VM Arguments:
jvm_args: -Xmx1536m -Dfile.encoding=windows-1252 -Duser.country=US -Duser.language=en -Duser.variant 
java_command: org.gradle.launcher.daemon.bootstrap.GradleDaemon 5.4.1
java_class_path (initial): C:\Users\ROHIT\.gradle\wrapper\dists\gradle-5.4.1-all\3221gyojl5jsh0helicew7rwx\gradle-5.4.1\lib\gradle-launcher-5.4.1.jar
Launcher Type: SUN_STANDARD

Environment Variables:
PATH=C:\Windows\system32;C:\Windows;C:\Windows\System32\Wbem;C:\Windows\System32\WindowsPowerShell\v1.0\;C:\Users\ROHIT\AppData\Local\Microsoft\WindowsApps;C:\Users\ROHIT\AppData\Local\atom\bin
USERNAME=ROHIT
OS=Windows_NT
PROCESSOR_IDENTIFIER=Intel64 Family 6 Model 142 Stepping 10, GenuineIntel



---------------  S Y S T E M  ---------------

OS: Windows 10.0 , 64 bit Build 14393 (10.0.14393.0)

CPU:total 8 (initial active 8) (4 cores per cpu, 2 threads per core) family 6 model 142 stepping 10, cmov, cx8, fxsr, mmx, sse, sse2, sse3, ssse3, sse4.1, sse4.2, popcnt, avx, avx2, aes, clmul, erms, 3dnowpref, lzcnt, ht, tsc, tscinvbit, bmi1, bmi2, adx

Memory: 4k page, physical 8295652k(693996k free), swap 33461476k(12768k free)

vm_info: OpenJDK 64-Bit Server VM (25.202-b03) for windows-amd64 JRE (1.8.0_202-release-1483-b03), built by "builder" with MS VC++ 10.0 (VS2010)

time: Sun Apr 26 06:43:17 2020
timezone: Pacific Daylight Time
elapsed time: 6227 seconds (0d 1h 43m 47s)

